<?xml version="1.0" encoding="utf-8"?>
<TestRun id="6a66d203-ede1-481f-b748-bb468796c61e" name="mario@DESKTOP-C64836I 2025-11-14 22:26:19" runUser="DESKTOP-C64836I\mario" xmlns="http://microsoft.com/schemas/VisualStudio/TeamTest/2010">
  <Times creation="2025-11-14T22:26:19.6405552+01:00" queuing="2025-11-14T22:26:19.6405557+01:00" start="2025-11-14T22:26:16.6131255+01:00" finish="2025-11-14T22:26:21.1960819+01:00" />
  <TestSettings name="default" id="991620ac-b08f-4847-8d49-a7cd56a426bb">
    <Deployment runDeploymentRoot="mario_DESKTOP-C64836I_2025-11-14_22_26_19" />
  </TestSettings>
  <Results>
    <UnitTestResult executionId="e01787b4-d1d3-4b25-9707-d982e299c79e" testId="e3a2c054-f3b5-58a9-b9f6-111b07136d0a" testName="ProcessCsvBlobTrigger.Core.Tests.Processors.CsvProcessorTests.ProcessCsvAsync_LoggingServiceThrowsException_HandlesGracefully" computerName="DESKTOP-C64836I" duration="00:00:00.0077254" startTime="2025-11-14T22:26:19.7380601+01:00" endTime="2025-11-14T22:26:19.7380604+01:00" testType="13cdc9d9-ddb5-4fa4-a97d-d965ccfc6d4b" outcome="Passed" testListId="8c84fa94-04c1-424b-9868-57a2d4851a1d" relativeResultsDirectory="e01787b4-d1d3-4b25-9707-d982e299c79e" />
    <UnitTestResult executionId="26e9457a-edbd-442b-be5e-061192d94623" testId="14151e32-deae-7245-8079-4bfeb3da5d9b" testName="ProcessCsvBlobTrigger.Core.Tests.Services.CsvProcessingServiceTests.CreateChunks_WithEmptyRecords_ReturnsEmptyChunks" computerName="DESKTOP-C64836I" duration="00:00:00.0005641" startTime="2025-11-14T22:26:19.5887152+01:00" endTime="2025-11-14T22:26:19.5887154+01:00" testType="13cdc9d9-ddb5-4fa4-a97d-d965ccfc6d4b" outcome="Passed" testListId="8c84fa94-04c1-424b-9868-57a2d4851a1d" relativeResultsDirectory="26e9457a-edbd-442b-be5e-061192d94623" />
    <UnitTestResult executionId="7e49d6d2-3fdb-485c-b897-e717f1b2eedc" testId="237424e1-710f-7317-0222-bcf16ff18196" testName="ProcessCsvBlobTrigger.Core.Tests.Services.LoggingServiceTests.LogAsync_DatabaseFailure_DoesNotThrow" computerName="DESKTOP-C64836I" duration="00:00:00.0223737" startTime="2025-11-14T22:26:20.4318771+01:00" endTime="2025-11-14T22:26:20.4318774+01:00" testType="13cdc9d9-ddb5-4fa4-a97d-d965ccfc6d4b" outcome="Passed" testListId="8c84fa94-04c1-424b-9868-57a2d4851a1d" relativeResultsDirectory="7e49d6d2-3fdb-485c-b897-e717f1b2eedc" />
    <UnitTestResult executionId="3dc8649c-9d21-487b-a919-a9ad265782b8" testId="f712aff6-b880-9cdd-ef28-9276311b592c" testName="ProcessCsvBlobTrigger.Core.Tests.Processors.CsvProcessorTests.ProcessCsvAsync_EmptyCsv_ReturnsSuccessWithZeroRecords" computerName="DESKTOP-C64836I" duration="00:00:00.0015416" startTime="2025-11-14T22:26:19.7519293+01:00" endTime="2025-11-14T22:26:19.7519297+01:00" testType="13cdc9d9-ddb5-4fa4-a97d-d965ccfc6d4b" outcome="Passed" testListId="8c84fa94-04c1-424b-9868-57a2d4851a1d" relativeResultsDirectory="3dc8649c-9d21-487b-a919-a9ad265782b8" />
    <UnitTestResult executionId="8fa3d45c-d080-4d4c-a1d1-aaea30c511a4" testId="7189cdbb-26e6-1188-3b5a-99446cbb0818" testName="ProcessCsvBlobTrigger.Core.Tests.Services.CsvProcessingServiceTests.CreateChunks_RecordsWithoutId_ExcludesFromChunks" computerName="DESKTOP-C64836I" duration="00:00:00.0003999" startTime="2025-11-14T22:26:19.6017824+01:00" endTime="2025-11-14T22:26:19.6017826+01:00" testType="13cdc9d9-ddb5-4fa4-a97d-d965ccfc6d4b" outcome="Passed" testListId="8c84fa94-04c1-424b-9868-57a2d4851a1d" relativeResultsDirectory="8fa3d45c-d080-4d4c-a1d1-aaea30c511a4" />
    <UnitTestResult executionId="d7a26c7b-0040-4603-ac0d-8a7067d0b243" testId="bc5d880c-54f3-bcc5-7fbb-701c93c8718c" testName="ProcessCsvBlobTrigger.Core.Tests.Services.LoggingServiceTests.LogAsync_WithNullDetails_LogsWithoutDetails" computerName="DESKTOP-C64836I" duration="00:00:00.0017874" startTime="2025-11-14T22:26:20.5057438+01:00" endTime="2025-11-14T22:26:20.5057443+01:00" testType="13cdc9d9-ddb5-4fa4-a97d-d965ccfc6d4b" outcome="Passed" testListId="8c84fa94-04c1-424b-9868-57a2d4851a1d" relativeResultsDirectory="d7a26c7b-0040-4603-ac0d-8a7067d0b243" />
    <UnitTestResult executionId="a42e83b6-ec07-4913-aeba-6c36ddbd204a" testId="c1c02c32-581a-abb7-14bd-b5d813cb54b0" testName="ProcessCsvBlobTrigger.Core.Tests.Processors.CsvProcessorTests.ProcessCsvAsync_ProcessingError_ReturnsFailure" computerName="DESKTOP-C64836I" duration="00:00:00.0027989" startTime="2025-11-14T22:26:19.7162851+01:00" endTime="2025-11-14T22:26:19.7162856+01:00" testType="13cdc9d9-ddb5-4fa4-a97d-d965ccfc6d4b" outcome="Passed" testListId="8c84fa94-04c1-424b-9868-57a2d4851a1d" relativeResultsDirectory="a42e83b6-ec07-4913-aeba-6c36ddbd204a" />
    <UnitTestResult executionId="366a7237-672f-431c-929f-da4e9e941adc" testId="92bb14d4-f940-1dd3-b0df-b2d542fc38bb" testName="ProcessCsvBlobTrigger.Core.Tests.Services.LoggingServiceAdapterTests.LogAsync_WithoutContext_LogsToLogger" computerName="DESKTOP-C64836I" duration="00:00:00.1403772" startTime="2025-11-14T22:26:19.6408791+01:00" endTime="2025-11-14T22:26:19.6408794+01:00" testType="13cdc9d9-ddb5-4fa4-a97d-d965ccfc6d4b" outcome="Passed" testListId="8c84fa94-04c1-424b-9868-57a2d4851a1d" relativeResultsDirectory="366a7237-672f-431c-929f-da4e9e941adc" />
    <UnitTestResult executionId="4f3eb36b-5b68-42ea-87b8-717281698425" testId="58ba8fdd-9e1f-32ef-d7ad-177dd3283bbe" testName="ProcessCsvBlobTrigger.Core.Tests.Services.LoggingServiceAdapterTests.LogAsync_WithCancellationToken_RespectsCancellation" computerName="DESKTOP-C64836I" duration="00:00:00.0034874" startTime="2025-11-14T22:26:20.5118725+01:00" endTime="2025-11-14T22:26:20.5118728+01:00" testType="13cdc9d9-ddb5-4fa4-a97d-d965ccfc6d4b" outcome="Passed" testListId="8c84fa94-04c1-424b-9868-57a2d4851a1d" relativeResultsDirectory="4f3eb36b-5b68-42ea-87b8-717281698425" />
    <UnitTestResult executionId="c49c13af-5151-4eca-8b01-20453258cd85" testId="3c4ee524-9655-7028-b3ca-4678683564a5" testName="ProcessCsvBlobTrigger.Core.Tests.Services.LoggingServiceAdapterTests.LogAsync_DatabaseFailure_FallsBackToLogger" computerName="DESKTOP-C64836I" duration="00:00:00.0040464" startTime="2025-11-14T22:26:20.5256192+01:00" endTime="2025-11-14T22:26:20.5256194+01:00" testType="13cdc9d9-ddb5-4fa4-a97d-d965ccfc6d4b" outcome="Passed" testListId="8c84fa94-04c1-424b-9868-57a2d4851a1d" relativeResultsDirectory="c49c13af-5151-4eca-8b01-20453258cd85" />
    <UnitTestResult executionId="b491d356-9b58-4cee-a87a-10fdc427267c" testId="e8616c2f-04f7-19c8-ffa2-cd478beca702" testName="ProcessCsvBlobTrigger.Core.Tests.Interfaces.ProcessingResultTests.Failure_WithErrorMessageOnly_CreatesFailureResult" computerName="DESKTOP-C64836I" duration="00:00:00.0002289" startTime="2025-11-14T22:26:19.5391437+01:00" endTime="2025-11-14T22:26:19.5391440+01:00" testType="13cdc9d9-ddb5-4fa4-a97d-d965ccfc6d4b" outcome="Passed" testListId="8c84fa94-04c1-424b-9868-57a2d4851a1d" relativeResultsDirectory="b491d356-9b58-4cee-a87a-10fdc427267c" />
    <UnitTestResult executionId="554e35cc-636a-4ffc-9f9e-4f00f46bf4f7" testId="afeb89df-c0bf-8388-0828-d20b0d5f10ee" testName="ProcessCsvBlobTrigger.Core.Tests.Services.CsvProcessingServiceTests.ParseCsv_OnlyHeaders_ReturnsEmptyList" computerName="DESKTOP-C64836I" duration="00:00:00.0161219" startTime="2025-11-14T22:26:19.5215888+01:00" endTime="2025-11-14T22:26:19.5217282+01:00" testType="13cdc9d9-ddb5-4fa4-a97d-d965ccfc6d4b" outcome="Passed" testListId="8c84fa94-04c1-424b-9868-57a2d4851a1d" relativeResultsDirectory="554e35cc-636a-4ffc-9f9e-4f00f46bf4f7" />
    <UnitTestResult executionId="d173cce3-6887-4396-a5db-e4502b97ed57" testId="eb492079-2fdf-5aa4-cbe1-acef3b3306dc" testName="ProcessCsvBlobTrigger.Core.Tests.Processors.CsvProcessorTests.ProcessCsvAsync_WithCancellationToken_RespectsCancellation" computerName="DESKTOP-C64836I" duration="00:00:00.0010026" startTime="2025-11-14T22:26:19.7433886+01:00" endTime="2025-11-14T22:26:19.7433888+01:00" testType="13cdc9d9-ddb5-4fa4-a97d-d965ccfc6d4b" outcome="Passed" testListId="8c84fa94-04c1-424b-9868-57a2d4851a1d" relativeResultsDirectory="d173cce3-6887-4396-a5db-e4502b97ed57" />
    <UnitTestResult executionId="0cb14636-8a56-4930-bb80-159d64573b27" testId="3c7d87b7-acc5-efc7-6edd-22a5a5730365" testName="ProcessCsvBlobTrigger.Core.Tests.Services.CsvProcessingServiceTests.ParseCsv_WithMissingValues_FillsWithEmptyString" computerName="DESKTOP-C64836I" duration="00:00:00.0045465" startTime="2025-11-14T22:26:19.5398052+01:00" endTime="2025-11-14T22:26:19.5398054+01:00" testType="13cdc9d9-ddb5-4fa4-a97d-d965ccfc6d4b" outcome="Passed" testListId="8c84fa94-04c1-424b-9868-57a2d4851a1d" relativeResultsDirectory="0cb14636-8a56-4930-bb80-159d64573b27" />
    <UnitTestResult executionId="94ca5175-0297-4507-b578-612ff3a564a6" testId="8736b63c-f968-5aff-855b-76925d34d7f0" testName="ProcessCsvBlobTrigger.Core.Tests.Services.CsvProcessingServiceTests.CreateChunks_WithNullRecords_ThrowsException" computerName="DESKTOP-C64836I" duration="00:00:00.0010521" startTime="2025-11-14T22:26:19.6007655+01:00" endTime="2025-11-14T22:26:19.6007656+01:00" testType="13cdc9d9-ddb5-4fa4-a97d-d965ccfc6d4b" outcome="Passed" testListId="8c84fa94-04c1-424b-9868-57a2d4851a1d" relativeResultsDirectory="94ca5175-0297-4507-b578-612ff3a564a6" />
    <UnitTestResult executionId="d6ffbfcb-f970-4d3b-b7f2-6e98385cd31e" testId="62957e48-67df-0988-3f57-3bc105c2a7b8" testName="ProcessCsvBlobTrigger.Core.Tests.Processors.CsvProcessorTests.ProcessCsvAsync_LoggerThrowsException_HandlesGracefully" computerName="DESKTOP-C64836I" duration="00:00:00.0096380" startTime="2025-11-14T22:26:19.7260721+01:00" endTime="2025-11-14T22:26:19.7260724+01:00" testType="13cdc9d9-ddb5-4fa4-a97d-d965ccfc6d4b" outcome="Passed" testListId="8c84fa94-04c1-424b-9868-57a2d4851a1d" relativeResultsDirectory="d6ffbfcb-f970-4d3b-b7f2-6e98385cd31e" />
    <UnitTestResult executionId="777e202c-2d36-43ea-bbf1-f0ec2f195267" testId="0ca7e333-3a0e-171d-ecba-ad9588f818a1" testName="ProcessCsvBlobTrigger.Core.Tests.Services.DataServiceAdapterTests.EnsureDatabaseCreatedAsync_WithValidContext_CreatesDatabase" computerName="DESKTOP-C64836I" duration="00:00:00.0042012" startTime="2025-11-14T22:26:20.5330424+01:00" endTime="2025-11-14T22:26:20.5330426+01:00" testType="13cdc9d9-ddb5-4fa4-a97d-d965ccfc6d4b" outcome="Passed" testListId="8c84fa94-04c1-424b-9868-57a2d4851a1d" relativeResultsDirectory="777e202c-2d36-43ea-bbf1-f0ec2f195267" />
    <UnitTestResult executionId="1960dd5d-2923-4801-8125-178f554db327" testId="c21c89d2-a7b0-d326-de81-c89b39d9b551" testName="ProcessCsvBlobTrigger.Core.Tests.Processors.CsvProcessorTests.ProcessCsvAsync_ChunkCreationError_ReturnsFailure" computerName="DESKTOP-C64836I" duration="00:00:00.0227721" startTime="2025-11-14T22:26:19.6823970+01:00" endTime="2025-11-14T22:26:19.6823973+01:00" testType="13cdc9d9-ddb5-4fa4-a97d-d965ccfc6d4b" outcome="Passed" testListId="8c84fa94-04c1-424b-9868-57a2d4851a1d" relativeResultsDirectory="1960dd5d-2923-4801-8125-178f554db327" />
    <UnitTestResult executionId="03f7cfbf-b040-4ed2-9d2b-f24c91ebf673" testId="61a8a050-a98e-a07e-9f79-a2fbeb3ecbbf" testName="ProcessCsvBlobTrigger.Core.Tests.Services.DataServiceAdapterTests.ProcessChunksAsync_WithValidChunks_InsertsData" computerName="DESKTOP-C64836I" duration="00:00:00.0042750" startTime="2025-11-14T22:26:20.5228151+01:00" endTime="2025-11-14T22:26:20.5228163+01:00" testType="13cdc9d9-ddb5-4fa4-a97d-d965ccfc6d4b" outcome="Passed" testListId="8c84fa94-04c1-424b-9868-57a2d4851a1d" relativeResultsDirectory="03f7cfbf-b040-4ed2-9d2b-f24c91ebf673" />
    <UnitTestResult executionId="b872e5a1-6c19-439c-b5ad-bbe039f5d492" testId="d83d9b2d-8ca8-4d4b-9919-af7972cf1502" testName="ProcessCsvBlobTrigger.Core.Tests.Services.DataServiceAdapterTests.ProcessChunksAsync_WithNullChunks_DoesNotThrow" computerName="DESKTOP-C64836I" duration="00:00:00.0025407" startTime="2025-11-14T22:26:20.5287071+01:00" endTime="2025-11-14T22:26:20.5287073+01:00" testType="13cdc9d9-ddb5-4fa4-a97d-d965ccfc6d4b" outcome="Passed" testListId="8c84fa94-04c1-424b-9868-57a2d4851a1d" relativeResultsDirectory="b872e5a1-6c19-439c-b5ad-bbe039f5d492" />
    <UnitTestResult executionId="2f400a4f-1ad3-4c32-94c8-e8c243e517f2" testId="6ebc215c-7667-df10-a807-db0a9ca941f7" testName="ProcessCsvBlobTrigger.Core.Tests.Services.LoggingServiceAdapterTests.LogAsync_WithContext_LogsToDatabase" computerName="DESKTOP-C64836I" duration="00:00:00.0088684" startTime="2025-11-14T22:26:20.5082299+01:00" endTime="2025-11-14T22:26:20.5082302+01:00" testType="13cdc9d9-ddb5-4fa4-a97d-d965ccfc6d4b" outcome="Passed" testListId="8c84fa94-04c1-424b-9868-57a2d4851a1d" relativeResultsDirectory="2f400a4f-1ad3-4c32-94c8-e8c243e517f2" />
    <UnitTestResult executionId="8ad8f84c-807a-4987-9b60-1b3ac4d1370c" testId="f19871de-b1b1-9cba-9899-1a7f8fded4d7" testName="ProcessCsvBlobTrigger.Core.Tests.Processors.CsvProcessorTests.ProcessCsvAsync_ExceptionWithLongStackTrace_TruncatesStackTrace" computerName="DESKTOP-C64836I" duration="00:00:00.0021947" startTime="2025-11-14T22:26:19.7457410+01:00" endTime="2025-11-14T22:26:19.7457415+01:00" testType="13cdc9d9-ddb5-4fa4-a97d-d965ccfc6d4b" outcome="Passed" testListId="8c84fa94-04c1-424b-9868-57a2d4851a1d" relativeResultsDirectory="8ad8f84c-807a-4987-9b60-1b3ac4d1370c" />
    <UnitTestResult executionId="f0c68032-562d-4110-b1c5-25764aaaec8a" testId="3fc2190e-6ec7-7ae6-eb97-a226d8437d93" testName="ProcessCsvBlobTrigger.Core.Tests.Services.DataServiceAdapterTests.EnsureDatabaseCreatedAsync_WithNullContext_ThrowsException" computerName="DESKTOP-C64836I" duration="00:00:00.1037576" startTime="2025-11-14T22:26:19.6041648+01:00" endTime="2025-11-14T22:26:19.6041652+01:00" testType="13cdc9d9-ddb5-4fa4-a97d-d965ccfc6d4b" outcome="Passed" testListId="8c84fa94-04c1-424b-9868-57a2d4851a1d" relativeResultsDirectory="f0c68032-562d-4110-b1c5-25764aaaec8a" />
    <UnitTestResult executionId="fc85c292-dc26-4c4f-97cd-0afcb47d8f11" testId="7d69da49-7f91-e29f-5cfe-038ad49eaba0" testName="ProcessCsvBlobTrigger.Core.Tests.Services.LoggingServiceTests.LogBatchAsync_WithEmptyList_DoesNotThrow" computerName="DESKTOP-C64836I" duration="00:00:00.0029088" startTime="2025-11-14T22:26:20.5037143+01:00" endTime="2025-11-14T22:26:20.5037149+01:00" testType="13cdc9d9-ddb5-4fa4-a97d-d965ccfc6d4b" outcome="Passed" testListId="8c84fa94-04c1-424b-9868-57a2d4851a1d" relativeResultsDirectory="fc85c292-dc26-4c4f-97cd-0afcb47d8f11" />
    <UnitTestResult executionId="c78496c3-e43b-4b27-a82b-afa8eb7a6f59" testId="db5d2e57-e82d-2131-f47e-5949ef75f3d2" testName="ProcessCsvBlobTrigger.Core.Tests.Services.CsvProcessingServiceTests.ParseCsv_WithQuotedValues_HandlesQuotes" computerName="DESKTOP-C64836I" duration="00:00:00.0002578" startTime="2025-11-14T22:26:19.5905565+01:00" endTime="2025-11-14T22:26:19.5905568+01:00" testType="13cdc9d9-ddb5-4fa4-a97d-d965ccfc6d4b" outcome="Passed" testListId="8c84fa94-04c1-424b-9868-57a2d4851a1d" relativeResultsDirectory="c78496c3-e43b-4b27-a82b-afa8eb7a6f59" />
    <UnitTestResult executionId="7e952817-691f-4e3f-bfd4-eda7c195bedc" testId="74d72e77-8c60-4861-d286-c867b0460289" testName="ProcessCsvBlobTrigger.Core.Tests.Services.CsvProcessingServiceTests.ParseCsv_WithOnlyWhitespace_ReturnsEmptyList" computerName="DESKTOP-C64836I" duration="00:00:00.0001229" startTime="2025-11-14T22:26:19.5920877+01:00" endTime="2025-11-14T22:26:19.5920878+01:00" testType="13cdc9d9-ddb5-4fa4-a97d-d965ccfc6d4b" outcome="Passed" testListId="8c84fa94-04c1-424b-9868-57a2d4851a1d" relativeResultsDirectory="7e952817-691f-4e3f-bfd4-eda7c195bedc" />
    <UnitTestResult executionId="d04022c8-8f4b-4fab-8d96-8ddd88ff4572" testId="3983da57-7be5-724e-1da8-3e02f314a47c" testName="ProcessCsvBlobTrigger.Core.Tests.Services.CsvProcessingServiceTests.CreateChunks_MoreThan100Records_CreatesMultipleChunks" computerName="DESKTOP-C64836I" duration="00:00:00.0009050" startTime="2025-11-14T22:26:19.5998886+01:00" endTime="2025-11-14T22:26:19.5998889+01:00" testType="13cdc9d9-ddb5-4fa4-a97d-d965ccfc6d4b" outcome="Passed" testListId="8c84fa94-04c1-424b-9868-57a2d4851a1d" relativeResultsDirectory="d04022c8-8f4b-4fab-8d96-8ddd88ff4572" />
    <UnitTestResult executionId="6ef1495a-831d-416f-9606-953382c54dde" testId="72640ea2-2c6b-fc25-263d-37cb47888e6d" testName="ProcessCsvBlobTrigger.Core.Tests.Services.DataServiceAdapterTests.ProcessChunksAsync_WithEmptyChunk_SkipsEmptyChunk" computerName="DESKTOP-C64836I" duration="00:00:00.8033929" startTime="2025-11-14T22:26:20.4087168+01:00" endTime="2025-11-14T22:26:20.4087170+01:00" testType="13cdc9d9-ddb5-4fa4-a97d-d965ccfc6d4b" outcome="Passed" testListId="8c84fa94-04c1-424b-9868-57a2d4851a1d" relativeResultsDirectory="6ef1495a-831d-416f-9606-953382c54dde" />
    <UnitTestResult executionId="c24441f3-39ad-4805-8255-44ac5f93df01" testId="11587d91-4107-723e-fb0a-3cb17303ad50" testName="ProcessCsvBlobTrigger.Core.Tests.Processors.CsvProcessorTests.ProcessCsvAsync_ExceptionWithNullMessage_HandlesGracefully" computerName="DESKTOP-C64836I" duration="00:00:00.0258186" startTime="2025-11-14T22:26:19.7096295+01:00" endTime="2025-11-14T22:26:19.7096297+01:00" testType="13cdc9d9-ddb5-4fa4-a97d-d965ccfc6d4b" outcome="Passed" testListId="8c84fa94-04c1-424b-9868-57a2d4851a1d" relativeResultsDirectory="c24441f3-39ad-4805-8255-44ac5f93df01" />
    <UnitTestResult executionId="9acb9c6c-1ea3-4620-adaa-aa5fc248ce2a" testId="64076717-ce7d-623e-0340-b9aaeacaaba3" testName="ProcessCsvBlobTrigger.Core.Tests.Services.CsvProcessingServiceTests.CreateChunks_WithInvalidSalary_ParsesAsZero" computerName="DESKTOP-C64836I" duration="00:00:00.0089142" startTime="2025-11-14T22:26:19.5879475+01:00" endTime="2025-11-14T22:26:19.5879478+01:00" testType="13cdc9d9-ddb5-4fa4-a97d-d965ccfc6d4b" outcome="Passed" testListId="8c84fa94-04c1-424b-9868-57a2d4851a1d" relativeResultsDirectory="9acb9c6c-1ea3-4620-adaa-aa5fc248ce2a" />
    <UnitTestResult executionId="f4333e31-536e-47ac-ac83-e285b7e3b6b6" testId="7c7e8dd0-9d05-3532-e052-8a691f51fc76" testName="ProcessCsvBlobTrigger.Core.Tests.Services.LoggingServiceTests.LogAsync_WithValidData_LogsToDatabase" computerName="DESKTOP-C64836I" duration="00:00:00.9071759" startTime="2025-11-14T22:26:20.4082754+01:00" endTime="2025-11-14T22:26:20.4082755+01:00" testType="13cdc9d9-ddb5-4fa4-a97d-d965ccfc6d4b" outcome="Passed" testListId="8c84fa94-04c1-424b-9868-57a2d4851a1d" relativeResultsDirectory="f4333e31-536e-47ac-ac83-e285b7e3b6b6" />
    <UnitTestResult executionId="1302eed7-10f1-4b69-9e7a-52e4c936aae2" testId="dc883e21-1285-42e5-6003-5c5db0b5274e" testName="ProcessCsvBlobTrigger.Core.Tests.Services.CsvProcessingServiceTests.ParseCsv_WithNullInput_ReturnsEmptyList" computerName="DESKTOP-C64836I" duration="00:00:00.0001683" startTime="2025-11-14T22:26:19.6031375+01:00" endTime="2025-11-14T22:26:19.6031379+01:00" testType="13cdc9d9-ddb5-4fa4-a97d-d965ccfc6d4b" outcome="Passed" testListId="8c84fa94-04c1-424b-9868-57a2d4851a1d" relativeResultsDirectory="1302eed7-10f1-4b69-9e7a-52e4c936aae2" />
    <UnitTestResult executionId="2c84c1c0-1728-4ad0-b515-90726c94f5fb" testId="18e81fa4-851d-2863-0e0f-a529dc6bb8fb" testName="ProcessCsvBlobTrigger.Core.Tests.Services.LoggingServiceAdapterTests.LogAsync_WithDifferentLevels_LogsCorrectly" computerName="DESKTOP-C64836I" duration="00:00:00.0094372" startTime="2025-11-14T22:26:20.5214508+01:00" endTime="2025-11-14T22:26:20.5214511+01:00" testType="13cdc9d9-ddb5-4fa4-a97d-d965ccfc6d4b" outcome="Passed" testListId="8c84fa94-04c1-424b-9868-57a2d4851a1d" relativeResultsDirectory="2c84c1c0-1728-4ad0-b515-90726c94f5fb" />
    <UnitTestResult executionId="9c78f1ea-9e90-4b22-aafa-447f688e0853" testId="193a11f6-4b17-d1ef-c250-c0fe4cb25126" testName="ProcessCsvBlobTrigger.Core.Tests.Interfaces.ProcessingResultTests.Failure_WithNullException_CreatesFailureResult" computerName="DESKTOP-C64836I" duration="00:00:00.0003524" startTime="2025-11-14T22:26:19.5380785+01:00" endTime="2025-11-14T22:26:19.5380788+01:00" testType="13cdc9d9-ddb5-4fa4-a97d-d965ccfc6d4b" outcome="Passed" testListId="8c84fa94-04c1-424b-9868-57a2d4851a1d" relativeResultsDirectory="9c78f1ea-9e90-4b22-aafa-447f688e0853" />
    <UnitTestResult executionId="ce3a310f-1953-448b-822b-807b9379cf99" testId="8e51390e-1efa-5daa-8425-b64ef80e5360" testName="ProcessCsvBlobTrigger.Core.Tests.Services.DataServiceAdapterTests.ProcessChunksAsync_WithEmptyChunks_DoesNotThrow" computerName="DESKTOP-C64836I" duration="00:00:00.0413110" startTime="2025-11-14T22:26:20.4491778+01:00" endTime="2025-11-14T22:26:20.4491781+01:00" testType="13cdc9d9-ddb5-4fa4-a97d-d965ccfc6d4b" outcome="Passed" testListId="8c84fa94-04c1-424b-9868-57a2d4851a1d" relativeResultsDirectory="ce3a310f-1953-448b-822b-807b9379cf99" />
    <UnitTestResult executionId="8813a490-94c4-4b1b-a0a2-fdadef8e11d0" testId="a5f190e2-b70f-5d95-d0dd-7f9676a0187c" testName="ProcessCsvBlobTrigger.Core.Tests.Services.DataServiceAdapterTests.ProcessChunksAsync_WithMultipleChunks_ProcessesSequentially" computerName="DESKTOP-C64836I" duration="00:00:00.0035066" startTime="2025-11-14T22:26:20.5265852+01:00" endTime="2025-11-14T22:26:20.5265854+01:00" testType="13cdc9d9-ddb5-4fa4-a97d-d965ccfc6d4b" outcome="Passed" testListId="8c84fa94-04c1-424b-9868-57a2d4851a1d" relativeResultsDirectory="8813a490-94c4-4b1b-a0a2-fdadef8e11d0" />
    <UnitTestResult executionId="acb918b3-10d4-4e22-ba0c-50a9ebc4d0fb" testId="4f5d0bf6-7352-a8df-9ebb-022f5a7d6ade" testName="ProcessCsvBlobTrigger.Core.Tests.Interfaces.ProcessingResultTests.Failure_WithErrorMessage_CreatesFailureResult" computerName="DESKTOP-C64836I" duration="00:00:00.0201592" startTime="2025-11-14T22:26:19.5352261+01:00" endTime="2025-11-14T22:26:19.5352264+01:00" testType="13cdc9d9-ddb5-4fa4-a97d-d965ccfc6d4b" outcome="Passed" testListId="8c84fa94-04c1-424b-9868-57a2d4851a1d" relativeResultsDirectory="acb918b3-10d4-4e22-ba0c-50a9ebc4d0fb" />
    <UnitTestResult executionId="a6bc4c9f-4aaf-4435-a881-a6468bb1a042" testId="77396a42-ca0c-4c2f-1b2b-d8962b421e6e" testName="ProcessCsvBlobTrigger.Core.Tests.Services.CsvProcessingServiceTests.ParseCsv_EmptyContent_ReturnsEmptyList" computerName="DESKTOP-C64836I" duration="00:00:00.0003719" startTime="2025-11-14T22:26:19.5897285+01:00" endTime="2025-11-14T22:26:19.5897293+01:00" testType="13cdc9d9-ddb5-4fa4-a97d-d965ccfc6d4b" outcome="Passed" testListId="8c84fa94-04c1-424b-9868-57a2d4851a1d" relativeResultsDirectory="a6bc4c9f-4aaf-4435-a881-a6468bb1a042" />
    <UnitTestResult executionId="6efe2d39-a6b7-4577-a5ae-414261c8bbd7" testId="edd1ea20-3e82-7852-763f-2bdcd63fa462" testName="ProcessCsvBlobTrigger.Core.Tests.Services.LoggingServiceAdapterTests.LogAsync_WithEmptyMessage_UsesDefaultMessage" computerName="DESKTOP-C64836I" duration="00:00:00.0914051" startTime="2025-11-14T22:26:20.4992342+01:00" endTime="2025-11-14T22:26:20.4992344+01:00" testType="13cdc9d9-ddb5-4fa4-a97d-d965ccfc6d4b" outcome="Passed" testListId="8c84fa94-04c1-424b-9868-57a2d4851a1d" relativeResultsDirectory="6efe2d39-a6b7-4577-a5ae-414261c8bbd7" />
    <UnitTestResult executionId="606e0b71-3907-46ef-b26f-4db7bfe7887d" testId="5219aabb-a4d6-3d14-e2de-9f32a83c3293" testName="ProcessCsvBlobTrigger.Core.Tests.Processors.CsvProcessorTests.ProcessCsvAsync_NullBlobContent_ReturnsFailure" computerName="DESKTOP-C64836I" duration="00:00:00.0012649" startTime="2025-11-14T22:26:19.6836925+01:00" endTime="2025-11-14T22:26:19.6836927+01:00" testType="13cdc9d9-ddb5-4fa4-a97d-d965ccfc6d4b" outcome="Passed" testListId="8c84fa94-04c1-424b-9868-57a2d4851a1d" relativeResultsDirectory="606e0b71-3907-46ef-b26f-4db7bfe7887d" />
    <UnitTestResult executionId="1d4cdbe9-278e-49a7-b949-c3001f0247a7" testId="19385a11-fbb8-d842-4606-0aac7bcf626e" testName="ProcessCsvBlobTrigger.Core.Tests.Processors.CsvProcessorTests.ProcessCsvAsync_ExceptionWithNullStackTrace_HandlesGracefully" computerName="DESKTOP-C64836I" duration="00:00:00.0027039" startTime="2025-11-14T22:26:19.7409007+01:00" endTime="2025-11-14T22:26:19.7409010+01:00" testType="13cdc9d9-ddb5-4fa4-a97d-d965ccfc6d4b" outcome="Passed" testListId="8c84fa94-04c1-424b-9868-57a2d4851a1d" relativeResultsDirectory="1d4cdbe9-278e-49a7-b949-c3001f0247a7" />
    <UnitTestResult executionId="ddcea843-acb4-4585-bb0f-fe83d0195542" testId="15f1b4a6-3114-206b-d21f-1f712f09cf35" testName="ProcessCsvBlobTrigger.Core.Tests.Services.DataServiceAdapterTests.ProcessChunksAsync_WithNullRecordsInChunk_SkipsNullRecords" computerName="DESKTOP-C64836I" duration="00:00:00.0686249" startTime="2025-11-14T22:26:20.5179943+01:00" endTime="2025-11-14T22:26:20.5179947+01:00" testType="13cdc9d9-ddb5-4fa4-a97d-d965ccfc6d4b" outcome="Passed" testListId="8c84fa94-04c1-424b-9868-57a2d4851a1d" relativeResultsDirectory="ddcea843-acb4-4585-bb0f-fe83d0195542" />
    <UnitTestResult executionId="a00baa66-e183-492b-b9b7-51b17e1d5cd1" testId="36be49c6-7ba4-f768-3d0c-7b18ef0fe322" testName="ProcessCsvBlobTrigger.Core.Tests.Services.LoggingServiceAdapterTests.LogAsync_WithNullLevel_UsesUnknown" computerName="DESKTOP-C64836I" duration="00:00:00.7666999" startTime="2025-11-14T22:26:20.4077336+01:00" endTime="2025-11-14T22:26:20.4077341+01:00" testType="13cdc9d9-ddb5-4fa4-a97d-d965ccfc6d4b" outcome="Passed" testListId="8c84fa94-04c1-424b-9868-57a2d4851a1d" relativeResultsDirectory="a00baa66-e183-492b-b9b7-51b17e1d5cd1" />
    <UnitTestResult executionId="c7915c1b-0031-4735-8d0e-1408cbd7a21b" testId="1b0be1bb-7f8c-33c2-9d42-a2bd6446de21" testName="ProcessCsvBlobTrigger.Core.Tests.Processors.CsvProcessorTests.ProcessCsvAsync_NullChunksAfterCreation_ReturnsSuccess" computerName="DESKTOP-C64836I" duration="00:00:00.0039887" startTime="2025-11-14T22:26:19.7301456+01:00" endTime="2025-11-14T22:26:19.7301459+01:00" testType="13cdc9d9-ddb5-4fa4-a97d-d965ccfc6d4b" outcome="Passed" testListId="8c84fa94-04c1-424b-9868-57a2d4851a1d" relativeResultsDirectory="c7915c1b-0031-4735-8d0e-1408cbd7a21b" />
    <UnitTestResult executionId="c83d9cff-8bfb-4d09-a1d1-2f2301c20669" testId="54cbd2c9-2c14-5d7c-788b-55433ddc37c8" testName="ProcessCsvBlobTrigger.Core.Tests.Services.CsvProcessingServiceTests.CreateChunks_WithInvalidAge_ParsesAsZero" computerName="DESKTOP-C64836I" duration="00:00:00.0003908" startTime="2025-11-14T22:26:19.5933110+01:00" endTime="2025-11-14T22:26:19.5933114+01:00" testType="13cdc9d9-ddb5-4fa4-a97d-d965ccfc6d4b" outcome="Passed" testListId="8c84fa94-04c1-424b-9868-57a2d4851a1d" relativeResultsDirectory="c83d9cff-8bfb-4d09-a1d1-2f2301c20669" />
    <UnitTestResult executionId="a9a16028-17fa-45cd-9b76-33dbe80007ec" testId="f6f31c17-f448-96b9-5e0b-4ad05376715a" testName="ProcessCsvBlobTrigger.Core.Tests.Processors.CsvProcessorTests.ProcessCsvAsync_NullBlobName_HandlesGracefully" computerName="DESKTOP-C64836I" duration="00:00:00.1634324" startTime="2025-11-14T22:26:19.6594369+01:00" endTime="2025-11-14T22:26:19.6594372+01:00" testType="13cdc9d9-ddb5-4fa4-a97d-d965ccfc6d4b" outcome="Passed" testListId="8c84fa94-04c1-424b-9868-57a2d4851a1d" relativeResultsDirectory="a9a16028-17fa-45cd-9b76-33dbe80007ec" />
    <UnitTestResult executionId="7c8a85aa-8bdc-4546-9c9b-599961ca6901" testId="128df1f6-2dba-6f9d-2722-acbbb446697a" testName="ProcessCsvBlobTrigger.Core.Tests.Processors.CsvProcessorTests.ProcessCsvAsync_ValidCsv_ReturnsSuccess" computerName="DESKTOP-C64836I" duration="00:00:00.0044666" startTime="2025-11-14T22:26:19.7503101+01:00" endTime="2025-11-14T22:26:19.7503107+01:00" testType="13cdc9d9-ddb5-4fa4-a97d-d965ccfc6d4b" outcome="Passed" testListId="8c84fa94-04c1-424b-9868-57a2d4851a1d" relativeResultsDirectory="7c8a85aa-8bdc-4546-9c9b-599961ca6901" />
    <UnitTestResult executionId="c2e0239c-41ca-4f71-9a68-ddd8a3141328" testId="3351a487-70da-6598-8f8c-1ccace68142e" testName="ProcessCsvBlobTrigger.Core.Tests.Processors.CsvProcessorTests.ProcessCsvAsync_CsvParsingError_ReturnsFailure" computerName="DESKTOP-C64836I" duration="00:00:00.0023253" startTime="2025-11-14T22:26:19.7544119+01:00" endTime="2025-11-14T22:26:19.7544121+01:00" testType="13cdc9d9-ddb5-4fa4-a97d-d965ccfc6d4b" outcome="Passed" testListId="8c84fa94-04c1-424b-9868-57a2d4851a1d" relativeResultsDirectory="c2e0239c-41ca-4f71-9a68-ddd8a3141328" />
    <UnitTestResult executionId="8a18fbb3-209f-4dd6-aaee-578294985fea" testId="a2312269-4b44-2eda-25eb-72409db9a764" testName="ProcessCsvBlobTrigger.Core.Tests.Services.CsvProcessingServiceTests.ParseCsv_ValidCsv_ReturnsRecords" computerName="DESKTOP-C64836I" duration="00:00:00.0003381" startTime="2025-11-14T22:26:19.5873573+01:00" endTime="2025-11-14T22:26:19.5873578+01:00" testType="13cdc9d9-ddb5-4fa4-a97d-d965ccfc6d4b" outcome="Passed" testListId="8c84fa94-04c1-424b-9868-57a2d4851a1d" relativeResultsDirectory="8a18fbb3-209f-4dd6-aaee-578294985fea" />
    <UnitTestResult executionId="d619f7fa-70d2-429b-bfff-82ee1d1ff2e6" testId="c1fdf84b-2a00-7bdd-f38e-e5fa46bad971" testName="ProcessCsvBlobTrigger.Core.Tests.Services.CsvProcessingServiceTests.CreateChunks_ValidRecords_CreatesChunks" computerName="DESKTOP-C64836I" duration="00:00:00.0006826" startTime="2025-11-14T22:26:19.5989990+01:00" endTime="2025-11-14T22:26:19.5989996+01:00" testType="13cdc9d9-ddb5-4fa4-a97d-d965ccfc6d4b" outcome="Passed" testListId="8c84fa94-04c1-424b-9868-57a2d4851a1d" relativeResultsDirectory="d619f7fa-70d2-429b-bfff-82ee1d1ff2e6" />
    <UnitTestResult executionId="eb7b4373-b733-418f-b7fa-793a6ac896e0" testId="3e6e78aa-3677-02ee-e2e3-42029fc906e9" testName="ProcessCsvBlobTrigger.Core.Tests.Services.LoggingServiceTests.LogBatchAsync_WithMultipleLogs_LogsAll" computerName="DESKTOP-C64836I" duration="00:00:00.0702685" startTime="2025-11-14T22:26:20.5006381+01:00" endTime="2025-11-14T22:26:20.5006383+01:00" testType="13cdc9d9-ddb5-4fa4-a97d-d965ccfc6d4b" outcome="Passed" testListId="8c84fa94-04c1-424b-9868-57a2d4851a1d" relativeResultsDirectory="eb7b4373-b733-418f-b7fa-793a6ac896e0" />
    <UnitTestResult executionId="34bd3ee9-c9fb-4ed0-95ed-cfc959eea41f" testId="802ba86f-52f2-b3a4-c4b3-a272a5e45c08" testName="ProcessCsvBlobTrigger.Core.Tests.Services.CsvProcessingServiceTests.ParseCsv_WithWhitespace_TrimsValues" computerName="DESKTOP-C64836I" duration="00:00:00.0003968" startTime="2025-11-14T22:26:19.5864948+01:00" endTime="2025-11-14T22:26:19.5864951+01:00" testType="13cdc9d9-ddb5-4fa4-a97d-d965ccfc6d4b" outcome="Passed" testListId="8c84fa94-04c1-424b-9868-57a2d4851a1d" relativeResultsDirectory="34bd3ee9-c9fb-4ed0-95ed-cfc959eea41f" />
    <UnitTestResult executionId="7803f52f-65c4-466a-b109-90579a3ba404" testId="476c84a2-389c-4852-9d67-b4411a6d5697" testName="ProcessCsvBlobTrigger.Core.Tests.Processors.CsvProcessorTests.ProcessCsvAsync_EmptyChunksAfterCreation_ReturnsSuccess" computerName="DESKTOP-C64836I" duration="00:00:00.0035934" startTime="2025-11-14T22:26:19.7134140+01:00" endTime="2025-11-14T22:26:19.7134143+01:00" testType="13cdc9d9-ddb5-4fa4-a97d-d965ccfc6d4b" outcome="Passed" testListId="8c84fa94-04c1-424b-9868-57a2d4851a1d" relativeResultsDirectory="7803f52f-65c4-466a-b109-90579a3ba404" />
    <UnitTestResult executionId="ec358bf9-f9a8-4d6e-8378-790d818ebbc6" testId="7652f7a4-b779-e119-2d34-df5614761ae9" testName="ProcessCsvBlobTrigger.Core.Tests.Services.CsvProcessingServiceTests.CreateChunks_WithExactly100Records_CreatesSingleChunk" computerName="DESKTOP-C64836I" duration="00:00:00.0011996" startTime="2025-11-14T22:26:19.5911781+01:00" endTime="2025-11-14T22:26:19.5911782+01:00" testType="13cdc9d9-ddb5-4fa4-a97d-d965ccfc6d4b" outcome="Passed" testListId="8c84fa94-04c1-424b-9868-57a2d4851a1d" relativeResultsDirectory="ec358bf9-f9a8-4d6e-8378-790d818ebbc6" />
    <UnitTestResult executionId="130d1fbb-3466-4fb3-8d43-2cfecf62fe30" testId="5b9490ba-fd58-3719-d8c1-946c25f35324" testName="ProcessCsvBlobTrigger.Core.Tests.Services.CsvProcessingServiceTests.CreateChunks_WithInvalidId_ExcludesRecord" computerName="DESKTOP-C64836I" duration="00:00:00.0003101" startTime="2025-11-14T22:26:19.5977078+01:00" endTime="2025-11-14T22:26:19.5977081+01:00" testType="13cdc9d9-ddb5-4fa4-a97d-d965ccfc6d4b" outcome="Passed" testListId="8c84fa94-04c1-424b-9868-57a2d4851a1d" relativeResultsDirectory="130d1fbb-3466-4fb3-8d43-2cfecf62fe30" />
    <UnitTestResult executionId="16831515-71e4-45de-8bc3-3e7c2589c574" testId="7fa69f16-9d63-fc00-9fef-9d262e39b9ae" testName="ProcessCsvBlobTrigger.Core.Tests.Processors.CsvProcessorTests.ProcessCsvAsync_EncodingError_ReturnsFailure" computerName="DESKTOP-C64836I" duration="00:00:00.0013133" startTime="2025-11-14T22:26:19.7423211+01:00" endTime="2025-11-14T22:26:19.7423213+01:00" testType="13cdc9d9-ddb5-4fa4-a97d-d965ccfc6d4b" outcome="Passed" testListId="8c84fa94-04c1-424b-9868-57a2d4851a1d" relativeResultsDirectory="16831515-71e4-45de-8bc3-3e7c2589c574" />
  </Results>
  <TestDefinitions>
    <UnitTest name="ProcessCsvBlobTrigger.Core.Tests.Services.CsvProcessingServiceTests.CreateChunks_WithEmptyRecords_ReturnsEmptyChunks" storage="c:\users\mario\infrastructure-as-code\azure-functions\processcsvblobtrigger.core.tests\bin\debug\net8.0\processcsvblobtrigger.core.tests.dll" id="14151e32-deae-7245-8079-4bfeb3da5d9b">
      <Execution id="26e9457a-edbd-442b-be5e-061192d94623" />
      <TestMethod codeBase="C:\Users\mario\infrastructure-as-code\azure-functions\ProcessCsvBlobTrigger.Core.Tests\bin\Debug\net8.0\ProcessCsvBlobTrigger.Core.Tests.dll" adapterTypeName="executor://xunit/VsTestRunner2/netcoreapp" className="ProcessCsvBlobTrigger.Core.Tests.Services.CsvProcessingServiceTests" name="CreateChunks_WithEmptyRecords_ReturnsEmptyChunks" />
    </UnitTest>
    <UnitTest name="ProcessCsvBlobTrigger.Core.Tests.Services.CsvProcessingServiceTests.CreateChunks_ValidRecords_CreatesChunks" storage="c:\users\mario\infrastructure-as-code\azure-functions\processcsvblobtrigger.core.tests\bin\debug\net8.0\processcsvblobtrigger.core.tests.dll" id="c1fdf84b-2a00-7bdd-f38e-e5fa46bad971">
      <Execution id="d619f7fa-70d2-429b-bfff-82ee1d1ff2e6" />
      <TestMethod codeBase="C:\Users\mario\infrastructure-as-code\azure-functions\ProcessCsvBlobTrigger.Core.Tests\bin\Debug\net8.0\ProcessCsvBlobTrigger.Core.Tests.dll" adapterTypeName="executor://xunit/VsTestRunner2/netcoreapp" className="ProcessCsvBlobTrigger.Core.Tests.Services.CsvProcessingServiceTests" name="CreateChunks_ValidRecords_CreatesChunks" />
    </UnitTest>
    <UnitTest name="ProcessCsvBlobTrigger.Core.Tests.Services.DataServiceAdapterTests.ProcessChunksAsync_WithValidChunks_InsertsData" storage="c:\users\mario\infrastructure-as-code\azure-functions\processcsvblobtrigger.core.tests\bin\debug\net8.0\processcsvblobtrigger.core.tests.dll" id="61a8a050-a98e-a07e-9f79-a2fbeb3ecbbf">
      <Execution id="03f7cfbf-b040-4ed2-9d2b-f24c91ebf673" />
      <TestMethod codeBase="C:\Users\mario\infrastructure-as-code\azure-functions\ProcessCsvBlobTrigger.Core.Tests\bin\Debug\net8.0\ProcessCsvBlobTrigger.Core.Tests.dll" adapterTypeName="executor://xunit/VsTestRunner2/netcoreapp" className="ProcessCsvBlobTrigger.Core.Tests.Services.DataServiceAdapterTests" name="ProcessChunksAsync_WithValidChunks_InsertsData" />
    </UnitTest>
    <UnitTest name="ProcessCsvBlobTrigger.Core.Tests.Services.CsvProcessingServiceTests.ParseCsv_OnlyHeaders_ReturnsEmptyList" storage="c:\users\mario\infrastructure-as-code\azure-functions\processcsvblobtrigger.core.tests\bin\debug\net8.0\processcsvblobtrigger.core.tests.dll" id="afeb89df-c0bf-8388-0828-d20b0d5f10ee">
      <Execution id="554e35cc-636a-4ffc-9f9e-4f00f46bf4f7" />
      <TestMethod codeBase="C:\Users\mario\infrastructure-as-code\azure-functions\ProcessCsvBlobTrigger.Core.Tests\bin\Debug\net8.0\ProcessCsvBlobTrigger.Core.Tests.dll" adapterTypeName="executor://xunit/VsTestRunner2/netcoreapp" className="ProcessCsvBlobTrigger.Core.Tests.Services.CsvProcessingServiceTests" name="ParseCsv_OnlyHeaders_ReturnsEmptyList" />
    </UnitTest>
    <UnitTest name="ProcessCsvBlobTrigger.Core.Tests.Services.LoggingServiceTests.LogAsync_DatabaseFailure_DoesNotThrow" storage="c:\users\mario\infrastructure-as-code\azure-functions\processcsvblobtrigger.core.tests\bin\debug\net8.0\processcsvblobtrigger.core.tests.dll" id="237424e1-710f-7317-0222-bcf16ff18196">
      <Execution id="7e49d6d2-3fdb-485c-b897-e717f1b2eedc" />
      <TestMethod codeBase="C:\Users\mario\infrastructure-as-code\azure-functions\ProcessCsvBlobTrigger.Core.Tests\bin\Debug\net8.0\ProcessCsvBlobTrigger.Core.Tests.dll" adapterTypeName="executor://xunit/VsTestRunner2/netcoreapp" className="ProcessCsvBlobTrigger.Core.Tests.Services.LoggingServiceTests" name="LogAsync_DatabaseFailure_DoesNotThrow" />
    </UnitTest>
    <UnitTest name="ProcessCsvBlobTrigger.Core.Tests.Services.CsvProcessingServiceTests.ParseCsv_EmptyContent_ReturnsEmptyList" storage="c:\users\mario\infrastructure-as-code\azure-functions\processcsvblobtrigger.core.tests\bin\debug\net8.0\processcsvblobtrigger.core.tests.dll" id="77396a42-ca0c-4c2f-1b2b-d8962b421e6e">
      <Execution id="a6bc4c9f-4aaf-4435-a881-a6468bb1a042" />
      <TestMethod codeBase="C:\Users\mario\infrastructure-as-code\azure-functions\ProcessCsvBlobTrigger.Core.Tests\bin\Debug\net8.0\ProcessCsvBlobTrigger.Core.Tests.dll" adapterTypeName="executor://xunit/VsTestRunner2/netcoreapp" className="ProcessCsvBlobTrigger.Core.Tests.Services.CsvProcessingServiceTests" name="ParseCsv_EmptyContent_ReturnsEmptyList" />
    </UnitTest>
    <UnitTest name="ProcessCsvBlobTrigger.Core.Tests.Processors.CsvProcessorTests.ProcessCsvAsync_ValidCsv_ReturnsSuccess" storage="c:\users\mario\infrastructure-as-code\azure-functions\processcsvblobtrigger.core.tests\bin\debug\net8.0\processcsvblobtrigger.core.tests.dll" id="128df1f6-2dba-6f9d-2722-acbbb446697a">
      <Execution id="7c8a85aa-8bdc-4546-9c9b-599961ca6901" />
      <TestMethod codeBase="C:\Users\mario\infrastructure-as-code\azure-functions\ProcessCsvBlobTrigger.Core.Tests\bin\Debug\net8.0\ProcessCsvBlobTrigger.Core.Tests.dll" adapterTypeName="executor://xunit/VsTestRunner2/netcoreapp" className="ProcessCsvBlobTrigger.Core.Tests.Processors.CsvProcessorTests" name="ProcessCsvAsync_ValidCsv_ReturnsSuccess" />
    </UnitTest>
    <UnitTest name="ProcessCsvBlobTrigger.Core.Tests.Processors.CsvProcessorTests.ProcessCsvAsync_ExceptionWithLongStackTrace_TruncatesStackTrace" storage="c:\users\mario\infrastructure-as-code\azure-functions\processcsvblobtrigger.core.tests\bin\debug\net8.0\processcsvblobtrigger.core.tests.dll" id="f19871de-b1b1-9cba-9899-1a7f8fded4d7">
      <Execution id="8ad8f84c-807a-4987-9b60-1b3ac4d1370c" />
      <TestMethod codeBase="C:\Users\mario\infrastructure-as-code\azure-functions\ProcessCsvBlobTrigger.Core.Tests\bin\Debug\net8.0\ProcessCsvBlobTrigger.Core.Tests.dll" adapterTypeName="executor://xunit/VsTestRunner2/netcoreapp" className="ProcessCsvBlobTrigger.Core.Tests.Processors.CsvProcessorTests" name="ProcessCsvAsync_ExceptionWithLongStackTrace_TruncatesStackTrace" />
    </UnitTest>
    <UnitTest name="ProcessCsvBlobTrigger.Core.Tests.Services.DataServiceAdapterTests.EnsureDatabaseCreatedAsync_WithNullContext_ThrowsException" storage="c:\users\mario\infrastructure-as-code\azure-functions\processcsvblobtrigger.core.tests\bin\debug\net8.0\processcsvblobtrigger.core.tests.dll" id="3fc2190e-6ec7-7ae6-eb97-a226d8437d93">
      <Execution id="f0c68032-562d-4110-b1c5-25764aaaec8a" />
      <TestMethod codeBase="C:\Users\mario\infrastructure-as-code\azure-functions\ProcessCsvBlobTrigger.Core.Tests\bin\Debug\net8.0\ProcessCsvBlobTrigger.Core.Tests.dll" adapterTypeName="executor://xunit/VsTestRunner2/netcoreapp" className="ProcessCsvBlobTrigger.Core.Tests.Services.DataServiceAdapterTests" name="EnsureDatabaseCreatedAsync_WithNullContext_ThrowsException" />
    </UnitTest>
    <UnitTest name="ProcessCsvBlobTrigger.Core.Tests.Services.CsvProcessingServiceTests.CreateChunks_WithExactly100Records_CreatesSingleChunk" storage="c:\users\mario\infrastructure-as-code\azure-functions\processcsvblobtrigger.core.tests\bin\debug\net8.0\processcsvblobtrigger.core.tests.dll" id="7652f7a4-b779-e119-2d34-df5614761ae9">
      <Execution id="ec358bf9-f9a8-4d6e-8378-790d818ebbc6" />
      <TestMethod codeBase="C:\Users\mario\infrastructure-as-code\azure-functions\ProcessCsvBlobTrigger.Core.Tests\bin\Debug\net8.0\ProcessCsvBlobTrigger.Core.Tests.dll" adapterTypeName="executor://xunit/VsTestRunner2/netcoreapp" className="ProcessCsvBlobTrigger.Core.Tests.Services.CsvProcessingServiceTests" name="CreateChunks_WithExactly100Records_CreatesSingleChunk" />
    </UnitTest>
    <UnitTest name="ProcessCsvBlobTrigger.Core.Tests.Services.DataServiceAdapterTests.ProcessChunksAsync_WithEmptyChunks_DoesNotThrow" storage="c:\users\mario\infrastructure-as-code\azure-functions\processcsvblobtrigger.core.tests\bin\debug\net8.0\processcsvblobtrigger.core.tests.dll" id="8e51390e-1efa-5daa-8425-b64ef80e5360">
      <Execution id="ce3a310f-1953-448b-822b-807b9379cf99" />
      <TestMethod codeBase="C:\Users\mario\infrastructure-as-code\azure-functions\ProcessCsvBlobTrigger.Core.Tests\bin\Debug\net8.0\ProcessCsvBlobTrigger.Core.Tests.dll" adapterTypeName="executor://xunit/VsTestRunner2/netcoreapp" className="ProcessCsvBlobTrigger.Core.Tests.Services.DataServiceAdapterTests" name="ProcessChunksAsync_WithEmptyChunks_DoesNotThrow" />
    </UnitTest>
    <UnitTest name="ProcessCsvBlobTrigger.Core.Tests.Services.DataServiceAdapterTests.ProcessChunksAsync_WithNullRecordsInChunk_SkipsNullRecords" storage="c:\users\mario\infrastructure-as-code\azure-functions\processcsvblobtrigger.core.tests\bin\debug\net8.0\processcsvblobtrigger.core.tests.dll" id="15f1b4a6-3114-206b-d21f-1f712f09cf35">
      <Execution id="ddcea843-acb4-4585-bb0f-fe83d0195542" />
      <TestMethod codeBase="C:\Users\mario\infrastructure-as-code\azure-functions\ProcessCsvBlobTrigger.Core.Tests\bin\Debug\net8.0\ProcessCsvBlobTrigger.Core.Tests.dll" adapterTypeName="executor://xunit/VsTestRunner2/netcoreapp" className="ProcessCsvBlobTrigger.Core.Tests.Services.DataServiceAdapterTests" name="ProcessChunksAsync_WithNullRecordsInChunk_SkipsNullRecords" />
    </UnitTest>
    <UnitTest name="ProcessCsvBlobTrigger.Core.Tests.Services.CsvProcessingServiceTests.ParseCsv_WithQuotedValues_HandlesQuotes" storage="c:\users\mario\infrastructure-as-code\azure-functions\processcsvblobtrigger.core.tests\bin\debug\net8.0\processcsvblobtrigger.core.tests.dll" id="db5d2e57-e82d-2131-f47e-5949ef75f3d2">
      <Execution id="c78496c3-e43b-4b27-a82b-afa8eb7a6f59" />
      <TestMethod codeBase="C:\Users\mario\infrastructure-as-code\azure-functions\ProcessCsvBlobTrigger.Core.Tests\bin\Debug\net8.0\ProcessCsvBlobTrigger.Core.Tests.dll" adapterTypeName="executor://xunit/VsTestRunner2/netcoreapp" className="ProcessCsvBlobTrigger.Core.Tests.Services.CsvProcessingServiceTests" name="ParseCsv_WithQuotedValues_HandlesQuotes" />
    </UnitTest>
    <UnitTest name="ProcessCsvBlobTrigger.Core.Tests.Processors.CsvProcessorTests.ProcessCsvAsync_ChunkCreationError_ReturnsFailure" storage="c:\users\mario\infrastructure-as-code\azure-functions\processcsvblobtrigger.core.tests\bin\debug\net8.0\processcsvblobtrigger.core.tests.dll" id="c21c89d2-a7b0-d326-de81-c89b39d9b551">
      <Execution id="1960dd5d-2923-4801-8125-178f554db327" />
      <TestMethod codeBase="C:\Users\mario\infrastructure-as-code\azure-functions\ProcessCsvBlobTrigger.Core.Tests\bin\Debug\net8.0\ProcessCsvBlobTrigger.Core.Tests.dll" adapterTypeName="executor://xunit/VsTestRunner2/netcoreapp" className="ProcessCsvBlobTrigger.Core.Tests.Processors.CsvProcessorTests" name="ProcessCsvAsync_ChunkCreationError_ReturnsFailure" />
    </UnitTest>
    <UnitTest name="ProcessCsvBlobTrigger.Core.Tests.Services.LoggingServiceAdapterTests.LogAsync_WithContext_LogsToDatabase" storage="c:\users\mario\infrastructure-as-code\azure-functions\processcsvblobtrigger.core.tests\bin\debug\net8.0\processcsvblobtrigger.core.tests.dll" id="6ebc215c-7667-df10-a807-db0a9ca941f7">
      <Execution id="2f400a4f-1ad3-4c32-94c8-e8c243e517f2" />
      <TestMethod codeBase="C:\Users\mario\infrastructure-as-code\azure-functions\ProcessCsvBlobTrigger.Core.Tests\bin\Debug\net8.0\ProcessCsvBlobTrigger.Core.Tests.dll" adapterTypeName="executor://xunit/VsTestRunner2/netcoreapp" className="ProcessCsvBlobTrigger.Core.Tests.Services.LoggingServiceAdapterTests" name="LogAsync_WithContext_LogsToDatabase" />
    </UnitTest>
    <UnitTest name="ProcessCsvBlobTrigger.Core.Tests.Services.CsvProcessingServiceTests.CreateChunks_WithInvalidId_ExcludesRecord" storage="c:\users\mario\infrastructure-as-code\azure-functions\processcsvblobtrigger.core.tests\bin\debug\net8.0\processcsvblobtrigger.core.tests.dll" id="5b9490ba-fd58-3719-d8c1-946c25f35324">
      <Execution id="130d1fbb-3466-4fb3-8d43-2cfecf62fe30" />
      <TestMethod codeBase="C:\Users\mario\infrastructure-as-code\azure-functions\ProcessCsvBlobTrigger.Core.Tests\bin\Debug\net8.0\ProcessCsvBlobTrigger.Core.Tests.dll" adapterTypeName="executor://xunit/VsTestRunner2/netcoreapp" className="ProcessCsvBlobTrigger.Core.Tests.Services.CsvProcessingServiceTests" name="CreateChunks_WithInvalidId_ExcludesRecord" />
    </UnitTest>
    <UnitTest name="ProcessCsvBlobTrigger.Core.Tests.Processors.CsvProcessorTests.ProcessCsvAsync_NullChunksAfterCreation_ReturnsSuccess" storage="c:\users\mario\infrastructure-as-code\azure-functions\processcsvblobtrigger.core.tests\bin\debug\net8.0\processcsvblobtrigger.core.tests.dll" id="1b0be1bb-7f8c-33c2-9d42-a2bd6446de21">
      <Execution id="c7915c1b-0031-4735-8d0e-1408cbd7a21b" />
      <TestMethod codeBase="C:\Users\mario\infrastructure-as-code\azure-functions\ProcessCsvBlobTrigger.Core.Tests\bin\Debug\net8.0\ProcessCsvBlobTrigger.Core.Tests.dll" adapterTypeName="executor://xunit/VsTestRunner2/netcoreapp" className="ProcessCsvBlobTrigger.Core.Tests.Processors.CsvProcessorTests" name="ProcessCsvAsync_NullChunksAfterCreation_ReturnsSuccess" />
    </UnitTest>
    <UnitTest name="ProcessCsvBlobTrigger.Core.Tests.Services.CsvProcessingServiceTests.CreateChunks_WithInvalidAge_ParsesAsZero" storage="c:\users\mario\infrastructure-as-code\azure-functions\processcsvblobtrigger.core.tests\bin\debug\net8.0\processcsvblobtrigger.core.tests.dll" id="54cbd2c9-2c14-5d7c-788b-55433ddc37c8">
      <Execution id="c83d9cff-8bfb-4d09-a1d1-2f2301c20669" />
      <TestMethod codeBase="C:\Users\mario\infrastructure-as-code\azure-functions\ProcessCsvBlobTrigger.Core.Tests\bin\Debug\net8.0\ProcessCsvBlobTrigger.Core.Tests.dll" adapterTypeName="executor://xunit/VsTestRunner2/netcoreapp" className="ProcessCsvBlobTrigger.Core.Tests.Services.CsvProcessingServiceTests" name="CreateChunks_WithInvalidAge_ParsesAsZero" />
    </UnitTest>
    <UnitTest name="ProcessCsvBlobTrigger.Core.Tests.Processors.CsvProcessorTests.ProcessCsvAsync_ProcessingError_ReturnsFailure" storage="c:\users\mario\infrastructure-as-code\azure-functions\processcsvblobtrigger.core.tests\bin\debug\net8.0\processcsvblobtrigger.core.tests.dll" id="c1c02c32-581a-abb7-14bd-b5d813cb54b0">
      <Execution id="a42e83b6-ec07-4913-aeba-6c36ddbd204a" />
      <TestMethod codeBase="C:\Users\mario\infrastructure-as-code\azure-functions\ProcessCsvBlobTrigger.Core.Tests\bin\Debug\net8.0\ProcessCsvBlobTrigger.Core.Tests.dll" adapterTypeName="executor://xunit/VsTestRunner2/netcoreapp" className="ProcessCsvBlobTrigger.Core.Tests.Processors.CsvProcessorTests" name="ProcessCsvAsync_ProcessingError_ReturnsFailure" />
    </UnitTest>
    <UnitTest name="ProcessCsvBlobTrigger.Core.Tests.Processors.CsvProcessorTests.ProcessCsvAsync_EmptyCsv_ReturnsSuccessWithZeroRecords" storage="c:\users\mario\infrastructure-as-code\azure-functions\processcsvblobtrigger.core.tests\bin\debug\net8.0\processcsvblobtrigger.core.tests.dll" id="f712aff6-b880-9cdd-ef28-9276311b592c">
      <Execution id="3dc8649c-9d21-487b-a919-a9ad265782b8" />
      <TestMethod codeBase="C:\Users\mario\infrastructure-as-code\azure-functions\ProcessCsvBlobTrigger.Core.Tests\bin\Debug\net8.0\ProcessCsvBlobTrigger.Core.Tests.dll" adapterTypeName="executor://xunit/VsTestRunner2/netcoreapp" className="ProcessCsvBlobTrigger.Core.Tests.Processors.CsvProcessorTests" name="ProcessCsvAsync_EmptyCsv_ReturnsSuccessWithZeroRecords" />
    </UnitTest>
    <UnitTest name="ProcessCsvBlobTrigger.Core.Tests.Processors.CsvProcessorTests.ProcessCsvAsync_EncodingError_ReturnsFailure" storage="c:\users\mario\infrastructure-as-code\azure-functions\processcsvblobtrigger.core.tests\bin\debug\net8.0\processcsvblobtrigger.core.tests.dll" id="7fa69f16-9d63-fc00-9fef-9d262e39b9ae">
      <Execution id="16831515-71e4-45de-8bc3-3e7c2589c574" />
      <TestMethod codeBase="C:\Users\mario\infrastructure-as-code\azure-functions\ProcessCsvBlobTrigger.Core.Tests\bin\Debug\net8.0\ProcessCsvBlobTrigger.Core.Tests.dll" adapterTypeName="executor://xunit/VsTestRunner2/netcoreapp" className="ProcessCsvBlobTrigger.Core.Tests.Processors.CsvProcessorTests" name="ProcessCsvAsync_EncodingError_ReturnsFailure" />
    </UnitTest>
    <UnitTest name="ProcessCsvBlobTrigger.Core.Tests.Services.LoggingServiceAdapterTests.LogAsync_WithEmptyMessage_UsesDefaultMessage" storage="c:\users\mario\infrastructure-as-code\azure-functions\processcsvblobtrigger.core.tests\bin\debug\net8.0\processcsvblobtrigger.core.tests.dll" id="edd1ea20-3e82-7852-763f-2bdcd63fa462">
      <Execution id="6efe2d39-a6b7-4577-a5ae-414261c8bbd7" />
      <TestMethod codeBase="C:\Users\mario\infrastructure-as-code\azure-functions\ProcessCsvBlobTrigger.Core.Tests\bin\Debug\net8.0\ProcessCsvBlobTrigger.Core.Tests.dll" adapterTypeName="executor://xunit/VsTestRunner2/netcoreapp" className="ProcessCsvBlobTrigger.Core.Tests.Services.LoggingServiceAdapterTests" name="LogAsync_WithEmptyMessage_UsesDefaultMessage" />
    </UnitTest>
    <UnitTest name="ProcessCsvBlobTrigger.Core.Tests.Processors.CsvProcessorTests.ProcessCsvAsync_NullBlobName_HandlesGracefully" storage="c:\users\mario\infrastructure-as-code\azure-functions\processcsvblobtrigger.core.tests\bin\debug\net8.0\processcsvblobtrigger.core.tests.dll" id="f6f31c17-f448-96b9-5e0b-4ad05376715a">
      <Execution id="a9a16028-17fa-45cd-9b76-33dbe80007ec" />
      <TestMethod codeBase="C:\Users\mario\infrastructure-as-code\azure-functions\ProcessCsvBlobTrigger.Core.Tests\bin\Debug\net8.0\ProcessCsvBlobTrigger.Core.Tests.dll" adapterTypeName="executor://xunit/VsTestRunner2/netcoreapp" className="ProcessCsvBlobTrigger.Core.Tests.Processors.CsvProcessorTests" name="ProcessCsvAsync_NullBlobName_HandlesGracefully" />
    </UnitTest>
    <UnitTest name="ProcessCsvBlobTrigger.Core.Tests.Services.LoggingServiceAdapterTests.LogAsync_WithCancellationToken_RespectsCancellation" storage="c:\users\mario\infrastructure-as-code\azure-functions\processcsvblobtrigger.core.tests\bin\debug\net8.0\processcsvblobtrigger.core.tests.dll" id="58ba8fdd-9e1f-32ef-d7ad-177dd3283bbe">
      <Execution id="4f3eb36b-5b68-42ea-87b8-717281698425" />
      <TestMethod codeBase="C:\Users\mario\infrastructure-as-code\azure-functions\ProcessCsvBlobTrigger.Core.Tests\bin\Debug\net8.0\ProcessCsvBlobTrigger.Core.Tests.dll" adapterTypeName="executor://xunit/VsTestRunner2/netcoreapp" className="ProcessCsvBlobTrigger.Core.Tests.Services.LoggingServiceAdapterTests" name="LogAsync_WithCancellationToken_RespectsCancellation" />
    </UnitTest>
    <UnitTest name="ProcessCsvBlobTrigger.Core.Tests.Processors.CsvProcessorTests.ProcessCsvAsync_WithCancellationToken_RespectsCancellation" storage="c:\users\mario\infrastructure-as-code\azure-functions\processcsvblobtrigger.core.tests\bin\debug\net8.0\processcsvblobtrigger.core.tests.dll" id="eb492079-2fdf-5aa4-cbe1-acef3b3306dc">
      <Execution id="d173cce3-6887-4396-a5db-e4502b97ed57" />
      <TestMethod codeBase="C:\Users\mario\infrastructure-as-code\azure-functions\ProcessCsvBlobTrigger.Core.Tests\bin\Debug\net8.0\ProcessCsvBlobTrigger.Core.Tests.dll" adapterTypeName="executor://xunit/VsTestRunner2/netcoreapp" className="ProcessCsvBlobTrigger.Core.Tests.Processors.CsvProcessorTests" name="ProcessCsvAsync_WithCancellationToken_RespectsCancellation" />
    </UnitTest>
    <UnitTest name="ProcessCsvBlobTrigger.Core.Tests.Services.CsvProcessingServiceTests.CreateChunks_RecordsWithoutId_ExcludesFromChunks" storage="c:\users\mario\infrastructure-as-code\azure-functions\processcsvblobtrigger.core.tests\bin\debug\net8.0\processcsvblobtrigger.core.tests.dll" id="7189cdbb-26e6-1188-3b5a-99446cbb0818">
      <Execution id="8fa3d45c-d080-4d4c-a1d1-aaea30c511a4" />
      <TestMethod codeBase="C:\Users\mario\infrastructure-as-code\azure-functions\ProcessCsvBlobTrigger.Core.Tests\bin\Debug\net8.0\ProcessCsvBlobTrigger.Core.Tests.dll" adapterTypeName="executor://xunit/VsTestRunner2/netcoreapp" className="ProcessCsvBlobTrigger.Core.Tests.Services.CsvProcessingServiceTests" name="CreateChunks_RecordsWithoutId_ExcludesFromChunks" />
    </UnitTest>
    <UnitTest name="ProcessCsvBlobTrigger.Core.Tests.Services.CsvProcessingServiceTests.ParseCsv_ValidCsv_ReturnsRecords" storage="c:\users\mario\infrastructure-as-code\azure-functions\processcsvblobtrigger.core.tests\bin\debug\net8.0\processcsvblobtrigger.core.tests.dll" id="a2312269-4b44-2eda-25eb-72409db9a764">
      <Execution id="8a18fbb3-209f-4dd6-aaee-578294985fea" />
      <TestMethod codeBase="C:\Users\mario\infrastructure-as-code\azure-functions\ProcessCsvBlobTrigger.Core.Tests\bin\Debug\net8.0\ProcessCsvBlobTrigger.Core.Tests.dll" adapterTypeName="executor://xunit/VsTestRunner2/netcoreapp" className="ProcessCsvBlobTrigger.Core.Tests.Services.CsvProcessingServiceTests" name="ParseCsv_ValidCsv_ReturnsRecords" />
    </UnitTest>
    <UnitTest name="ProcessCsvBlobTrigger.Core.Tests.Processors.CsvProcessorTests.ProcessCsvAsync_EmptyChunksAfterCreation_ReturnsSuccess" storage="c:\users\mario\infrastructure-as-code\azure-functions\processcsvblobtrigger.core.tests\bin\debug\net8.0\processcsvblobtrigger.core.tests.dll" id="476c84a2-389c-4852-9d67-b4411a6d5697">
      <Execution id="7803f52f-65c4-466a-b109-90579a3ba404" />
      <TestMethod codeBase="C:\Users\mario\infrastructure-as-code\azure-functions\ProcessCsvBlobTrigger.Core.Tests\bin\Debug\net8.0\ProcessCsvBlobTrigger.Core.Tests.dll" adapterTypeName="executor://xunit/VsTestRunner2/netcoreapp" className="ProcessCsvBlobTrigger.Core.Tests.Processors.CsvProcessorTests" name="ProcessCsvAsync_EmptyChunksAfterCreation_ReturnsSuccess" />
    </UnitTest>
    <UnitTest name="ProcessCsvBlobTrigger.Core.Tests.Processors.CsvProcessorTests.ProcessCsvAsync_ExceptionWithNullStackTrace_HandlesGracefully" storage="c:\users\mario\infrastructure-as-code\azure-functions\processcsvblobtrigger.core.tests\bin\debug\net8.0\processcsvblobtrigger.core.tests.dll" id="19385a11-fbb8-d842-4606-0aac7bcf626e">
      <Execution id="1d4cdbe9-278e-49a7-b949-c3001f0247a7" />
      <TestMethod codeBase="C:\Users\mario\infrastructure-as-code\azure-functions\ProcessCsvBlobTrigger.Core.Tests\bin\Debug\net8.0\ProcessCsvBlobTrigger.Core.Tests.dll" adapterTypeName="executor://xunit/VsTestRunner2/netcoreapp" className="ProcessCsvBlobTrigger.Core.Tests.Processors.CsvProcessorTests" name="ProcessCsvAsync_ExceptionWithNullStackTrace_HandlesGracefully" />
    </UnitTest>
    <UnitTest name="ProcessCsvBlobTrigger.Core.Tests.Services.DataServiceAdapterTests.ProcessChunksAsync_WithEmptyChunk_SkipsEmptyChunk" storage="c:\users\mario\infrastructure-as-code\azure-functions\processcsvblobtrigger.core.tests\bin\debug\net8.0\processcsvblobtrigger.core.tests.dll" id="72640ea2-2c6b-fc25-263d-37cb47888e6d">
      <Execution id="6ef1495a-831d-416f-9606-953382c54dde" />
      <TestMethod codeBase="C:\Users\mario\infrastructure-as-code\azure-functions\ProcessCsvBlobTrigger.Core.Tests\bin\Debug\net8.0\ProcessCsvBlobTrigger.Core.Tests.dll" adapterTypeName="executor://xunit/VsTestRunner2/netcoreapp" className="ProcessCsvBlobTrigger.Core.Tests.Services.DataServiceAdapterTests" name="ProcessChunksAsync_WithEmptyChunk_SkipsEmptyChunk" />
    </UnitTest>
    <UnitTest name="ProcessCsvBlobTrigger.Core.Tests.Services.LoggingServiceAdapterTests.LogAsync_WithoutContext_LogsToLogger" storage="c:\users\mario\infrastructure-as-code\azure-functions\processcsvblobtrigger.core.tests\bin\debug\net8.0\processcsvblobtrigger.core.tests.dll" id="92bb14d4-f940-1dd3-b0df-b2d542fc38bb">
      <Execution id="366a7237-672f-431c-929f-da4e9e941adc" />
      <TestMethod codeBase="C:\Users\mario\infrastructure-as-code\azure-functions\ProcessCsvBlobTrigger.Core.Tests\bin\Debug\net8.0\ProcessCsvBlobTrigger.Core.Tests.dll" adapterTypeName="executor://xunit/VsTestRunner2/netcoreapp" className="ProcessCsvBlobTrigger.Core.Tests.Services.LoggingServiceAdapterTests" name="LogAsync_WithoutContext_LogsToLogger" />
    </UnitTest>
    <UnitTest name="ProcessCsvBlobTrigger.Core.Tests.Services.LoggingServiceAdapterTests.LogAsync_WithDifferentLevels_LogsCorrectly" storage="c:\users\mario\infrastructure-as-code\azure-functions\processcsvblobtrigger.core.tests\bin\debug\net8.0\processcsvblobtrigger.core.tests.dll" id="18e81fa4-851d-2863-0e0f-a529dc6bb8fb">
      <Execution id="2c84c1c0-1728-4ad0-b515-90726c94f5fb" />
      <TestMethod codeBase="C:\Users\mario\infrastructure-as-code\azure-functions\ProcessCsvBlobTrigger.Core.Tests\bin\Debug\net8.0\ProcessCsvBlobTrigger.Core.Tests.dll" adapterTypeName="executor://xunit/VsTestRunner2/netcoreapp" className="ProcessCsvBlobTrigger.Core.Tests.Services.LoggingServiceAdapterTests" name="LogAsync_WithDifferentLevels_LogsCorrectly" />
    </UnitTest>
    <UnitTest name="ProcessCsvBlobTrigger.Core.Tests.Services.LoggingServiceTests.LogAsync_WithValidData_LogsToDatabase" storage="c:\users\mario\infrastructure-as-code\azure-functions\processcsvblobtrigger.core.tests\bin\debug\net8.0\processcsvblobtrigger.core.tests.dll" id="7c7e8dd0-9d05-3532-e052-8a691f51fc76">
      <Execution id="f4333e31-536e-47ac-ac83-e285b7e3b6b6" />
      <TestMethod codeBase="C:\Users\mario\infrastructure-as-code\azure-functions\ProcessCsvBlobTrigger.Core.Tests\bin\Debug\net8.0\ProcessCsvBlobTrigger.Core.Tests.dll" adapterTypeName="executor://xunit/VsTestRunner2/netcoreapp" className="ProcessCsvBlobTrigger.Core.Tests.Services.LoggingServiceTests" name="LogAsync_WithValidData_LogsToDatabase" />
    </UnitTest>
    <UnitTest name="ProcessCsvBlobTrigger.Core.Tests.Services.CsvProcessingServiceTests.ParseCsv_WithNullInput_ReturnsEmptyList" storage="c:\users\mario\infrastructure-as-code\azure-functions\processcsvblobtrigger.core.tests\bin\debug\net8.0\processcsvblobtrigger.core.tests.dll" id="dc883e21-1285-42e5-6003-5c5db0b5274e">
      <Execution id="1302eed7-10f1-4b69-9e7a-52e4c936aae2" />
      <TestMethod codeBase="C:\Users\mario\infrastructure-as-code\azure-functions\ProcessCsvBlobTrigger.Core.Tests\bin\Debug\net8.0\ProcessCsvBlobTrigger.Core.Tests.dll" adapterTypeName="executor://xunit/VsTestRunner2/netcoreapp" className="ProcessCsvBlobTrigger.Core.Tests.Services.CsvProcessingServiceTests" name="ParseCsv_WithNullInput_ReturnsEmptyList" />
    </UnitTest>
    <UnitTest name="ProcessCsvBlobTrigger.Core.Tests.Services.LoggingServiceAdapterTests.LogAsync_WithNullLevel_UsesUnknown" storage="c:\users\mario\infrastructure-as-code\azure-functions\processcsvblobtrigger.core.tests\bin\debug\net8.0\processcsvblobtrigger.core.tests.dll" id="36be49c6-7ba4-f768-3d0c-7b18ef0fe322">
      <Execution id="a00baa66-e183-492b-b9b7-51b17e1d5cd1" />
      <TestMethod codeBase="C:\Users\mario\infrastructure-as-code\azure-functions\ProcessCsvBlobTrigger.Core.Tests\bin\Debug\net8.0\ProcessCsvBlobTrigger.Core.Tests.dll" adapterTypeName="executor://xunit/VsTestRunner2/netcoreapp" className="ProcessCsvBlobTrigger.Core.Tests.Services.LoggingServiceAdapterTests" name="LogAsync_WithNullLevel_UsesUnknown" />
    </UnitTest>
    <UnitTest name="ProcessCsvBlobTrigger.Core.Tests.Services.LoggingServiceAdapterTests.LogAsync_DatabaseFailure_FallsBackToLogger" storage="c:\users\mario\infrastructure-as-code\azure-functions\processcsvblobtrigger.core.tests\bin\debug\net8.0\processcsvblobtrigger.core.tests.dll" id="3c4ee524-9655-7028-b3ca-4678683564a5">
      <Execution id="c49c13af-5151-4eca-8b01-20453258cd85" />
      <TestMethod codeBase="C:\Users\mario\infrastructure-as-code\azure-functions\ProcessCsvBlobTrigger.Core.Tests\bin\Debug\net8.0\ProcessCsvBlobTrigger.Core.Tests.dll" adapterTypeName="executor://xunit/VsTestRunner2/netcoreapp" className="ProcessCsvBlobTrigger.Core.Tests.Services.LoggingServiceAdapterTests" name="LogAsync_DatabaseFailure_FallsBackToLogger" />
    </UnitTest>
    <UnitTest name="ProcessCsvBlobTrigger.Core.Tests.Services.LoggingServiceTests.LogBatchAsync_WithMultipleLogs_LogsAll" storage="c:\users\mario\infrastructure-as-code\azure-functions\processcsvblobtrigger.core.tests\bin\debug\net8.0\processcsvblobtrigger.core.tests.dll" id="3e6e78aa-3677-02ee-e2e3-42029fc906e9">
      <Execution id="eb7b4373-b733-418f-b7fa-793a6ac896e0" />
      <TestMethod codeBase="C:\Users\mario\infrastructure-as-code\azure-functions\ProcessCsvBlobTrigger.Core.Tests\bin\Debug\net8.0\ProcessCsvBlobTrigger.Core.Tests.dll" adapterTypeName="executor://xunit/VsTestRunner2/netcoreapp" className="ProcessCsvBlobTrigger.Core.Tests.Services.LoggingServiceTests" name="LogBatchAsync_WithMultipleLogs_LogsAll" />
    </UnitTest>
    <UnitTest name="ProcessCsvBlobTrigger.Core.Tests.Services.CsvProcessingServiceTests.CreateChunks_MoreThan100Records_CreatesMultipleChunks" storage="c:\users\mario\infrastructure-as-code\azure-functions\processcsvblobtrigger.core.tests\bin\debug\net8.0\processcsvblobtrigger.core.tests.dll" id="3983da57-7be5-724e-1da8-3e02f314a47c">
      <Execution id="d04022c8-8f4b-4fab-8d96-8ddd88ff4572" />
      <TestMethod codeBase="C:\Users\mario\infrastructure-as-code\azure-functions\ProcessCsvBlobTrigger.Core.Tests\bin\Debug\net8.0\ProcessCsvBlobTrigger.Core.Tests.dll" adapterTypeName="executor://xunit/VsTestRunner2/netcoreapp" className="ProcessCsvBlobTrigger.Core.Tests.Services.CsvProcessingServiceTests" name="CreateChunks_MoreThan100Records_CreatesMultipleChunks" />
    </UnitTest>
    <UnitTest name="ProcessCsvBlobTrigger.Core.Tests.Processors.CsvProcessorTests.ProcessCsvAsync_CsvParsingError_ReturnsFailure" storage="c:\users\mario\infrastructure-as-code\azure-functions\processcsvblobtrigger.core.tests\bin\debug\net8.0\processcsvblobtrigger.core.tests.dll" id="3351a487-70da-6598-8f8c-1ccace68142e">
      <Execution id="c2e0239c-41ca-4f71-9a68-ddd8a3141328" />
      <TestMethod codeBase="C:\Users\mario\infrastructure-as-code\azure-functions\ProcessCsvBlobTrigger.Core.Tests\bin\Debug\net8.0\ProcessCsvBlobTrigger.Core.Tests.dll" adapterTypeName="executor://xunit/VsTestRunner2/netcoreapp" className="ProcessCsvBlobTrigger.Core.Tests.Processors.CsvProcessorTests" name="ProcessCsvAsync_CsvParsingError_ReturnsFailure" />
    </UnitTest>
    <UnitTest name="ProcessCsvBlobTrigger.Core.Tests.Services.CsvProcessingServiceTests.ParseCsv_WithWhitespace_TrimsValues" storage="c:\users\mario\infrastructure-as-code\azure-functions\processcsvblobtrigger.core.tests\bin\debug\net8.0\processcsvblobtrigger.core.tests.dll" id="802ba86f-52f2-b3a4-c4b3-a272a5e45c08">
      <Execution id="34bd3ee9-c9fb-4ed0-95ed-cfc959eea41f" />
      <TestMethod codeBase="C:\Users\mario\infrastructure-as-code\azure-functions\ProcessCsvBlobTrigger.Core.Tests\bin\Debug\net8.0\ProcessCsvBlobTrigger.Core.Tests.dll" adapterTypeName="executor://xunit/VsTestRunner2/netcoreapp" className="ProcessCsvBlobTrigger.Core.Tests.Services.CsvProcessingServiceTests" name="ParseCsv_WithWhitespace_TrimsValues" />
    </UnitTest>
    <UnitTest name="ProcessCsvBlobTrigger.Core.Tests.Services.CsvProcessingServiceTests.ParseCsv_WithMissingValues_FillsWithEmptyString" storage="c:\users\mario\infrastructure-as-code\azure-functions\processcsvblobtrigger.core.tests\bin\debug\net8.0\processcsvblobtrigger.core.tests.dll" id="3c7d87b7-acc5-efc7-6edd-22a5a5730365">
      <Execution id="0cb14636-8a56-4930-bb80-159d64573b27" />
      <TestMethod codeBase="C:\Users\mario\infrastructure-as-code\azure-functions\ProcessCsvBlobTrigger.Core.Tests\bin\Debug\net8.0\ProcessCsvBlobTrigger.Core.Tests.dll" adapterTypeName="executor://xunit/VsTestRunner2/netcoreapp" className="ProcessCsvBlobTrigger.Core.Tests.Services.CsvProcessingServiceTests" name="ParseCsv_WithMissingValues_FillsWithEmptyString" />
    </UnitTest>
    <UnitTest name="ProcessCsvBlobTrigger.Core.Tests.Interfaces.ProcessingResultTests.Failure_WithNullException_CreatesFailureResult" storage="c:\users\mario\infrastructure-as-code\azure-functions\processcsvblobtrigger.core.tests\bin\debug\net8.0\processcsvblobtrigger.core.tests.dll" id="193a11f6-4b17-d1ef-c250-c0fe4cb25126">
      <Execution id="9c78f1ea-9e90-4b22-aafa-447f688e0853" />
      <TestMethod codeBase="C:\Users\mario\infrastructure-as-code\azure-functions\ProcessCsvBlobTrigger.Core.Tests\bin\Debug\net8.0\ProcessCsvBlobTrigger.Core.Tests.dll" adapterTypeName="executor://xunit/VsTestRunner2/netcoreapp" className="ProcessCsvBlobTrigger.Core.Tests.Interfaces.ProcessingResultTests" name="Failure_WithNullException_CreatesFailureResult" />
    </UnitTest>
    <UnitTest name="ProcessCsvBlobTrigger.Core.Tests.Services.LoggingServiceTests.LogAsync_WithNullDetails_LogsWithoutDetails" storage="c:\users\mario\infrastructure-as-code\azure-functions\processcsvblobtrigger.core.tests\bin\debug\net8.0\processcsvblobtrigger.core.tests.dll" id="bc5d880c-54f3-bcc5-7fbb-701c93c8718c">
      <Execution id="d7a26c7b-0040-4603-ac0d-8a7067d0b243" />
      <TestMethod codeBase="C:\Users\mario\infrastructure-as-code\azure-functions\ProcessCsvBlobTrigger.Core.Tests\bin\Debug\net8.0\ProcessCsvBlobTrigger.Core.Tests.dll" adapterTypeName="executor://xunit/VsTestRunner2/netcoreapp" className="ProcessCsvBlobTrigger.Core.Tests.Services.LoggingServiceTests" name="LogAsync_WithNullDetails_LogsWithoutDetails" />
    </UnitTest>
    <UnitTest name="ProcessCsvBlobTrigger.Core.Tests.Services.CsvProcessingServiceTests.CreateChunks_WithNullRecords_ThrowsException" storage="c:\users\mario\infrastructure-as-code\azure-functions\processcsvblobtrigger.core.tests\bin\debug\net8.0\processcsvblobtrigger.core.tests.dll" id="8736b63c-f968-5aff-855b-76925d34d7f0">
      <Execution id="94ca5175-0297-4507-b578-612ff3a564a6" />
      <TestMethod codeBase="C:\Users\mario\infrastructure-as-code\azure-functions\ProcessCsvBlobTrigger.Core.Tests\bin\Debug\net8.0\ProcessCsvBlobTrigger.Core.Tests.dll" adapterTypeName="executor://xunit/VsTestRunner2/netcoreapp" className="ProcessCsvBlobTrigger.Core.Tests.Services.CsvProcessingServiceTests" name="CreateChunks_WithNullRecords_ThrowsException" />
    </UnitTest>
    <UnitTest name="ProcessCsvBlobTrigger.Core.Tests.Processors.CsvProcessorTests.ProcessCsvAsync_ExceptionWithNullMessage_HandlesGracefully" storage="c:\users\mario\infrastructure-as-code\azure-functions\processcsvblobtrigger.core.tests\bin\debug\net8.0\processcsvblobtrigger.core.tests.dll" id="11587d91-4107-723e-fb0a-3cb17303ad50">
      <Execution id="c24441f3-39ad-4805-8255-44ac5f93df01" />
      <TestMethod codeBase="C:\Users\mario\infrastructure-as-code\azure-functions\ProcessCsvBlobTrigger.Core.Tests\bin\Debug\net8.0\ProcessCsvBlobTrigger.Core.Tests.dll" adapterTypeName="executor://xunit/VsTestRunner2/netcoreapp" className="ProcessCsvBlobTrigger.Core.Tests.Processors.CsvProcessorTests" name="ProcessCsvAsync_ExceptionWithNullMessage_HandlesGracefully" />
    </UnitTest>
    <UnitTest name="ProcessCsvBlobTrigger.Core.Tests.Processors.CsvProcessorTests.ProcessCsvAsync_LoggerThrowsException_HandlesGracefully" storage="c:\users\mario\infrastructure-as-code\azure-functions\processcsvblobtrigger.core.tests\bin\debug\net8.0\processcsvblobtrigger.core.tests.dll" id="62957e48-67df-0988-3f57-3bc105c2a7b8">
      <Execution id="d6ffbfcb-f970-4d3b-b7f2-6e98385cd31e" />
      <TestMethod codeBase="C:\Users\mario\infrastructure-as-code\azure-functions\ProcessCsvBlobTrigger.Core.Tests\bin\Debug\net8.0\ProcessCsvBlobTrigger.Core.Tests.dll" adapterTypeName="executor://xunit/VsTestRunner2/netcoreapp" className="ProcessCsvBlobTrigger.Core.Tests.Processors.CsvProcessorTests" name="ProcessCsvAsync_LoggerThrowsException_HandlesGracefully" />
    </UnitTest>
    <UnitTest name="ProcessCsvBlobTrigger.Core.Tests.Interfaces.ProcessingResultTests.Failure_WithErrorMessageOnly_CreatesFailureResult" storage="c:\users\mario\infrastructure-as-code\azure-functions\processcsvblobtrigger.core.tests\bin\debug\net8.0\processcsvblobtrigger.core.tests.dll" id="e8616c2f-04f7-19c8-ffa2-cd478beca702">
      <Execution id="b491d356-9b58-4cee-a87a-10fdc427267c" />
      <TestMethod codeBase="C:\Users\mario\infrastructure-as-code\azure-functions\ProcessCsvBlobTrigger.Core.Tests\bin\Debug\net8.0\ProcessCsvBlobTrigger.Core.Tests.dll" adapterTypeName="executor://xunit/VsTestRunner2/netcoreapp" className="ProcessCsvBlobTrigger.Core.Tests.Interfaces.ProcessingResultTests" name="Failure_WithErrorMessageOnly_CreatesFailureResult" />
    </UnitTest>
    <UnitTest name="ProcessCsvBlobTrigger.Core.Tests.Services.LoggingServiceTests.LogBatchAsync_WithEmptyList_DoesNotThrow" storage="c:\users\mario\infrastructure-as-code\azure-functions\processcsvblobtrigger.core.tests\bin\debug\net8.0\processcsvblobtrigger.core.tests.dll" id="7d69da49-7f91-e29f-5cfe-038ad49eaba0">
      <Execution id="fc85c292-dc26-4c4f-97cd-0afcb47d8f11" />
      <TestMethod codeBase="C:\Users\mario\infrastructure-as-code\azure-functions\ProcessCsvBlobTrigger.Core.Tests\bin\Debug\net8.0\ProcessCsvBlobTrigger.Core.Tests.dll" adapterTypeName="executor://xunit/VsTestRunner2/netcoreapp" className="ProcessCsvBlobTrigger.Core.Tests.Services.LoggingServiceTests" name="LogBatchAsync_WithEmptyList_DoesNotThrow" />
    </UnitTest>
    <UnitTest name="ProcessCsvBlobTrigger.Core.Tests.Processors.CsvProcessorTests.ProcessCsvAsync_NullBlobContent_ReturnsFailure" storage="c:\users\mario\infrastructure-as-code\azure-functions\processcsvblobtrigger.core.tests\bin\debug\net8.0\processcsvblobtrigger.core.tests.dll" id="5219aabb-a4d6-3d14-e2de-9f32a83c3293">
      <Execution id="606e0b71-3907-46ef-b26f-4db7bfe7887d" />
      <TestMethod codeBase="C:\Users\mario\infrastructure-as-code\azure-functions\ProcessCsvBlobTrigger.Core.Tests\bin\Debug\net8.0\ProcessCsvBlobTrigger.Core.Tests.dll" adapterTypeName="executor://xunit/VsTestRunner2/netcoreapp" className="ProcessCsvBlobTrigger.Core.Tests.Processors.CsvProcessorTests" name="ProcessCsvAsync_NullBlobContent_ReturnsFailure" />
    </UnitTest>
    <UnitTest name="ProcessCsvBlobTrigger.Core.Tests.Services.DataServiceAdapterTests.ProcessChunksAsync_WithNullChunks_DoesNotThrow" storage="c:\users\mario\infrastructure-as-code\azure-functions\processcsvblobtrigger.core.tests\bin\debug\net8.0\processcsvblobtrigger.core.tests.dll" id="d83d9b2d-8ca8-4d4b-9919-af7972cf1502">
      <Execution id="b872e5a1-6c19-439c-b5ad-bbe039f5d492" />
      <TestMethod codeBase="C:\Users\mario\infrastructure-as-code\azure-functions\ProcessCsvBlobTrigger.Core.Tests\bin\Debug\net8.0\ProcessCsvBlobTrigger.Core.Tests.dll" adapterTypeName="executor://xunit/VsTestRunner2/netcoreapp" className="ProcessCsvBlobTrigger.Core.Tests.Services.DataServiceAdapterTests" name="ProcessChunksAsync_WithNullChunks_DoesNotThrow" />
    </UnitTest>
    <UnitTest name="ProcessCsvBlobTrigger.Core.Tests.Interfaces.ProcessingResultTests.Failure_WithErrorMessage_CreatesFailureResult" storage="c:\users\mario\infrastructure-as-code\azure-functions\processcsvblobtrigger.core.tests\bin\debug\net8.0\processcsvblobtrigger.core.tests.dll" id="4f5d0bf6-7352-a8df-9ebb-022f5a7d6ade">
      <Execution id="acb918b3-10d4-4e22-ba0c-50a9ebc4d0fb" />
      <TestMethod codeBase="C:\Users\mario\infrastructure-as-code\azure-functions\ProcessCsvBlobTrigger.Core.Tests\bin\Debug\net8.0\ProcessCsvBlobTrigger.Core.Tests.dll" adapterTypeName="executor://xunit/VsTestRunner2/netcoreapp" className="ProcessCsvBlobTrigger.Core.Tests.Interfaces.ProcessingResultTests" name="Failure_WithErrorMessage_CreatesFailureResult" />
    </UnitTest>
    <UnitTest name="ProcessCsvBlobTrigger.Core.Tests.Processors.CsvProcessorTests.ProcessCsvAsync_LoggingServiceThrowsException_HandlesGracefully" storage="c:\users\mario\infrastructure-as-code\azure-functions\processcsvblobtrigger.core.tests\bin\debug\net8.0\processcsvblobtrigger.core.tests.dll" id="e3a2c054-f3b5-58a9-b9f6-111b07136d0a">
      <Execution id="e01787b4-d1d3-4b25-9707-d982e299c79e" />
      <TestMethod codeBase="C:\Users\mario\infrastructure-as-code\azure-functions\ProcessCsvBlobTrigger.Core.Tests\bin\Debug\net8.0\ProcessCsvBlobTrigger.Core.Tests.dll" adapterTypeName="executor://xunit/VsTestRunner2/netcoreapp" className="ProcessCsvBlobTrigger.Core.Tests.Processors.CsvProcessorTests" name="ProcessCsvAsync_LoggingServiceThrowsException_HandlesGracefully" />
    </UnitTest>
    <UnitTest name="ProcessCsvBlobTrigger.Core.Tests.Services.DataServiceAdapterTests.ProcessChunksAsync_WithMultipleChunks_ProcessesSequentially" storage="c:\users\mario\infrastructure-as-code\azure-functions\processcsvblobtrigger.core.tests\bin\debug\net8.0\processcsvblobtrigger.core.tests.dll" id="a5f190e2-b70f-5d95-d0dd-7f9676a0187c">
      <Execution id="8813a490-94c4-4b1b-a0a2-fdadef8e11d0" />
      <TestMethod codeBase="C:\Users\mario\infrastructure-as-code\azure-functions\ProcessCsvBlobTrigger.Core.Tests\bin\Debug\net8.0\ProcessCsvBlobTrigger.Core.Tests.dll" adapterTypeName="executor://xunit/VsTestRunner2/netcoreapp" className="ProcessCsvBlobTrigger.Core.Tests.Services.DataServiceAdapterTests" name="ProcessChunksAsync_WithMultipleChunks_ProcessesSequentially" />
    </UnitTest>
    <UnitTest name="ProcessCsvBlobTrigger.Core.Tests.Services.CsvProcessingServiceTests.CreateChunks_WithInvalidSalary_ParsesAsZero" storage="c:\users\mario\infrastructure-as-code\azure-functions\processcsvblobtrigger.core.tests\bin\debug\net8.0\processcsvblobtrigger.core.tests.dll" id="64076717-ce7d-623e-0340-b9aaeacaaba3">
      <Execution id="9acb9c6c-1ea3-4620-adaa-aa5fc248ce2a" />
      <TestMethod codeBase="C:\Users\mario\infrastructure-as-code\azure-functions\ProcessCsvBlobTrigger.Core.Tests\bin\Debug\net8.0\ProcessCsvBlobTrigger.Core.Tests.dll" adapterTypeName="executor://xunit/VsTestRunner2/netcoreapp" className="ProcessCsvBlobTrigger.Core.Tests.Services.CsvProcessingServiceTests" name="CreateChunks_WithInvalidSalary_ParsesAsZero" />
    </UnitTest>
    <UnitTest name="ProcessCsvBlobTrigger.Core.Tests.Services.CsvProcessingServiceTests.ParseCsv_WithOnlyWhitespace_ReturnsEmptyList" storage="c:\users\mario\infrastructure-as-code\azure-functions\processcsvblobtrigger.core.tests\bin\debug\net8.0\processcsvblobtrigger.core.tests.dll" id="74d72e77-8c60-4861-d286-c867b0460289">
      <Execution id="7e952817-691f-4e3f-bfd4-eda7c195bedc" />
      <TestMethod codeBase="C:\Users\mario\infrastructure-as-code\azure-functions\ProcessCsvBlobTrigger.Core.Tests\bin\Debug\net8.0\ProcessCsvBlobTrigger.Core.Tests.dll" adapterTypeName="executor://xunit/VsTestRunner2/netcoreapp" className="ProcessCsvBlobTrigger.Core.Tests.Services.CsvProcessingServiceTests" name="ParseCsv_WithOnlyWhitespace_ReturnsEmptyList" />
    </UnitTest>
    <UnitTest name="ProcessCsvBlobTrigger.Core.Tests.Services.DataServiceAdapterTests.EnsureDatabaseCreatedAsync_WithValidContext_CreatesDatabase" storage="c:\users\mario\infrastructure-as-code\azure-functions\processcsvblobtrigger.core.tests\bin\debug\net8.0\processcsvblobtrigger.core.tests.dll" id="0ca7e333-3a0e-171d-ecba-ad9588f818a1">
      <Execution id="777e202c-2d36-43ea-bbf1-f0ec2f195267" />
      <TestMethod codeBase="C:\Users\mario\infrastructure-as-code\azure-functions\ProcessCsvBlobTrigger.Core.Tests\bin\Debug\net8.0\ProcessCsvBlobTrigger.Core.Tests.dll" adapterTypeName="executor://xunit/VsTestRunner2/netcoreapp" className="ProcessCsvBlobTrigger.Core.Tests.Services.DataServiceAdapterTests" name="EnsureDatabaseCreatedAsync_WithValidContext_CreatesDatabase" />
    </UnitTest>
  </TestDefinitions>
  <TestEntries>
    <TestEntry testId="e3a2c054-f3b5-58a9-b9f6-111b07136d0a" executionId="e01787b4-d1d3-4b25-9707-d982e299c79e" testListId="8c84fa94-04c1-424b-9868-57a2d4851a1d" />
    <TestEntry testId="14151e32-deae-7245-8079-4bfeb3da5d9b" executionId="26e9457a-edbd-442b-be5e-061192d94623" testListId="8c84fa94-04c1-424b-9868-57a2d4851a1d" />
    <TestEntry testId="237424e1-710f-7317-0222-bcf16ff18196" executionId="7e49d6d2-3fdb-485c-b897-e717f1b2eedc" testListId="8c84fa94-04c1-424b-9868-57a2d4851a1d" />
    <TestEntry testId="f712aff6-b880-9cdd-ef28-9276311b592c" executionId="3dc8649c-9d21-487b-a919-a9ad265782b8" testListId="8c84fa94-04c1-424b-9868-57a2d4851a1d" />
    <TestEntry testId="7189cdbb-26e6-1188-3b5a-99446cbb0818" executionId="8fa3d45c-d080-4d4c-a1d1-aaea30c511a4" testListId="8c84fa94-04c1-424b-9868-57a2d4851a1d" />
    <TestEntry testId="bc5d880c-54f3-bcc5-7fbb-701c93c8718c" executionId="d7a26c7b-0040-4603-ac0d-8a7067d0b243" testListId="8c84fa94-04c1-424b-9868-57a2d4851a1d" />
    <TestEntry testId="c1c02c32-581a-abb7-14bd-b5d813cb54b0" executionId="a42e83b6-ec07-4913-aeba-6c36ddbd204a" testListId="8c84fa94-04c1-424b-9868-57a2d4851a1d" />
    <TestEntry testId="92bb14d4-f940-1dd3-b0df-b2d542fc38bb" executionId="366a7237-672f-431c-929f-da4e9e941adc" testListId="8c84fa94-04c1-424b-9868-57a2d4851a1d" />
    <TestEntry testId="58ba8fdd-9e1f-32ef-d7ad-177dd3283bbe" executionId="4f3eb36b-5b68-42ea-87b8-717281698425" testListId="8c84fa94-04c1-424b-9868-57a2d4851a1d" />
    <TestEntry testId="3c4ee524-9655-7028-b3ca-4678683564a5" executionId="c49c13af-5151-4eca-8b01-20453258cd85" testListId="8c84fa94-04c1-424b-9868-57a2d4851a1d" />
    <TestEntry testId="e8616c2f-04f7-19c8-ffa2-cd478beca702" executionId="b491d356-9b58-4cee-a87a-10fdc427267c" testListId="8c84fa94-04c1-424b-9868-57a2d4851a1d" />
    <TestEntry testId="afeb89df-c0bf-8388-0828-d20b0d5f10ee" executionId="554e35cc-636a-4ffc-9f9e-4f00f46bf4f7" testListId="8c84fa94-04c1-424b-9868-57a2d4851a1d" />
    <TestEntry testId="eb492079-2fdf-5aa4-cbe1-acef3b3306dc" executionId="d173cce3-6887-4396-a5db-e4502b97ed57" testListId="8c84fa94-04c1-424b-9868-57a2d4851a1d" />
    <TestEntry testId="3c7d87b7-acc5-efc7-6edd-22a5a5730365" executionId="0cb14636-8a56-4930-bb80-159d64573b27" testListId="8c84fa94-04c1-424b-9868-57a2d4851a1d" />
    <TestEntry testId="8736b63c-f968-5aff-855b-76925d34d7f0" executionId="94ca5175-0297-4507-b578-612ff3a564a6" testListId="8c84fa94-04c1-424b-9868-57a2d4851a1d" />
    <TestEntry testId="62957e48-67df-0988-3f57-3bc105c2a7b8" executionId="d6ffbfcb-f970-4d3b-b7f2-6e98385cd31e" testListId="8c84fa94-04c1-424b-9868-57a2d4851a1d" />
    <TestEntry testId="0ca7e333-3a0e-171d-ecba-ad9588f818a1" executionId="777e202c-2d36-43ea-bbf1-f0ec2f195267" testListId="8c84fa94-04c1-424b-9868-57a2d4851a1d" />
    <TestEntry testId="c21c89d2-a7b0-d326-de81-c89b39d9b551" executionId="1960dd5d-2923-4801-8125-178f554db327" testListId="8c84fa94-04c1-424b-9868-57a2d4851a1d" />
    <TestEntry testId="61a8a050-a98e-a07e-9f79-a2fbeb3ecbbf" executionId="03f7cfbf-b040-4ed2-9d2b-f24c91ebf673" testListId="8c84fa94-04c1-424b-9868-57a2d4851a1d" />
    <TestEntry testId="d83d9b2d-8ca8-4d4b-9919-af7972cf1502" executionId="b872e5a1-6c19-439c-b5ad-bbe039f5d492" testListId="8c84fa94-04c1-424b-9868-57a2d4851a1d" />
    <TestEntry testId="6ebc215c-7667-df10-a807-db0a9ca941f7" executionId="2f400a4f-1ad3-4c32-94c8-e8c243e517f2" testListId="8c84fa94-04c1-424b-9868-57a2d4851a1d" />
    <TestEntry testId="f19871de-b1b1-9cba-9899-1a7f8fded4d7" executionId="8ad8f84c-807a-4987-9b60-1b3ac4d1370c" testListId="8c84fa94-04c1-424b-9868-57a2d4851a1d" />
    <TestEntry testId="3fc2190e-6ec7-7ae6-eb97-a226d8437d93" executionId="f0c68032-562d-4110-b1c5-25764aaaec8a" testListId="8c84fa94-04c1-424b-9868-57a2d4851a1d" />
    <TestEntry testId="7d69da49-7f91-e29f-5cfe-038ad49eaba0" executionId="fc85c292-dc26-4c4f-97cd-0afcb47d8f11" testListId="8c84fa94-04c1-424b-9868-57a2d4851a1d" />
    <TestEntry testId="db5d2e57-e82d-2131-f47e-5949ef75f3d2" executionId="c78496c3-e43b-4b27-a82b-afa8eb7a6f59" testListId="8c84fa94-04c1-424b-9868-57a2d4851a1d" />
    <TestEntry testId="74d72e77-8c60-4861-d286-c867b0460289" executionId="7e952817-691f-4e3f-bfd4-eda7c195bedc" testListId="8c84fa94-04c1-424b-9868-57a2d4851a1d" />
    <TestEntry testId="3983da57-7be5-724e-1da8-3e02f314a47c" executionId="d04022c8-8f4b-4fab-8d96-8ddd88ff4572" testListId="8c84fa94-04c1-424b-9868-57a2d4851a1d" />
    <TestEntry testId="72640ea2-2c6b-fc25-263d-37cb47888e6d" executionId="6ef1495a-831d-416f-9606-953382c54dde" testListId="8c84fa94-04c1-424b-9868-57a2d4851a1d" />
    <TestEntry testId="11587d91-4107-723e-fb0a-3cb17303ad50" executionId="c24441f3-39ad-4805-8255-44ac5f93df01" testListId="8c84fa94-04c1-424b-9868-57a2d4851a1d" />
    <TestEntry testId="64076717-ce7d-623e-0340-b9aaeacaaba3" executionId="9acb9c6c-1ea3-4620-adaa-aa5fc248ce2a" testListId="8c84fa94-04c1-424b-9868-57a2d4851a1d" />
    <TestEntry testId="7c7e8dd0-9d05-3532-e052-8a691f51fc76" executionId="f4333e31-536e-47ac-ac83-e285b7e3b6b6" testListId="8c84fa94-04c1-424b-9868-57a2d4851a1d" />
    <TestEntry testId="dc883e21-1285-42e5-6003-5c5db0b5274e" executionId="1302eed7-10f1-4b69-9e7a-52e4c936aae2" testListId="8c84fa94-04c1-424b-9868-57a2d4851a1d" />
    <TestEntry testId="18e81fa4-851d-2863-0e0f-a529dc6bb8fb" executionId="2c84c1c0-1728-4ad0-b515-90726c94f5fb" testListId="8c84fa94-04c1-424b-9868-57a2d4851a1d" />
    <TestEntry testId="193a11f6-4b17-d1ef-c250-c0fe4cb25126" executionId="9c78f1ea-9e90-4b22-aafa-447f688e0853" testListId="8c84fa94-04c1-424b-9868-57a2d4851a1d" />
    <TestEntry testId="8e51390e-1efa-5daa-8425-b64ef80e5360" executionId="ce3a310f-1953-448b-822b-807b9379cf99" testListId="8c84fa94-04c1-424b-9868-57a2d4851a1d" />
    <TestEntry testId="a5f190e2-b70f-5d95-d0dd-7f9676a0187c" executionId="8813a490-94c4-4b1b-a0a2-fdadef8e11d0" testListId="8c84fa94-04c1-424b-9868-57a2d4851a1d" />
    <TestEntry testId="4f5d0bf6-7352-a8df-9ebb-022f5a7d6ade" executionId="acb918b3-10d4-4e22-ba0c-50a9ebc4d0fb" testListId="8c84fa94-04c1-424b-9868-57a2d4851a1d" />
    <TestEntry testId="77396a42-ca0c-4c2f-1b2b-d8962b421e6e" executionId="a6bc4c9f-4aaf-4435-a881-a6468bb1a042" testListId="8c84fa94-04c1-424b-9868-57a2d4851a1d" />
    <TestEntry testId="edd1ea20-3e82-7852-763f-2bdcd63fa462" executionId="6efe2d39-a6b7-4577-a5ae-414261c8bbd7" testListId="8c84fa94-04c1-424b-9868-57a2d4851a1d" />
    <TestEntry testId="5219aabb-a4d6-3d14-e2de-9f32a83c3293" executionId="606e0b71-3907-46ef-b26f-4db7bfe7887d" testListId="8c84fa94-04c1-424b-9868-57a2d4851a1d" />
    <TestEntry testId="19385a11-fbb8-d842-4606-0aac7bcf626e" executionId="1d4cdbe9-278e-49a7-b949-c3001f0247a7" testListId="8c84fa94-04c1-424b-9868-57a2d4851a1d" />
    <TestEntry testId="15f1b4a6-3114-206b-d21f-1f712f09cf35" executionId="ddcea843-acb4-4585-bb0f-fe83d0195542" testListId="8c84fa94-04c1-424b-9868-57a2d4851a1d" />
    <TestEntry testId="36be49c6-7ba4-f768-3d0c-7b18ef0fe322" executionId="a00baa66-e183-492b-b9b7-51b17e1d5cd1" testListId="8c84fa94-04c1-424b-9868-57a2d4851a1d" />
    <TestEntry testId="1b0be1bb-7f8c-33c2-9d42-a2bd6446de21" executionId="c7915c1b-0031-4735-8d0e-1408cbd7a21b" testListId="8c84fa94-04c1-424b-9868-57a2d4851a1d" />
    <TestEntry testId="54cbd2c9-2c14-5d7c-788b-55433ddc37c8" executionId="c83d9cff-8bfb-4d09-a1d1-2f2301c20669" testListId="8c84fa94-04c1-424b-9868-57a2d4851a1d" />
    <TestEntry testId="f6f31c17-f448-96b9-5e0b-4ad05376715a" executionId="a9a16028-17fa-45cd-9b76-33dbe80007ec" testListId="8c84fa94-04c1-424b-9868-57a2d4851a1d" />
    <TestEntry testId="128df1f6-2dba-6f9d-2722-acbbb446697a" executionId="7c8a85aa-8bdc-4546-9c9b-599961ca6901" testListId="8c84fa94-04c1-424b-9868-57a2d4851a1d" />
    <TestEntry testId="3351a487-70da-6598-8f8c-1ccace68142e" executionId="c2e0239c-41ca-4f71-9a68-ddd8a3141328" testListId="8c84fa94-04c1-424b-9868-57a2d4851a1d" />
    <TestEntry testId="a2312269-4b44-2eda-25eb-72409db9a764" executionId="8a18fbb3-209f-4dd6-aaee-578294985fea" testListId="8c84fa94-04c1-424b-9868-57a2d4851a1d" />
    <TestEntry testId="c1fdf84b-2a00-7bdd-f38e-e5fa46bad971" executionId="d619f7fa-70d2-429b-bfff-82ee1d1ff2e6" testListId="8c84fa94-04c1-424b-9868-57a2d4851a1d" />
    <TestEntry testId="3e6e78aa-3677-02ee-e2e3-42029fc906e9" executionId="eb7b4373-b733-418f-b7fa-793a6ac896e0" testListId="8c84fa94-04c1-424b-9868-57a2d4851a1d" />
    <TestEntry testId="802ba86f-52f2-b3a4-c4b3-a272a5e45c08" executionId="34bd3ee9-c9fb-4ed0-95ed-cfc959eea41f" testListId="8c84fa94-04c1-424b-9868-57a2d4851a1d" />
    <TestEntry testId="476c84a2-389c-4852-9d67-b4411a6d5697" executionId="7803f52f-65c4-466a-b109-90579a3ba404" testListId="8c84fa94-04c1-424b-9868-57a2d4851a1d" />
    <TestEntry testId="7652f7a4-b779-e119-2d34-df5614761ae9" executionId="ec358bf9-f9a8-4d6e-8378-790d818ebbc6" testListId="8c84fa94-04c1-424b-9868-57a2d4851a1d" />
    <TestEntry testId="5b9490ba-fd58-3719-d8c1-946c25f35324" executionId="130d1fbb-3466-4fb3-8d43-2cfecf62fe30" testListId="8c84fa94-04c1-424b-9868-57a2d4851a1d" />
    <TestEntry testId="7fa69f16-9d63-fc00-9fef-9d262e39b9ae" executionId="16831515-71e4-45de-8bc3-3e7c2589c574" testListId="8c84fa94-04c1-424b-9868-57a2d4851a1d" />
  </TestEntries>
  <TestLists>
    <TestList name="Ergebnisse nicht in einer Liste" id="8c84fa94-04c1-424b-9868-57a2d4851a1d" />
    <TestList name="Alle geladenen Ergebnisse" id="19431567-8539-422a-85d7-44ee4e166bda" />
  </TestLists>
  <ResultSummary outcome="Completed">
    <Counters total="56" executed="56" passed="56" failed="0" error="0" timeout="0" aborted="0" inconclusive="0" passedButRunAborted="0" notRunnable="0" notExecuted="0" disconnected="0" warning="0" completed="0" inProgress="0" pending="0" />
    <Output>
      <StdOut>[xUnit.net 00:00:00.00] xUnit.net VSTest Adapter v2.5.3.1+6b60a9e56a (64-bit .NET 8.0.13)&#xD;
[xUnit.net 00:00:00.45]   Discovering: ProcessCsvBlobTrigger.Core.Tests&#xD;
[xUnit.net 00:00:00.51]   Discovered:  ProcessCsvBlobTrigger.Core.Tests&#xD;
[xUnit.net 00:00:00.51]   Starting:    ProcessCsvBlobTrigger.Core.Tests&#xD;
Failed to log information: Logger failed&#xD;
Failed to log success information: Logger failed&#xD;
Error logging to database: Cannot access a disposed context instance. A common cause of this error is disposing a context instance that was resolved from dependency injection and then later trying to use the same context instance elsewhere in your application. This may occur if you are calling 'Dispose' on the context instance, or wrapping it in a using statement. If you are using dependency injection, you should let the dependency injection container take care of disposing context instances.&#xD;
Object name: 'ApplicationDbContext'.&#xD;
[xUnit.net 00:00:01.61]   Finished:    ProcessCsvBlobTrigger.Core.Tests&#xD;
</StdOut>
    </Output>
    <CollectorDataEntries>
      <Collector agentName="DESKTOP-C64836I" uri="datacollector://microsoft/CoverletCodeCoverage/1.0" collectorDisplayName="XPlat code coverage">
        <UriAttachments>
          <UriAttachment>
            <A href="DESKTOP-C64836I\coverage.cobertura.xml"></A>
          </UriAttachment>
        </UriAttachments>
      </Collector>
    </CollectorDataEntries>
  </ResultSummary>
</TestRun>