<?xml version="1.0" encoding="utf-8"?>
<TestRun id="368b83cf-869c-4e87-8868-26e3b0063a36" name="mario@DESKTOP-C64836I 2025-11-14 22:28:09" runUser="DESKTOP-C64836I\mario" xmlns="http://microsoft.com/schemas/VisualStudio/TeamTest/2010">
  <Times creation="2025-11-14T22:28:09.7227233+01:00" queuing="2025-11-14T22:28:09.7227237+01:00" start="2025-11-14T22:28:08.4234963+01:00" finish="2025-11-14T22:28:11.4953792+01:00" />
  <TestSettings name="default" id="6c457ee3-5ddd-4cc6-b0d9-bc7125e98529">
    <Deployment runDeploymentRoot="mario_DESKTOP-C64836I_2025-11-14_22_28_09" />
  </TestSettings>
  <Results>
    <UnitTestResult executionId="c6170cdf-da82-4bee-ab00-cd2d70429a04" testId="15f1b4a6-3114-206b-d21f-1f712f09cf35" testName="ProcessCsvBlobTrigger.Core.Tests.Services.DataServiceAdapterTests.ProcessChunksAsync_WithNullRecordsInChunk_SkipsNullRecords" computerName="DESKTOP-C64836I" duration="00:00:00.0629873" startTime="2025-11-14T22:28:10.7833161+01:00" endTime="2025-11-14T22:28:10.7833166+01:00" testType="13cdc9d9-ddb5-4fa4-a97d-d965ccfc6d4b" outcome="Passed" testListId="8c84fa94-04c1-424b-9868-57a2d4851a1d" relativeResultsDirectory="c6170cdf-da82-4bee-ab00-cd2d70429a04" />
    <UnitTestResult executionId="510e2243-be81-4e2a-83d3-18042ea380a4" testId="128df1f6-2dba-6f9d-2722-acbbb446697a" testName="ProcessCsvBlobTrigger.Core.Tests.Processors.CsvProcessorTests.ProcessCsvAsync_ValidCsv_ReturnsSuccess" computerName="DESKTOP-C64836I" duration="00:00:00.0052185" startTime="2025-11-14T22:28:09.8445104+01:00" endTime="2025-11-14T22:28:09.8445109+01:00" testType="13cdc9d9-ddb5-4fa4-a97d-d965ccfc6d4b" outcome="Passed" testListId="8c84fa94-04c1-424b-9868-57a2d4851a1d" relativeResultsDirectory="510e2243-be81-4e2a-83d3-18042ea380a4" />
    <UnitTestResult executionId="a70c09c0-8a62-46c9-a7d3-b0c9fd80bcba" testId="6ebc215c-7667-df10-a807-db0a9ca941f7" testName="ProcessCsvBlobTrigger.Core.Tests.Services.LoggingServiceAdapterTests.LogAsync_WithContext_LogsToDatabase" computerName="DESKTOP-C64836I" duration="00:00:00.0090160" startTime="2025-11-14T22:28:10.7809612+01:00" endTime="2025-11-14T22:28:10.7809614+01:00" testType="13cdc9d9-ddb5-4fa4-a97d-d965ccfc6d4b" outcome="Passed" testListId="8c84fa94-04c1-424b-9868-57a2d4851a1d" relativeResultsDirectory="a70c09c0-8a62-46c9-a7d3-b0c9fd80bcba" />
    <UnitTestResult executionId="8ba98a66-4283-46b6-b07c-6b0207789b5a" testId="edd1ea20-3e82-7852-763f-2bdcd63fa462" testName="ProcessCsvBlobTrigger.Core.Tests.Services.LoggingServiceAdapterTests.LogAsync_WithEmptyMessage_UsesDefaultMessage" computerName="DESKTOP-C64836I" duration="00:00:00.0727926" startTime="2025-11-14T22:28:10.7718318+01:00" endTime="2025-11-14T22:28:10.7718321+01:00" testType="13cdc9d9-ddb5-4fa4-a97d-d965ccfc6d4b" outcome="Passed" testListId="8c84fa94-04c1-424b-9868-57a2d4851a1d" relativeResultsDirectory="8ba98a66-4283-46b6-b07c-6b0207789b5a" />
    <UnitTestResult executionId="a2df55ab-8e4e-4c18-82c3-62c54beec14b" testId="92bb14d4-f940-1dd3-b0df-b2d542fc38bb" testName="ProcessCsvBlobTrigger.Core.Tests.Services.LoggingServiceAdapterTests.LogAsync_WithoutContext_LogsToLogger" computerName="DESKTOP-C64836I" duration="00:00:00.1653494" startTime="2025-11-14T22:28:09.7327338+01:00" endTime="2025-11-14T22:28:09.7327343+01:00" testType="13cdc9d9-ddb5-4fa4-a97d-d965ccfc6d4b" outcome="Passed" testListId="8c84fa94-04c1-424b-9868-57a2d4851a1d" relativeResultsDirectory="a2df55ab-8e4e-4c18-82c3-62c54beec14b" />
    <UnitTestResult executionId="4f3319db-af23-4445-8329-ee5342bd1899" testId="a5f190e2-b70f-5d95-d0dd-7f9676a0187c" testName="ProcessCsvBlobTrigger.Core.Tests.Services.DataServiceAdapterTests.ProcessChunksAsync_WithMultipleChunks_ProcessesSequentially" computerName="DESKTOP-C64836I" duration="00:00:00.0044339" startTime="2025-11-14T22:28:10.7911499+01:00" endTime="2025-11-14T22:28:10.7911501+01:00" testType="13cdc9d9-ddb5-4fa4-a97d-d965ccfc6d4b" outcome="Passed" testListId="8c84fa94-04c1-424b-9868-57a2d4851a1d" relativeResultsDirectory="4f3319db-af23-4445-8329-ee5342bd1899" />
    <UnitTestResult executionId="632b635f-e56d-4fcc-b635-70ed96805c2b" testId="7fa69f16-9d63-fc00-9fef-9d262e39b9ae" testName="ProcessCsvBlobTrigger.Core.Tests.Processors.CsvProcessorTests.ProcessCsvAsync_EncodingError_ReturnsFailure" computerName="DESKTOP-C64836I" duration="00:00:00.0018058" startTime="2025-11-14T22:28:09.8356845+01:00" endTime="2025-11-14T22:28:09.8356849+01:00" testType="13cdc9d9-ddb5-4fa4-a97d-d965ccfc6d4b" outcome="Passed" testListId="8c84fa94-04c1-424b-9868-57a2d4851a1d" relativeResultsDirectory="632b635f-e56d-4fcc-b635-70ed96805c2b" />
    <UnitTestResult executionId="68880b0f-210c-48ff-8ffe-015a4b6222a4" testId="eb492079-2fdf-5aa4-cbe1-acef3b3306dc" testName="ProcessCsvBlobTrigger.Core.Tests.Processors.CsvProcessorTests.ProcessCsvAsync_WithCancellationToken_RespectsCancellation" computerName="DESKTOP-C64836I" duration="00:00:00.0010477" startTime="2025-11-14T22:28:09.8368360+01:00" endTime="2025-11-14T22:28:09.8368363+01:00" testType="13cdc9d9-ddb5-4fa4-a97d-d965ccfc6d4b" outcome="Passed" testListId="8c84fa94-04c1-424b-9868-57a2d4851a1d" relativeResultsDirectory="68880b0f-210c-48ff-8ffe-015a4b6222a4" />
    <UnitTestResult executionId="ec262687-b504-47d4-80e3-0024888e76c6" testId="5219aabb-a4d6-3d14-e2de-9f32a83c3293" testName="ProcessCsvBlobTrigger.Core.Tests.Processors.CsvProcessorTests.ProcessCsvAsync_NullBlobContent_ReturnsFailure" computerName="DESKTOP-C64836I" duration="00:00:00.0017887" startTime="2025-11-14T22:28:09.7838341+01:00" endTime="2025-11-14T22:28:09.7838348+01:00" testType="13cdc9d9-ddb5-4fa4-a97d-d965ccfc6d4b" outcome="Passed" testListId="8c84fa94-04c1-424b-9868-57a2d4851a1d" relativeResultsDirectory="ec262687-b504-47d4-80e3-0024888e76c6" />
    <UnitTestResult executionId="be2c8084-ea58-4bd0-83a9-4432c58f1a33" testId="d83d9b2d-8ca8-4d4b-9919-af7972cf1502" testName="ProcessCsvBlobTrigger.Core.Tests.Services.DataServiceAdapterTests.ProcessChunksAsync_WithNullChunks_DoesNotThrow" computerName="DESKTOP-C64836I" duration="00:00:00.0031659" startTime="2025-11-14T22:28:10.7944475+01:00" endTime="2025-11-14T22:28:10.7944478+01:00" testType="13cdc9d9-ddb5-4fa4-a97d-d965ccfc6d4b" outcome="Passed" testListId="8c84fa94-04c1-424b-9868-57a2d4851a1d" relativeResultsDirectory="be2c8084-ea58-4bd0-83a9-4432c58f1a33" />
    <UnitTestResult executionId="30ed8011-2e14-47c8-97c2-712395491ee1" testId="19385a11-fbb8-d842-4606-0aac7bcf626e" testName="ProcessCsvBlobTrigger.Core.Tests.Processors.CsvProcessorTests.ProcessCsvAsync_ExceptionWithNullStackTrace_HandlesGracefully" computerName="DESKTOP-C64836I" duration="00:00:00.0040621" startTime="2025-11-14T22:28:09.8337306+01:00" endTime="2025-11-14T22:28:09.8337309+01:00" testType="13cdc9d9-ddb5-4fa4-a97d-d965ccfc6d4b" outcome="Passed" testListId="8c84fa94-04c1-424b-9868-57a2d4851a1d" relativeResultsDirectory="30ed8011-2e14-47c8-97c2-712395491ee1" />
    <UnitTestResult executionId="a21e4322-95ff-43c2-a163-c6b10ba11ae9" testId="14151e32-deae-7245-8079-4bfeb3da5d9b" testName="ProcessCsvBlobTrigger.Core.Tests.Services.CsvProcessingServiceTests.CreateChunks_WithEmptyRecords_ReturnsEmptyChunks" computerName="DESKTOP-C64836I" duration="00:00:00.0005467" startTime="2025-11-14T22:28:09.6540766+01:00" endTime="2025-11-14T22:28:09.6540767+01:00" testType="13cdc9d9-ddb5-4fa4-a97d-d965ccfc6d4b" outcome="Passed" testListId="8c84fa94-04c1-424b-9868-57a2d4851a1d" relativeResultsDirectory="a21e4322-95ff-43c2-a163-c6b10ba11ae9" />
    <UnitTestResult executionId="a8731f76-51d2-4d25-8b0d-b0b41fd56e6b" testId="f712aff6-b880-9cdd-ef28-9276311b592c" testName="ProcessCsvBlobTrigger.Core.Tests.Processors.CsvProcessorTests.ProcessCsvAsync_EmptyCsv_ReturnsSuccessWithZeroRecords" computerName="DESKTOP-C64836I" duration="00:00:00.0019746" startTime="2025-11-14T22:28:09.8466024+01:00" endTime="2025-11-14T22:28:09.8466027+01:00" testType="13cdc9d9-ddb5-4fa4-a97d-d965ccfc6d4b" outcome="Passed" testListId="8c84fa94-04c1-424b-9868-57a2d4851a1d" relativeResultsDirectory="a8731f76-51d2-4d25-8b0d-b0b41fd56e6b" />
    <UnitTestResult executionId="dfda706a-ad86-4fe6-87ef-4277327557bb" testId="0ca7e333-3a0e-171d-ecba-ad9588f818a1" testName="ProcessCsvBlobTrigger.Core.Tests.Services.DataServiceAdapterTests.EnsureDatabaseCreatedAsync_WithValidContext_CreatesDatabase" computerName="DESKTOP-C64836I" duration="00:00:00.0045241" startTime="2025-11-14T22:28:10.7990727+01:00" endTime="2025-11-14T22:28:10.7990730+01:00" testType="13cdc9d9-ddb5-4fa4-a97d-d965ccfc6d4b" outcome="Passed" testListId="8c84fa94-04c1-424b-9868-57a2d4851a1d" relativeResultsDirectory="dfda706a-ad86-4fe6-87ef-4277327557bb" />
    <UnitTestResult executionId="b79eed04-35bf-47f2-a97f-214201cca33e" testId="3c7d87b7-acc5-efc7-6edd-22a5a5730365" testName="ProcessCsvBlobTrigger.Core.Tests.Services.CsvProcessingServiceTests.ParseCsv_WithMissingValues_FillsWithEmptyString" computerName="DESKTOP-C64836I" duration="00:00:00.0096595" startTime="2025-11-14T22:28:09.5957948+01:00" endTime="2025-11-14T22:28:09.5957951+01:00" testType="13cdc9d9-ddb5-4fa4-a97d-d965ccfc6d4b" outcome="Passed" testListId="8c84fa94-04c1-424b-9868-57a2d4851a1d" relativeResultsDirectory="b79eed04-35bf-47f2-a97f-214201cca33e" />
    <UnitTestResult executionId="104b0284-09a1-4f1c-acb2-69081fc8c7e7" testId="58ba8fdd-9e1f-32ef-d7ad-177dd3283bbe" testName="ProcessCsvBlobTrigger.Core.Tests.Services.LoggingServiceAdapterTests.LogAsync_WithCancellationToken_RespectsCancellation" computerName="DESKTOP-C64836I" duration="00:00:00.0038969" startTime="2025-11-14T22:28:10.7849724+01:00" endTime="2025-11-14T22:28:10.7849727+01:00" testType="13cdc9d9-ddb5-4fa4-a97d-d965ccfc6d4b" outcome="Passed" testListId="8c84fa94-04c1-424b-9868-57a2d4851a1d" relativeResultsDirectory="104b0284-09a1-4f1c-acb2-69081fc8c7e7" />
    <UnitTestResult executionId="a4bf11bb-2f3f-4ec6-927f-5b45d7aa30f9" testId="3983da57-7be5-724e-1da8-3e02f314a47c" testName="ProcessCsvBlobTrigger.Core.Tests.Services.CsvProcessingServiceTests.CreateChunks_MoreThan100Records_CreatesMultipleChunks" computerName="DESKTOP-C64836I" duration="00:00:00.0015020" startTime="2025-11-14T22:28:09.6568774+01:00" endTime="2025-11-14T22:28:09.6568775+01:00" testType="13cdc9d9-ddb5-4fa4-a97d-d965ccfc6d4b" outcome="Passed" testListId="8c84fa94-04c1-424b-9868-57a2d4851a1d" relativeResultsDirectory="a4bf11bb-2f3f-4ec6-927f-5b45d7aa30f9" />
    <UnitTestResult executionId="6c7d0fc2-0c1c-4eed-8e35-3ac12ae584b3" testId="62957e48-67df-0988-3f57-3bc105c2a7b8" testName="ProcessCsvBlobTrigger.Core.Tests.Processors.CsvProcessorTests.ProcessCsvAsync_LoggerThrowsException_HandlesGracefully" computerName="DESKTOP-C64836I" duration="00:00:00.0141364" startTime="2025-11-14T22:28:09.8185316+01:00" endTime="2025-11-14T22:28:09.8185320+01:00" testType="13cdc9d9-ddb5-4fa4-a97d-d965ccfc6d4b" outcome="Passed" testListId="8c84fa94-04c1-424b-9868-57a2d4851a1d" relativeResultsDirectory="6c7d0fc2-0c1c-4eed-8e35-3ac12ae584b3" />
    <UnitTestResult executionId="a38a6360-5848-4ad7-836e-b3abf9cf797d" testId="db5d2e57-e82d-2131-f47e-5949ef75f3d2" testName="ProcessCsvBlobTrigger.Core.Tests.Services.CsvProcessingServiceTests.ParseCsv_WithQuotedValues_HandlesQuotes" computerName="DESKTOP-C64836I" duration="00:00:00.0003942" startTime="2025-11-14T22:28:09.6541708+01:00" endTime="2025-11-14T22:28:09.6541709+01:00" testType="13cdc9d9-ddb5-4fa4-a97d-d965ccfc6d4b" outcome="Passed" testListId="8c84fa94-04c1-424b-9868-57a2d4851a1d" relativeResultsDirectory="a38a6360-5848-4ad7-836e-b3abf9cf797d" />
    <UnitTestResult executionId="4bf40e22-5a92-4252-92a6-43548ef9b0d2" testId="3c4ee524-9655-7028-b3ca-4678683564a5" testName="ProcessCsvBlobTrigger.Core.Tests.Services.LoggingServiceAdapterTests.LogAsync_DatabaseFailure_FallsBackToLogger" computerName="DESKTOP-C64836I" duration="00:00:00.0033743" startTime="2025-11-14T22:28:10.7966149+01:00" endTime="2025-11-14T22:28:10.7966153+01:00" testType="13cdc9d9-ddb5-4fa4-a97d-d965ccfc6d4b" outcome="Passed" testListId="8c84fa94-04c1-424b-9868-57a2d4851a1d" relativeResultsDirectory="4bf40e22-5a92-4252-92a6-43548ef9b0d2" />
    <UnitTestResult executionId="e2b95ac5-0065-4b5c-abc2-cb97e896330e" testId="7652f7a4-b779-e119-2d34-df5614761ae9" testName="ProcessCsvBlobTrigger.Core.Tests.Services.CsvProcessingServiceTests.CreateChunks_WithExactly100Records_CreatesSingleChunk" computerName="DESKTOP-C64836I" duration="00:00:00.0015705" startTime="2025-11-14T22:28:09.6542076+01:00" endTime="2025-11-14T22:28:09.6542077+01:00" testType="13cdc9d9-ddb5-4fa4-a97d-d965ccfc6d4b" outcome="Passed" testListId="8c84fa94-04c1-424b-9868-57a2d4851a1d" relativeResultsDirectory="e2b95ac5-0065-4b5c-abc2-cb97e896330e" />
    <UnitTestResult executionId="94ea579e-c100-4e0a-b13b-042a1b0bead0" testId="f19871de-b1b1-9cba-9899-1a7f8fded4d7" testName="ProcessCsvBlobTrigger.Core.Tests.Processors.CsvProcessorTests.ProcessCsvAsync_ExceptionWithLongStackTrace_TruncatesStackTrace" computerName="DESKTOP-C64836I" duration="00:00:00.0021587" startTime="2025-11-14T22:28:09.8391068+01:00" endTime="2025-11-14T22:28:09.8391072+01:00" testType="13cdc9d9-ddb5-4fa4-a97d-d965ccfc6d4b" outcome="Passed" testListId="8c84fa94-04c1-424b-9868-57a2d4851a1d" relativeResultsDirectory="94ea579e-c100-4e0a-b13b-042a1b0bead0" />
    <UnitTestResult executionId="73ff2f8c-2409-4d37-a596-5dce5697ccd4" testId="c1fdf84b-2a00-7bdd-f38e-e5fa46bad971" testName="ProcessCsvBlobTrigger.Core.Tests.Services.CsvProcessingServiceTests.CreateChunks_ValidRecords_CreatesChunks" computerName="DESKTOP-C64836I" duration="00:00:00.0009656" startTime="2025-11-14T22:28:09.6567915+01:00" endTime="2025-11-14T22:28:09.6567916+01:00" testType="13cdc9d9-ddb5-4fa4-a97d-d965ccfc6d4b" outcome="Passed" testListId="8c84fa94-04c1-424b-9868-57a2d4851a1d" relativeResultsDirectory="73ff2f8c-2409-4d37-a596-5dce5697ccd4" />
    <UnitTestResult executionId="f01a6985-2e5d-418c-b3bf-b7ace2972919" testId="c1c02c32-581a-abb7-14bd-b5d813cb54b0" testName="ProcessCsvBlobTrigger.Core.Tests.Processors.CsvProcessorTests.ProcessCsvAsync_ProcessingError_ReturnsFailure" computerName="DESKTOP-C64836I" duration="00:00:00.0022616" startTime="2025-11-14T22:28:09.8042826+01:00" endTime="2025-11-14T22:28:09.8042829+01:00" testType="13cdc9d9-ddb5-4fa4-a97d-d965ccfc6d4b" outcome="Passed" testListId="8c84fa94-04c1-424b-9868-57a2d4851a1d" relativeResultsDirectory="f01a6985-2e5d-418c-b3bf-b7ace2972919" />
    <UnitTestResult executionId="1438567e-1b23-4c84-8c10-7ceac40de8fc" testId="61a8a050-a98e-a07e-9f79-a2fbeb3ecbbf" testName="ProcessCsvBlobTrigger.Core.Tests.Services.DataServiceAdapterTests.ProcessChunksAsync_WithValidChunks_InsertsData" computerName="DESKTOP-C64836I" duration="00:00:00.0031088" startTime="2025-11-14T22:28:10.7865602+01:00" endTime="2025-11-14T22:28:10.7865604+01:00" testType="13cdc9d9-ddb5-4fa4-a97d-d965ccfc6d4b" outcome="Passed" testListId="8c84fa94-04c1-424b-9868-57a2d4851a1d" relativeResultsDirectory="1438567e-1b23-4c84-8c10-7ceac40de8fc" />
    <UnitTestResult executionId="a8347154-020b-4580-a7e3-0ed291de6878" testId="3e6e78aa-3677-02ee-e2e3-42029fc906e9" testName="ProcessCsvBlobTrigger.Core.Tests.Services.LoggingServiceTests.LogBatchAsync_WithMultipleLogs_LogsAll" computerName="DESKTOP-C64836I" duration="00:00:00.0708404" startTime="2025-11-14T22:28:10.7733452+01:00" endTime="2025-11-14T22:28:10.7733455+01:00" testType="13cdc9d9-ddb5-4fa4-a97d-d965ccfc6d4b" outcome="Passed" testListId="8c84fa94-04c1-424b-9868-57a2d4851a1d" relativeResultsDirectory="a8347154-020b-4580-a7e3-0ed291de6878" />
    <UnitTestResult executionId="9cb42451-25e6-4827-83bc-5216c79f2723" testId="11587d91-4107-723e-fb0a-3cb17303ad50" testName="ProcessCsvBlobTrigger.Core.Tests.Processors.CsvProcessorTests.ProcessCsvAsync_ExceptionWithNullMessage_HandlesGracefully" computerName="DESKTOP-C64836I" duration="00:00:00.0134140" startTime="2025-11-14T22:28:09.7974367+01:00" endTime="2025-11-14T22:28:09.7974372+01:00" testType="13cdc9d9-ddb5-4fa4-a97d-d965ccfc6d4b" outcome="Passed" testListId="8c84fa94-04c1-424b-9868-57a2d4851a1d" relativeResultsDirectory="9cb42451-25e6-4827-83bc-5216c79f2723" />
    <UnitTestResult executionId="3e6a83db-9973-412c-84cf-1b8203904233" testId="4f5d0bf6-7352-a8df-9ebb-022f5a7d6ade" testName="ProcessCsvBlobTrigger.Core.Tests.Interfaces.ProcessingResultTests.Failure_WithErrorMessage_CreatesFailureResult" computerName="DESKTOP-C64836I" duration="00:00:00.0196512" startTime="2025-11-14T22:28:09.5949250+01:00" endTime="2025-11-14T22:28:09.5949251+01:00" testType="13cdc9d9-ddb5-4fa4-a97d-d965ccfc6d4b" outcome="Passed" testListId="8c84fa94-04c1-424b-9868-57a2d4851a1d" relativeResultsDirectory="3e6a83db-9973-412c-84cf-1b8203904233" />
    <UnitTestResult executionId="606bf3c9-4ff8-4aed-8f35-72b107398b3a" testId="72640ea2-2c6b-fc25-263d-37cb47888e6d" testName="ProcessCsvBlobTrigger.Core.Tests.Services.DataServiceAdapterTests.ProcessChunksAsync_WithEmptyChunk_SkipsEmptyChunk" computerName="DESKTOP-C64836I" duration="00:00:01.0179997" startTime="2025-11-14T22:28:10.6989872+01:00" endTime="2025-11-14T22:28:10.6989873+01:00" testType="13cdc9d9-ddb5-4fa4-a97d-d965ccfc6d4b" outcome="Passed" testListId="8c84fa94-04c1-424b-9868-57a2d4851a1d" relativeResultsDirectory="606bf3c9-4ff8-4aed-8f35-72b107398b3a" />
    <UnitTestResult executionId="03ecbe78-ca6d-43a7-9b90-20d4b69e05c8" testId="64076717-ce7d-623e-0340-b9aaeacaaba3" testName="ProcessCsvBlobTrigger.Core.Tests.Services.CsvProcessingServiceTests.CreateChunks_WithInvalidSalary_ParsesAsZero" computerName="DESKTOP-C64836I" duration="00:00:00.0110327" startTime="2025-11-14T22:28:09.6540388+01:00" endTime="2025-11-14T22:28:09.6540388+01:00" testType="13cdc9d9-ddb5-4fa4-a97d-d965ccfc6d4b" outcome="Passed" testListId="8c84fa94-04c1-424b-9868-57a2d4851a1d" relativeResultsDirectory="03ecbe78-ca6d-43a7-9b90-20d4b69e05c8" />
    <UnitTestResult executionId="115dbbda-c391-4f83-99eb-83dbb4bb8022" testId="7d69da49-7f91-e29f-5cfe-038ad49eaba0" testName="ProcessCsvBlobTrigger.Core.Tests.Services.LoggingServiceTests.LogBatchAsync_WithEmptyList_DoesNotThrow" computerName="DESKTOP-C64836I" duration="00:00:00.0032810" startTime="2025-11-14T22:28:10.7768322+01:00" endTime="2025-11-14T22:28:10.7768325+01:00" testType="13cdc9d9-ddb5-4fa4-a97d-d965ccfc6d4b" outcome="Passed" testListId="8c84fa94-04c1-424b-9868-57a2d4851a1d" relativeResultsDirectory="115dbbda-c391-4f83-99eb-83dbb4bb8022" />
    <UnitTestResult executionId="4139b6bb-def8-4566-a9d8-ac2d78f26a16" testId="8736b63c-f968-5aff-855b-76925d34d7f0" testName="ProcessCsvBlobTrigger.Core.Tests.Services.CsvProcessingServiceTests.CreateChunks_WithNullRecords_ThrowsException" computerName="DESKTOP-C64836I" duration="00:00:00.0017092" startTime="2025-11-14T22:28:09.6569553+01:00" endTime="2025-11-14T22:28:09.6569554+01:00" testType="13cdc9d9-ddb5-4fa4-a97d-d965ccfc6d4b" outcome="Passed" testListId="8c84fa94-04c1-424b-9868-57a2d4851a1d" relativeResultsDirectory="4139b6bb-def8-4566-a9d8-ac2d78f26a16" />
    <UnitTestResult executionId="658b4c74-2637-4cca-8923-5a8ef8e72788" testId="476c84a2-389c-4852-9d67-b4411a6d5697" testName="ProcessCsvBlobTrigger.Core.Tests.Processors.CsvProcessorTests.ProcessCsvAsync_EmptyChunksAfterCreation_ReturnsSuccess" computerName="DESKTOP-C64836I" duration="00:00:00.0041662" startTime="2025-11-14T22:28:09.8018634+01:00" endTime="2025-11-14T22:28:09.8018639+01:00" testType="13cdc9d9-ddb5-4fa4-a97d-d965ccfc6d4b" outcome="Passed" testListId="8c84fa94-04c1-424b-9868-57a2d4851a1d" relativeResultsDirectory="658b4c74-2637-4cca-8923-5a8ef8e72788" />
    <UnitTestResult executionId="8c23fbd7-0d56-4871-bacd-a38485f5e318" testId="54cbd2c9-2c14-5d7c-788b-55433ddc37c8" testName="ProcessCsvBlobTrigger.Core.Tests.Services.CsvProcessingServiceTests.CreateChunks_WithInvalidAge_ParsesAsZero" computerName="DESKTOP-C64836I" duration="00:00:00.0004060" startTime="2025-11-14T22:28:09.6542812+01:00" endTime="2025-11-14T22:28:09.6542812+01:00" testType="13cdc9d9-ddb5-4fa4-a97d-d965ccfc6d4b" outcome="Passed" testListId="8c84fa94-04c1-424b-9868-57a2d4851a1d" relativeResultsDirectory="8c23fbd7-0d56-4871-bacd-a38485f5e318" />
    <UnitTestResult executionId="5f9a0278-c4c7-4bad-84ca-e4deea67e57b" testId="74d72e77-8c60-4861-d286-c867b0460289" testName="ProcessCsvBlobTrigger.Core.Tests.Services.CsvProcessingServiceTests.ParseCsv_WithOnlyWhitespace_ReturnsEmptyList" computerName="DESKTOP-C64836I" duration="00:00:00.0001611" startTime="2025-11-14T22:28:09.6542450+01:00" endTime="2025-11-14T22:28:09.6542450+01:00" testType="13cdc9d9-ddb5-4fa4-a97d-d965ccfc6d4b" outcome="Passed" testListId="8c84fa94-04c1-424b-9868-57a2d4851a1d" relativeResultsDirectory="5f9a0278-c4c7-4bad-84ca-e4deea67e57b" />
    <UnitTestResult executionId="fe41276f-f4a9-4b3e-9160-5b02e5c2ea14" testId="1b0be1bb-7f8c-33c2-9d42-a2bd6446de21" testName="ProcessCsvBlobTrigger.Core.Tests.Processors.CsvProcessorTests.ProcessCsvAsync_NullChunksAfterCreation_ReturnsSuccess" computerName="DESKTOP-C64836I" duration="00:00:00.0038872" startTime="2025-11-14T22:28:09.8225660+01:00" endTime="2025-11-14T22:28:09.8225663+01:00" testType="13cdc9d9-ddb5-4fa4-a97d-d965ccfc6d4b" outcome="Passed" testListId="8c84fa94-04c1-424b-9868-57a2d4851a1d" relativeResultsDirectory="fe41276f-f4a9-4b3e-9160-5b02e5c2ea14" />
    <UnitTestResult executionId="7d550e94-e755-4e64-aa6c-10103c84c65d" testId="7189cdbb-26e6-1188-3b5a-99446cbb0818" testName="ProcessCsvBlobTrigger.Core.Tests.Services.CsvProcessingServiceTests.CreateChunks_RecordsWithoutId_ExcludesFromChunks" computerName="DESKTOP-C64836I" duration="00:00:00.0008401" startTime="2025-11-14T22:28:09.6570338+01:00" endTime="2025-11-14T22:28:09.6570339+01:00" testType="13cdc9d9-ddb5-4fa4-a97d-d965ccfc6d4b" outcome="Passed" testListId="8c84fa94-04c1-424b-9868-57a2d4851a1d" relativeResultsDirectory="7d550e94-e755-4e64-aa6c-10103c84c65d" />
    <UnitTestResult executionId="d8ad96bd-82da-4ace-8233-267ce4e0aa5a" testId="bc5d880c-54f3-bcc5-7fbb-701c93c8718c" testName="ProcessCsvBlobTrigger.Core.Tests.Services.LoggingServiceTests.LogAsync_WithNullDetails_LogsWithoutDetails" computerName="DESKTOP-C64836I" duration="00:00:00.0020550" startTime="2025-11-14T22:28:10.7789248+01:00" endTime="2025-11-14T22:28:10.7789250+01:00" testType="13cdc9d9-ddb5-4fa4-a97d-d965ccfc6d4b" outcome="Passed" testListId="8c84fa94-04c1-424b-9868-57a2d4851a1d" relativeResultsDirectory="d8ad96bd-82da-4ace-8233-267ce4e0aa5a" />
    <UnitTestResult executionId="b1a2f2b0-b926-4925-b58b-57e709385d3a" testId="36be49c6-7ba4-f768-3d0c-7b18ef0fe322" testName="ProcessCsvBlobTrigger.Core.Tests.Services.LoggingServiceAdapterTests.LogAsync_WithNullLevel_UsesUnknown" computerName="DESKTOP-C64836I" duration="00:00:00.9660176" startTime="2025-11-14T22:28:10.6990073+01:00" endTime="2025-11-14T22:28:10.6990074+01:00" testType="13cdc9d9-ddb5-4fa4-a97d-d965ccfc6d4b" outcome="Passed" testListId="8c84fa94-04c1-424b-9868-57a2d4851a1d" relativeResultsDirectory="b1a2f2b0-b926-4925-b58b-57e709385d3a" />
    <UnitTestResult executionId="d1ad8352-a950-4512-9f04-355d6243e6f0" testId="3fc2190e-6ec7-7ae6-eb97-a226d8437d93" testName="ProcessCsvBlobTrigger.Core.Tests.Services.DataServiceAdapterTests.EnsureDatabaseCreatedAsync_WithNullContext_ThrowsException" computerName="DESKTOP-C64836I" duration="00:00:00.1133378" startTime="2025-11-14T22:28:09.6808517+01:00" endTime="2025-11-14T22:28:09.6808520+01:00" testType="13cdc9d9-ddb5-4fa4-a97d-d965ccfc6d4b" outcome="Passed" testListId="8c84fa94-04c1-424b-9868-57a2d4851a1d" relativeResultsDirectory="d1ad8352-a950-4512-9f04-355d6243e6f0" />
    <UnitTestResult executionId="1167b581-fbdd-4def-a5be-085ec5ea93c3" testId="193a11f6-4b17-d1ef-c250-c0fe4cb25126" testName="ProcessCsvBlobTrigger.Core.Tests.Interfaces.ProcessingResultTests.Failure_WithNullException_CreatesFailureResult" computerName="DESKTOP-C64836I" duration="00:00:00.0003843" startTime="2025-11-14T22:28:09.5955161+01:00" endTime="2025-11-14T22:28:09.5955163+01:00" testType="13cdc9d9-ddb5-4fa4-a97d-d965ccfc6d4b" outcome="Passed" testListId="8c84fa94-04c1-424b-9868-57a2d4851a1d" relativeResultsDirectory="1167b581-fbdd-4def-a5be-085ec5ea93c3" />
    <UnitTestResult executionId="d41e84e2-0826-422c-847c-3d19540bdabb" testId="f6f31c17-f448-96b9-5e0b-4ad05376715a" testName="ProcessCsvBlobTrigger.Core.Tests.Processors.CsvProcessorTests.ProcessCsvAsync_NullBlobName_HandlesGracefully" computerName="DESKTOP-C64836I" duration="00:00:00.1906263" startTime="2025-11-14T22:28:09.7519591+01:00" endTime="2025-11-14T22:28:09.7519594+01:00" testType="13cdc9d9-ddb5-4fa4-a97d-d965ccfc6d4b" outcome="Passed" testListId="8c84fa94-04c1-424b-9868-57a2d4851a1d" relativeResultsDirectory="d41e84e2-0826-422c-847c-3d19540bdabb" />
    <UnitTestResult executionId="c736e2c4-feb9-4cdc-9758-6db5747908c3" testId="802ba86f-52f2-b3a4-c4b3-a272a5e45c08" testName="ProcessCsvBlobTrigger.Core.Tests.Services.CsvProcessingServiceTests.ParseCsv_WithWhitespace_TrimsValues" computerName="DESKTOP-C64836I" duration="00:00:00.0003910" startTime="2025-11-14T22:28:09.6537384+01:00" endTime="2025-11-14T22:28:09.6537385+01:00" testType="13cdc9d9-ddb5-4fa4-a97d-d965ccfc6d4b" outcome="Passed" testListId="8c84fa94-04c1-424b-9868-57a2d4851a1d" relativeResultsDirectory="c736e2c4-feb9-4cdc-9758-6db5747908c3" />
    <UnitTestResult executionId="c9094485-0eac-47a2-a141-5759036ea55a" testId="77396a42-ca0c-4c2f-1b2b-d8962b421e6e" testName="ProcessCsvBlobTrigger.Core.Tests.Services.CsvProcessingServiceTests.ParseCsv_EmptyContent_ReturnsEmptyList" computerName="DESKTOP-C64836I" duration="00:00:00.0004965" startTime="2025-11-14T22:28:09.6541224+01:00" endTime="2025-11-14T22:28:09.6541225+01:00" testType="13cdc9d9-ddb5-4fa4-a97d-d965ccfc6d4b" outcome="Passed" testListId="8c84fa94-04c1-424b-9868-57a2d4851a1d" relativeResultsDirectory="c9094485-0eac-47a2-a141-5759036ea55a" />
    <UnitTestResult executionId="7c03301d-97ba-4f08-b0f9-7a2388599de9" testId="237424e1-710f-7317-0222-bcf16ff18196" testName="ProcessCsvBlobTrigger.Core.Tests.Services.LoggingServiceTests.LogAsync_DatabaseFailure_DoesNotThrow" computerName="DESKTOP-C64836I" duration="00:00:00.0033259" startTime="2025-11-14T22:28:10.7023460+01:00" endTime="2025-11-14T22:28:10.7023464+01:00" testType="13cdc9d9-ddb5-4fa4-a97d-d965ccfc6d4b" outcome="Passed" testListId="8c84fa94-04c1-424b-9868-57a2d4851a1d" relativeResultsDirectory="7c03301d-97ba-4f08-b0f9-7a2388599de9" />
    <UnitTestResult executionId="1da41237-13d1-4491-a463-d80101a62e35" testId="e3a2c054-f3b5-58a9-b9f6-111b07136d0a" testName="ProcessCsvBlobTrigger.Core.Tests.Processors.CsvProcessorTests.ProcessCsvAsync_LoggingServiceThrowsException_HandlesGracefully" computerName="DESKTOP-C64836I" duration="00:00:00.0068568" startTime="2025-11-14T22:28:09.8295336+01:00" endTime="2025-11-14T22:28:09.8295338+01:00" testType="13cdc9d9-ddb5-4fa4-a97d-d965ccfc6d4b" outcome="Passed" testListId="8c84fa94-04c1-424b-9868-57a2d4851a1d" relativeResultsDirectory="1da41237-13d1-4491-a463-d80101a62e35" />
    <UnitTestResult executionId="7493246d-42ae-49ab-9115-a145168fb0e1" testId="3351a487-70da-6598-8f8c-1ccace68142e" testName="ProcessCsvBlobTrigger.Core.Tests.Processors.CsvProcessorTests.ProcessCsvAsync_CsvParsingError_ReturnsFailure" computerName="DESKTOP-C64836I" duration="00:00:00.0031633" startTime="2025-11-14T22:28:09.8501676+01:00" endTime="2025-11-14T22:28:09.8501679+01:00" testType="13cdc9d9-ddb5-4fa4-a97d-d965ccfc6d4b" outcome="Passed" testListId="8c84fa94-04c1-424b-9868-57a2d4851a1d" relativeResultsDirectory="7493246d-42ae-49ab-9115-a145168fb0e1" />
    <UnitTestResult executionId="e8276c2d-83db-4070-96b5-a1f1387278f6" testId="dc883e21-1285-42e5-6003-5c5db0b5274e" testName="ProcessCsvBlobTrigger.Core.Tests.Services.CsvProcessingServiceTests.ParseCsv_WithNullInput_ReturnsEmptyList" computerName="DESKTOP-C64836I" duration="00:00:00.0001862" startTime="2025-11-14T22:28:09.6571105+01:00" endTime="2025-11-14T22:28:09.6571106+01:00" testType="13cdc9d9-ddb5-4fa4-a97d-d965ccfc6d4b" outcome="Passed" testListId="8c84fa94-04c1-424b-9868-57a2d4851a1d" relativeResultsDirectory="e8276c2d-83db-4070-96b5-a1f1387278f6" />
    <UnitTestResult executionId="7391e303-b284-4d4c-b7ae-833f4c88353b" testId="8e51390e-1efa-5daa-8425-b64ef80e5360" testName="ProcessCsvBlobTrigger.Core.Tests.Services.DataServiceAdapterTests.ProcessChunksAsync_WithEmptyChunks_DoesNotThrow" computerName="DESKTOP-C64836I" duration="00:00:00.0211683" startTime="2025-11-14T22:28:10.7202024+01:00" endTime="2025-11-14T22:28:10.7202029+01:00" testType="13cdc9d9-ddb5-4fa4-a97d-d965ccfc6d4b" outcome="Passed" testListId="8c84fa94-04c1-424b-9868-57a2d4851a1d" relativeResultsDirectory="7391e303-b284-4d4c-b7ae-833f4c88353b" />
    <UnitTestResult executionId="7e3d5ee0-0e7e-4e87-ad1c-837e3346d726" testId="7c7e8dd0-9d05-3532-e052-8a691f51fc76" testName="ProcessCsvBlobTrigger.Core.Tests.Services.LoggingServiceTests.LogAsync_WithValidData_LogsToDatabase" computerName="DESKTOP-C64836I" duration="00:00:01.1314878" startTime="2025-11-14T22:28:10.6989282+01:00" endTime="2025-11-14T22:28:10.6989286+01:00" testType="13cdc9d9-ddb5-4fa4-a97d-d965ccfc6d4b" outcome="Passed" testListId="8c84fa94-04c1-424b-9868-57a2d4851a1d" relativeResultsDirectory="7e3d5ee0-0e7e-4e87-ad1c-837e3346d726" />
    <UnitTestResult executionId="131a4efc-d0a6-459e-8368-cc94f5fa41e2" testId="a2312269-4b44-2eda-25eb-72409db9a764" testName="ProcessCsvBlobTrigger.Core.Tests.Services.CsvProcessingServiceTests.ParseCsv_ValidCsv_ReturnsRecords" computerName="DESKTOP-C64836I" duration="00:00:00.0003200" startTime="2025-11-14T22:28:09.6539936+01:00" endTime="2025-11-14T22:28:09.6539938+01:00" testType="13cdc9d9-ddb5-4fa4-a97d-d965ccfc6d4b" outcome="Passed" testListId="8c84fa94-04c1-424b-9868-57a2d4851a1d" relativeResultsDirectory="131a4efc-d0a6-459e-8368-cc94f5fa41e2" />
    <UnitTestResult executionId="518c43fe-aeae-42e8-bb1f-dfe1e55bd66c" testId="afeb89df-c0bf-8388-0828-d20b0d5f10ee" testName="ProcessCsvBlobTrigger.Core.Tests.Services.CsvProcessingServiceTests.ParseCsv_OnlyHeaders_ReturnsEmptyList" computerName="DESKTOP-C64836I" duration="00:00:00.0135829" startTime="2025-11-14T22:28:09.5873096+01:00" endTime="2025-11-14T22:28:09.5873554+01:00" testType="13cdc9d9-ddb5-4fa4-a97d-d965ccfc6d4b" outcome="Passed" testListId="8c84fa94-04c1-424b-9868-57a2d4851a1d" relativeResultsDirectory="518c43fe-aeae-42e8-bb1f-dfe1e55bd66c" />
    <UnitTestResult executionId="a2ee9032-d16f-4303-8966-bd7ef57d5778" testId="5b9490ba-fd58-3719-d8c1-946c25f35324" testName="ProcessCsvBlobTrigger.Core.Tests.Services.CsvProcessingServiceTests.CreateChunks_WithInvalidId_ExcludesRecord" computerName="DESKTOP-C64836I" duration="00:00:00.0003605" startTime="2025-11-14T22:28:09.6566886+01:00" endTime="2025-11-14T22:28:09.6566889+01:00" testType="13cdc9d9-ddb5-4fa4-a97d-d965ccfc6d4b" outcome="Passed" testListId="8c84fa94-04c1-424b-9868-57a2d4851a1d" relativeResultsDirectory="a2ee9032-d16f-4303-8966-bd7ef57d5778" />
    <UnitTestResult executionId="c4623ae6-634e-4805-bc37-e646c56bf429" testId="c21c89d2-a7b0-d326-de81-c89b39d9b551" testName="ProcessCsvBlobTrigger.Core.Tests.Processors.CsvProcessorTests.ProcessCsvAsync_ChunkCreationError_ReturnsFailure" computerName="DESKTOP-C64836I" duration="00:00:00.0297975" startTime="2025-11-14T22:28:09.7818518+01:00" endTime="2025-11-14T22:28:09.7818523+01:00" testType="13cdc9d9-ddb5-4fa4-a97d-d965ccfc6d4b" outcome="Passed" testListId="8c84fa94-04c1-424b-9868-57a2d4851a1d" relativeResultsDirectory="c4623ae6-634e-4805-bc37-e646c56bf429" />
    <UnitTestResult executionId="684e2e0e-7f1c-4348-8a04-50be8c18f39d" testId="e8616c2f-04f7-19c8-ffa2-cd478beca702" testName="ProcessCsvBlobTrigger.Core.Tests.Interfaces.ProcessingResultTests.Failure_WithErrorMessageOnly_CreatesFailureResult" computerName="DESKTOP-C64836I" duration="00:00:00.0002585" startTime="2025-11-14T22:28:09.5956023+01:00" endTime="2025-11-14T22:28:09.5956025+01:00" testType="13cdc9d9-ddb5-4fa4-a97d-d965ccfc6d4b" outcome="Passed" testListId="8c84fa94-04c1-424b-9868-57a2d4851a1d" relativeResultsDirectory="684e2e0e-7f1c-4348-8a04-50be8c18f39d" />
    <UnitTestResult executionId="38f7ecb5-ccf8-45a0-a3d7-95203bf50b02" testId="18e81fa4-851d-2863-0e0f-a529dc6bb8fb" testName="ProcessCsvBlobTrigger.Core.Tests.Services.LoggingServiceAdapterTests.LogAsync_WithDifferentLevels_LogsCorrectly" computerName="DESKTOP-C64836I" duration="00:00:00.0079271" startTime="2025-11-14T22:28:10.7930350+01:00" endTime="2025-11-14T22:28:10.7930355+01:00" testType="13cdc9d9-ddb5-4fa4-a97d-d965ccfc6d4b" outcome="Passed" testListId="8c84fa94-04c1-424b-9868-57a2d4851a1d" relativeResultsDirectory="38f7ecb5-ccf8-45a0-a3d7-95203bf50b02" />
  </Results>
  <TestDefinitions>
    <UnitTest name="ProcessCsvBlobTrigger.Core.Tests.Services.CsvProcessingServiceTests.CreateChunks_WithEmptyRecords_ReturnsEmptyChunks" storage="c:\users\mario\infrastructure-as-code\azure-functions\processcsvblobtrigger.core.tests\bin\debug\net8.0\processcsvblobtrigger.core.tests.dll" id="14151e32-deae-7245-8079-4bfeb3da5d9b">
      <Execution id="a21e4322-95ff-43c2-a163-c6b10ba11ae9" />
      <TestMethod codeBase="C:\Users\mario\infrastructure-as-code\azure-functions\ProcessCsvBlobTrigger.Core.Tests\bin\Debug\net8.0\ProcessCsvBlobTrigger.Core.Tests.dll" adapterTypeName="executor://xunit/VsTestRunner2/netcoreapp" className="ProcessCsvBlobTrigger.Core.Tests.Services.CsvProcessingServiceTests" name="CreateChunks_WithEmptyRecords_ReturnsEmptyChunks" />
    </UnitTest>
    <UnitTest name="ProcessCsvBlobTrigger.Core.Tests.Services.CsvProcessingServiceTests.CreateChunks_ValidRecords_CreatesChunks" storage="c:\users\mario\infrastructure-as-code\azure-functions\processcsvblobtrigger.core.tests\bin\debug\net8.0\processcsvblobtrigger.core.tests.dll" id="c1fdf84b-2a00-7bdd-f38e-e5fa46bad971">
      <Execution id="73ff2f8c-2409-4d37-a596-5dce5697ccd4" />
      <TestMethod codeBase="C:\Users\mario\infrastructure-as-code\azure-functions\ProcessCsvBlobTrigger.Core.Tests\bin\Debug\net8.0\ProcessCsvBlobTrigger.Core.Tests.dll" adapterTypeName="executor://xunit/VsTestRunner2/netcoreapp" className="ProcessCsvBlobTrigger.Core.Tests.Services.CsvProcessingServiceTests" name="CreateChunks_ValidRecords_CreatesChunks" />
    </UnitTest>
    <UnitTest name="ProcessCsvBlobTrigger.Core.Tests.Services.DataServiceAdapterTests.ProcessChunksAsync_WithValidChunks_InsertsData" storage="c:\users\mario\infrastructure-as-code\azure-functions\processcsvblobtrigger.core.tests\bin\debug\net8.0\processcsvblobtrigger.core.tests.dll" id="61a8a050-a98e-a07e-9f79-a2fbeb3ecbbf">
      <Execution id="1438567e-1b23-4c84-8c10-7ceac40de8fc" />
      <TestMethod codeBase="C:\Users\mario\infrastructure-as-code\azure-functions\ProcessCsvBlobTrigger.Core.Tests\bin\Debug\net8.0\ProcessCsvBlobTrigger.Core.Tests.dll" adapterTypeName="executor://xunit/VsTestRunner2/netcoreapp" className="ProcessCsvBlobTrigger.Core.Tests.Services.DataServiceAdapterTests" name="ProcessChunksAsync_WithValidChunks_InsertsData" />
    </UnitTest>
    <UnitTest name="ProcessCsvBlobTrigger.Core.Tests.Services.CsvProcessingServiceTests.ParseCsv_OnlyHeaders_ReturnsEmptyList" storage="c:\users\mario\infrastructure-as-code\azure-functions\processcsvblobtrigger.core.tests\bin\debug\net8.0\processcsvblobtrigger.core.tests.dll" id="afeb89df-c0bf-8388-0828-d20b0d5f10ee">
      <Execution id="518c43fe-aeae-42e8-bb1f-dfe1e55bd66c" />
      <TestMethod codeBase="C:\Users\mario\infrastructure-as-code\azure-functions\ProcessCsvBlobTrigger.Core.Tests\bin\Debug\net8.0\ProcessCsvBlobTrigger.Core.Tests.dll" adapterTypeName="executor://xunit/VsTestRunner2/netcoreapp" className="ProcessCsvBlobTrigger.Core.Tests.Services.CsvProcessingServiceTests" name="ParseCsv_OnlyHeaders_ReturnsEmptyList" />
    </UnitTest>
    <UnitTest name="ProcessCsvBlobTrigger.Core.Tests.Services.LoggingServiceTests.LogAsync_DatabaseFailure_DoesNotThrow" storage="c:\users\mario\infrastructure-as-code\azure-functions\processcsvblobtrigger.core.tests\bin\debug\net8.0\processcsvblobtrigger.core.tests.dll" id="237424e1-710f-7317-0222-bcf16ff18196">
      <Execution id="7c03301d-97ba-4f08-b0f9-7a2388599de9" />
      <TestMethod codeBase="C:\Users\mario\infrastructure-as-code\azure-functions\ProcessCsvBlobTrigger.Core.Tests\bin\Debug\net8.0\ProcessCsvBlobTrigger.Core.Tests.dll" adapterTypeName="executor://xunit/VsTestRunner2/netcoreapp" className="ProcessCsvBlobTrigger.Core.Tests.Services.LoggingServiceTests" name="LogAsync_DatabaseFailure_DoesNotThrow" />
    </UnitTest>
    <UnitTest name="ProcessCsvBlobTrigger.Core.Tests.Services.CsvProcessingServiceTests.ParseCsv_EmptyContent_ReturnsEmptyList" storage="c:\users\mario\infrastructure-as-code\azure-functions\processcsvblobtrigger.core.tests\bin\debug\net8.0\processcsvblobtrigger.core.tests.dll" id="77396a42-ca0c-4c2f-1b2b-d8962b421e6e">
      <Execution id="c9094485-0eac-47a2-a141-5759036ea55a" />
      <TestMethod codeBase="C:\Users\mario\infrastructure-as-code\azure-functions\ProcessCsvBlobTrigger.Core.Tests\bin\Debug\net8.0\ProcessCsvBlobTrigger.Core.Tests.dll" adapterTypeName="executor://xunit/VsTestRunner2/netcoreapp" className="ProcessCsvBlobTrigger.Core.Tests.Services.CsvProcessingServiceTests" name="ParseCsv_EmptyContent_ReturnsEmptyList" />
    </UnitTest>
    <UnitTest name="ProcessCsvBlobTrigger.Core.Tests.Processors.CsvProcessorTests.ProcessCsvAsync_ValidCsv_ReturnsSuccess" storage="c:\users\mario\infrastructure-as-code\azure-functions\processcsvblobtrigger.core.tests\bin\debug\net8.0\processcsvblobtrigger.core.tests.dll" id="128df1f6-2dba-6f9d-2722-acbbb446697a">
      <Execution id="510e2243-be81-4e2a-83d3-18042ea380a4" />
      <TestMethod codeBase="C:\Users\mario\infrastructure-as-code\azure-functions\ProcessCsvBlobTrigger.Core.Tests\bin\Debug\net8.0\ProcessCsvBlobTrigger.Core.Tests.dll" adapterTypeName="executor://xunit/VsTestRunner2/netcoreapp" className="ProcessCsvBlobTrigger.Core.Tests.Processors.CsvProcessorTests" name="ProcessCsvAsync_ValidCsv_ReturnsSuccess" />
    </UnitTest>
    <UnitTest name="ProcessCsvBlobTrigger.Core.Tests.Processors.CsvProcessorTests.ProcessCsvAsync_ExceptionWithLongStackTrace_TruncatesStackTrace" storage="c:\users\mario\infrastructure-as-code\azure-functions\processcsvblobtrigger.core.tests\bin\debug\net8.0\processcsvblobtrigger.core.tests.dll" id="f19871de-b1b1-9cba-9899-1a7f8fded4d7">
      <Execution id="94ea579e-c100-4e0a-b13b-042a1b0bead0" />
      <TestMethod codeBase="C:\Users\mario\infrastructure-as-code\azure-functions\ProcessCsvBlobTrigger.Core.Tests\bin\Debug\net8.0\ProcessCsvBlobTrigger.Core.Tests.dll" adapterTypeName="executor://xunit/VsTestRunner2/netcoreapp" className="ProcessCsvBlobTrigger.Core.Tests.Processors.CsvProcessorTests" name="ProcessCsvAsync_ExceptionWithLongStackTrace_TruncatesStackTrace" />
    </UnitTest>
    <UnitTest name="ProcessCsvBlobTrigger.Core.Tests.Services.DataServiceAdapterTests.EnsureDatabaseCreatedAsync_WithNullContext_ThrowsException" storage="c:\users\mario\infrastructure-as-code\azure-functions\processcsvblobtrigger.core.tests\bin\debug\net8.0\processcsvblobtrigger.core.tests.dll" id="3fc2190e-6ec7-7ae6-eb97-a226d8437d93">
      <Execution id="d1ad8352-a950-4512-9f04-355d6243e6f0" />
      <TestMethod codeBase="C:\Users\mario\infrastructure-as-code\azure-functions\ProcessCsvBlobTrigger.Core.Tests\bin\Debug\net8.0\ProcessCsvBlobTrigger.Core.Tests.dll" adapterTypeName="executor://xunit/VsTestRunner2/netcoreapp" className="ProcessCsvBlobTrigger.Core.Tests.Services.DataServiceAdapterTests" name="EnsureDatabaseCreatedAsync_WithNullContext_ThrowsException" />
    </UnitTest>
    <UnitTest name="ProcessCsvBlobTrigger.Core.Tests.Services.CsvProcessingServiceTests.CreateChunks_WithExactly100Records_CreatesSingleChunk" storage="c:\users\mario\infrastructure-as-code\azure-functions\processcsvblobtrigger.core.tests\bin\debug\net8.0\processcsvblobtrigger.core.tests.dll" id="7652f7a4-b779-e119-2d34-df5614761ae9">
      <Execution id="e2b95ac5-0065-4b5c-abc2-cb97e896330e" />
      <TestMethod codeBase="C:\Users\mario\infrastructure-as-code\azure-functions\ProcessCsvBlobTrigger.Core.Tests\bin\Debug\net8.0\ProcessCsvBlobTrigger.Core.Tests.dll" adapterTypeName="executor://xunit/VsTestRunner2/netcoreapp" className="ProcessCsvBlobTrigger.Core.Tests.Services.CsvProcessingServiceTests" name="CreateChunks_WithExactly100Records_CreatesSingleChunk" />
    </UnitTest>
    <UnitTest name="ProcessCsvBlobTrigger.Core.Tests.Services.DataServiceAdapterTests.ProcessChunksAsync_WithEmptyChunks_DoesNotThrow" storage="c:\users\mario\infrastructure-as-code\azure-functions\processcsvblobtrigger.core.tests\bin\debug\net8.0\processcsvblobtrigger.core.tests.dll" id="8e51390e-1efa-5daa-8425-b64ef80e5360">
      <Execution id="7391e303-b284-4d4c-b7ae-833f4c88353b" />
      <TestMethod codeBase="C:\Users\mario\infrastructure-as-code\azure-functions\ProcessCsvBlobTrigger.Core.Tests\bin\Debug\net8.0\ProcessCsvBlobTrigger.Core.Tests.dll" adapterTypeName="executor://xunit/VsTestRunner2/netcoreapp" className="ProcessCsvBlobTrigger.Core.Tests.Services.DataServiceAdapterTests" name="ProcessChunksAsync_WithEmptyChunks_DoesNotThrow" />
    </UnitTest>
    <UnitTest name="ProcessCsvBlobTrigger.Core.Tests.Services.DataServiceAdapterTests.ProcessChunksAsync_WithNullRecordsInChunk_SkipsNullRecords" storage="c:\users\mario\infrastructure-as-code\azure-functions\processcsvblobtrigger.core.tests\bin\debug\net8.0\processcsvblobtrigger.core.tests.dll" id="15f1b4a6-3114-206b-d21f-1f712f09cf35">
      <Execution id="c6170cdf-da82-4bee-ab00-cd2d70429a04" />
      <TestMethod codeBase="C:\Users\mario\infrastructure-as-code\azure-functions\ProcessCsvBlobTrigger.Core.Tests\bin\Debug\net8.0\ProcessCsvBlobTrigger.Core.Tests.dll" adapterTypeName="executor://xunit/VsTestRunner2/netcoreapp" className="ProcessCsvBlobTrigger.Core.Tests.Services.DataServiceAdapterTests" name="ProcessChunksAsync_WithNullRecordsInChunk_SkipsNullRecords" />
    </UnitTest>
    <UnitTest name="ProcessCsvBlobTrigger.Core.Tests.Services.CsvProcessingServiceTests.ParseCsv_WithQuotedValues_HandlesQuotes" storage="c:\users\mario\infrastructure-as-code\azure-functions\processcsvblobtrigger.core.tests\bin\debug\net8.0\processcsvblobtrigger.core.tests.dll" id="db5d2e57-e82d-2131-f47e-5949ef75f3d2">
      <Execution id="a38a6360-5848-4ad7-836e-b3abf9cf797d" />
      <TestMethod codeBase="C:\Users\mario\infrastructure-as-code\azure-functions\ProcessCsvBlobTrigger.Core.Tests\bin\Debug\net8.0\ProcessCsvBlobTrigger.Core.Tests.dll" adapterTypeName="executor://xunit/VsTestRunner2/netcoreapp" className="ProcessCsvBlobTrigger.Core.Tests.Services.CsvProcessingServiceTests" name="ParseCsv_WithQuotedValues_HandlesQuotes" />
    </UnitTest>
    <UnitTest name="ProcessCsvBlobTrigger.Core.Tests.Processors.CsvProcessorTests.ProcessCsvAsync_ChunkCreationError_ReturnsFailure" storage="c:\users\mario\infrastructure-as-code\azure-functions\processcsvblobtrigger.core.tests\bin\debug\net8.0\processcsvblobtrigger.core.tests.dll" id="c21c89d2-a7b0-d326-de81-c89b39d9b551">
      <Execution id="c4623ae6-634e-4805-bc37-e646c56bf429" />
      <TestMethod codeBase="C:\Users\mario\infrastructure-as-code\azure-functions\ProcessCsvBlobTrigger.Core.Tests\bin\Debug\net8.0\ProcessCsvBlobTrigger.Core.Tests.dll" adapterTypeName="executor://xunit/VsTestRunner2/netcoreapp" className="ProcessCsvBlobTrigger.Core.Tests.Processors.CsvProcessorTests" name="ProcessCsvAsync_ChunkCreationError_ReturnsFailure" />
    </UnitTest>
    <UnitTest name="ProcessCsvBlobTrigger.Core.Tests.Services.LoggingServiceAdapterTests.LogAsync_WithContext_LogsToDatabase" storage="c:\users\mario\infrastructure-as-code\azure-functions\processcsvblobtrigger.core.tests\bin\debug\net8.0\processcsvblobtrigger.core.tests.dll" id="6ebc215c-7667-df10-a807-db0a9ca941f7">
      <Execution id="a70c09c0-8a62-46c9-a7d3-b0c9fd80bcba" />
      <TestMethod codeBase="C:\Users\mario\infrastructure-as-code\azure-functions\ProcessCsvBlobTrigger.Core.Tests\bin\Debug\net8.0\ProcessCsvBlobTrigger.Core.Tests.dll" adapterTypeName="executor://xunit/VsTestRunner2/netcoreapp" className="ProcessCsvBlobTrigger.Core.Tests.Services.LoggingServiceAdapterTests" name="LogAsync_WithContext_LogsToDatabase" />
    </UnitTest>
    <UnitTest name="ProcessCsvBlobTrigger.Core.Tests.Services.CsvProcessingServiceTests.CreateChunks_WithInvalidId_ExcludesRecord" storage="c:\users\mario\infrastructure-as-code\azure-functions\processcsvblobtrigger.core.tests\bin\debug\net8.0\processcsvblobtrigger.core.tests.dll" id="5b9490ba-fd58-3719-d8c1-946c25f35324">
      <Execution id="a2ee9032-d16f-4303-8966-bd7ef57d5778" />
      <TestMethod codeBase="C:\Users\mario\infrastructure-as-code\azure-functions\ProcessCsvBlobTrigger.Core.Tests\bin\Debug\net8.0\ProcessCsvBlobTrigger.Core.Tests.dll" adapterTypeName="executor://xunit/VsTestRunner2/netcoreapp" className="ProcessCsvBlobTrigger.Core.Tests.Services.CsvProcessingServiceTests" name="CreateChunks_WithInvalidId_ExcludesRecord" />
    </UnitTest>
    <UnitTest name="ProcessCsvBlobTrigger.Core.Tests.Processors.CsvProcessorTests.ProcessCsvAsync_NullChunksAfterCreation_ReturnsSuccess" storage="c:\users\mario\infrastructure-as-code\azure-functions\processcsvblobtrigger.core.tests\bin\debug\net8.0\processcsvblobtrigger.core.tests.dll" id="1b0be1bb-7f8c-33c2-9d42-a2bd6446de21">
      <Execution id="fe41276f-f4a9-4b3e-9160-5b02e5c2ea14" />
      <TestMethod codeBase="C:\Users\mario\infrastructure-as-code\azure-functions\ProcessCsvBlobTrigger.Core.Tests\bin\Debug\net8.0\ProcessCsvBlobTrigger.Core.Tests.dll" adapterTypeName="executor://xunit/VsTestRunner2/netcoreapp" className="ProcessCsvBlobTrigger.Core.Tests.Processors.CsvProcessorTests" name="ProcessCsvAsync_NullChunksAfterCreation_ReturnsSuccess" />
    </UnitTest>
    <UnitTest name="ProcessCsvBlobTrigger.Core.Tests.Services.CsvProcessingServiceTests.CreateChunks_WithInvalidAge_ParsesAsZero" storage="c:\users\mario\infrastructure-as-code\azure-functions\processcsvblobtrigger.core.tests\bin\debug\net8.0\processcsvblobtrigger.core.tests.dll" id="54cbd2c9-2c14-5d7c-788b-55433ddc37c8">
      <Execution id="8c23fbd7-0d56-4871-bacd-a38485f5e318" />
      <TestMethod codeBase="C:\Users\mario\infrastructure-as-code\azure-functions\ProcessCsvBlobTrigger.Core.Tests\bin\Debug\net8.0\ProcessCsvBlobTrigger.Core.Tests.dll" adapterTypeName="executor://xunit/VsTestRunner2/netcoreapp" className="ProcessCsvBlobTrigger.Core.Tests.Services.CsvProcessingServiceTests" name="CreateChunks_WithInvalidAge_ParsesAsZero" />
    </UnitTest>
    <UnitTest name="ProcessCsvBlobTrigger.Core.Tests.Processors.CsvProcessorTests.ProcessCsvAsync_ProcessingError_ReturnsFailure" storage="c:\users\mario\infrastructure-as-code\azure-functions\processcsvblobtrigger.core.tests\bin\debug\net8.0\processcsvblobtrigger.core.tests.dll" id="c1c02c32-581a-abb7-14bd-b5d813cb54b0">
      <Execution id="f01a6985-2e5d-418c-b3bf-b7ace2972919" />
      <TestMethod codeBase="C:\Users\mario\infrastructure-as-code\azure-functions\ProcessCsvBlobTrigger.Core.Tests\bin\Debug\net8.0\ProcessCsvBlobTrigger.Core.Tests.dll" adapterTypeName="executor://xunit/VsTestRunner2/netcoreapp" className="ProcessCsvBlobTrigger.Core.Tests.Processors.CsvProcessorTests" name="ProcessCsvAsync_ProcessingError_ReturnsFailure" />
    </UnitTest>
    <UnitTest name="ProcessCsvBlobTrigger.Core.Tests.Processors.CsvProcessorTests.ProcessCsvAsync_EmptyCsv_ReturnsSuccessWithZeroRecords" storage="c:\users\mario\infrastructure-as-code\azure-functions\processcsvblobtrigger.core.tests\bin\debug\net8.0\processcsvblobtrigger.core.tests.dll" id="f712aff6-b880-9cdd-ef28-9276311b592c">
      <Execution id="a8731f76-51d2-4d25-8b0d-b0b41fd56e6b" />
      <TestMethod codeBase="C:\Users\mario\infrastructure-as-code\azure-functions\ProcessCsvBlobTrigger.Core.Tests\bin\Debug\net8.0\ProcessCsvBlobTrigger.Core.Tests.dll" adapterTypeName="executor://xunit/VsTestRunner2/netcoreapp" className="ProcessCsvBlobTrigger.Core.Tests.Processors.CsvProcessorTests" name="ProcessCsvAsync_EmptyCsv_ReturnsSuccessWithZeroRecords" />
    </UnitTest>
    <UnitTest name="ProcessCsvBlobTrigger.Core.Tests.Processors.CsvProcessorTests.ProcessCsvAsync_EncodingError_ReturnsFailure" storage="c:\users\mario\infrastructure-as-code\azure-functions\processcsvblobtrigger.core.tests\bin\debug\net8.0\processcsvblobtrigger.core.tests.dll" id="7fa69f16-9d63-fc00-9fef-9d262e39b9ae">
      <Execution id="632b635f-e56d-4fcc-b635-70ed96805c2b" />
      <TestMethod codeBase="C:\Users\mario\infrastructure-as-code\azure-functions\ProcessCsvBlobTrigger.Core.Tests\bin\Debug\net8.0\ProcessCsvBlobTrigger.Core.Tests.dll" adapterTypeName="executor://xunit/VsTestRunner2/netcoreapp" className="ProcessCsvBlobTrigger.Core.Tests.Processors.CsvProcessorTests" name="ProcessCsvAsync_EncodingError_ReturnsFailure" />
    </UnitTest>
    <UnitTest name="ProcessCsvBlobTrigger.Core.Tests.Services.LoggingServiceAdapterTests.LogAsync_WithEmptyMessage_UsesDefaultMessage" storage="c:\users\mario\infrastructure-as-code\azure-functions\processcsvblobtrigger.core.tests\bin\debug\net8.0\processcsvblobtrigger.core.tests.dll" id="edd1ea20-3e82-7852-763f-2bdcd63fa462">
      <Execution id="8ba98a66-4283-46b6-b07c-6b0207789b5a" />
      <TestMethod codeBase="C:\Users\mario\infrastructure-as-code\azure-functions\ProcessCsvBlobTrigger.Core.Tests\bin\Debug\net8.0\ProcessCsvBlobTrigger.Core.Tests.dll" adapterTypeName="executor://xunit/VsTestRunner2/netcoreapp" className="ProcessCsvBlobTrigger.Core.Tests.Services.LoggingServiceAdapterTests" name="LogAsync_WithEmptyMessage_UsesDefaultMessage" />
    </UnitTest>
    <UnitTest name="ProcessCsvBlobTrigger.Core.Tests.Processors.CsvProcessorTests.ProcessCsvAsync_NullBlobName_HandlesGracefully" storage="c:\users\mario\infrastructure-as-code\azure-functions\processcsvblobtrigger.core.tests\bin\debug\net8.0\processcsvblobtrigger.core.tests.dll" id="f6f31c17-f448-96b9-5e0b-4ad05376715a">
      <Execution id="d41e84e2-0826-422c-847c-3d19540bdabb" />
      <TestMethod codeBase="C:\Users\mario\infrastructure-as-code\azure-functions\ProcessCsvBlobTrigger.Core.Tests\bin\Debug\net8.0\ProcessCsvBlobTrigger.Core.Tests.dll" adapterTypeName="executor://xunit/VsTestRunner2/netcoreapp" className="ProcessCsvBlobTrigger.Core.Tests.Processors.CsvProcessorTests" name="ProcessCsvAsync_NullBlobName_HandlesGracefully" />
    </UnitTest>
    <UnitTest name="ProcessCsvBlobTrigger.Core.Tests.Services.LoggingServiceAdapterTests.LogAsync_WithCancellationToken_RespectsCancellation" storage="c:\users\mario\infrastructure-as-code\azure-functions\processcsvblobtrigger.core.tests\bin\debug\net8.0\processcsvblobtrigger.core.tests.dll" id="58ba8fdd-9e1f-32ef-d7ad-177dd3283bbe">
      <Execution id="104b0284-09a1-4f1c-acb2-69081fc8c7e7" />
      <TestMethod codeBase="C:\Users\mario\infrastructure-as-code\azure-functions\ProcessCsvBlobTrigger.Core.Tests\bin\Debug\net8.0\ProcessCsvBlobTrigger.Core.Tests.dll" adapterTypeName="executor://xunit/VsTestRunner2/netcoreapp" className="ProcessCsvBlobTrigger.Core.Tests.Services.LoggingServiceAdapterTests" name="LogAsync_WithCancellationToken_RespectsCancellation" />
    </UnitTest>
    <UnitTest name="ProcessCsvBlobTrigger.Core.Tests.Processors.CsvProcessorTests.ProcessCsvAsync_WithCancellationToken_RespectsCancellation" storage="c:\users\mario\infrastructure-as-code\azure-functions\processcsvblobtrigger.core.tests\bin\debug\net8.0\processcsvblobtrigger.core.tests.dll" id="eb492079-2fdf-5aa4-cbe1-acef3b3306dc">
      <Execution id="68880b0f-210c-48ff-8ffe-015a4b6222a4" />
      <TestMethod codeBase="C:\Users\mario\infrastructure-as-code\azure-functions\ProcessCsvBlobTrigger.Core.Tests\bin\Debug\net8.0\ProcessCsvBlobTrigger.Core.Tests.dll" adapterTypeName="executor://xunit/VsTestRunner2/netcoreapp" className="ProcessCsvBlobTrigger.Core.Tests.Processors.CsvProcessorTests" name="ProcessCsvAsync_WithCancellationToken_RespectsCancellation" />
    </UnitTest>
    <UnitTest name="ProcessCsvBlobTrigger.Core.Tests.Services.CsvProcessingServiceTests.CreateChunks_RecordsWithoutId_ExcludesFromChunks" storage="c:\users\mario\infrastructure-as-code\azure-functions\processcsvblobtrigger.core.tests\bin\debug\net8.0\processcsvblobtrigger.core.tests.dll" id="7189cdbb-26e6-1188-3b5a-99446cbb0818">
      <Execution id="7d550e94-e755-4e64-aa6c-10103c84c65d" />
      <TestMethod codeBase="C:\Users\mario\infrastructure-as-code\azure-functions\ProcessCsvBlobTrigger.Core.Tests\bin\Debug\net8.0\ProcessCsvBlobTrigger.Core.Tests.dll" adapterTypeName="executor://xunit/VsTestRunner2/netcoreapp" className="ProcessCsvBlobTrigger.Core.Tests.Services.CsvProcessingServiceTests" name="CreateChunks_RecordsWithoutId_ExcludesFromChunks" />
    </UnitTest>
    <UnitTest name="ProcessCsvBlobTrigger.Core.Tests.Services.CsvProcessingServiceTests.ParseCsv_ValidCsv_ReturnsRecords" storage="c:\users\mario\infrastructure-as-code\azure-functions\processcsvblobtrigger.core.tests\bin\debug\net8.0\processcsvblobtrigger.core.tests.dll" id="a2312269-4b44-2eda-25eb-72409db9a764">
      <Execution id="131a4efc-d0a6-459e-8368-cc94f5fa41e2" />
      <TestMethod codeBase="C:\Users\mario\infrastructure-as-code\azure-functions\ProcessCsvBlobTrigger.Core.Tests\bin\Debug\net8.0\ProcessCsvBlobTrigger.Core.Tests.dll" adapterTypeName="executor://xunit/VsTestRunner2/netcoreapp" className="ProcessCsvBlobTrigger.Core.Tests.Services.CsvProcessingServiceTests" name="ParseCsv_ValidCsv_ReturnsRecords" />
    </UnitTest>
    <UnitTest name="ProcessCsvBlobTrigger.Core.Tests.Processors.CsvProcessorTests.ProcessCsvAsync_EmptyChunksAfterCreation_ReturnsSuccess" storage="c:\users\mario\infrastructure-as-code\azure-functions\processcsvblobtrigger.core.tests\bin\debug\net8.0\processcsvblobtrigger.core.tests.dll" id="476c84a2-389c-4852-9d67-b4411a6d5697">
      <Execution id="658b4c74-2637-4cca-8923-5a8ef8e72788" />
      <TestMethod codeBase="C:\Users\mario\infrastructure-as-code\azure-functions\ProcessCsvBlobTrigger.Core.Tests\bin\Debug\net8.0\ProcessCsvBlobTrigger.Core.Tests.dll" adapterTypeName="executor://xunit/VsTestRunner2/netcoreapp" className="ProcessCsvBlobTrigger.Core.Tests.Processors.CsvProcessorTests" name="ProcessCsvAsync_EmptyChunksAfterCreation_ReturnsSuccess" />
    </UnitTest>
    <UnitTest name="ProcessCsvBlobTrigger.Core.Tests.Processors.CsvProcessorTests.ProcessCsvAsync_ExceptionWithNullStackTrace_HandlesGracefully" storage="c:\users\mario\infrastructure-as-code\azure-functions\processcsvblobtrigger.core.tests\bin\debug\net8.0\processcsvblobtrigger.core.tests.dll" id="19385a11-fbb8-d842-4606-0aac7bcf626e">
      <Execution id="30ed8011-2e14-47c8-97c2-712395491ee1" />
      <TestMethod codeBase="C:\Users\mario\infrastructure-as-code\azure-functions\ProcessCsvBlobTrigger.Core.Tests\bin\Debug\net8.0\ProcessCsvBlobTrigger.Core.Tests.dll" adapterTypeName="executor://xunit/VsTestRunner2/netcoreapp" className="ProcessCsvBlobTrigger.Core.Tests.Processors.CsvProcessorTests" name="ProcessCsvAsync_ExceptionWithNullStackTrace_HandlesGracefully" />
    </UnitTest>
    <UnitTest name="ProcessCsvBlobTrigger.Core.Tests.Services.DataServiceAdapterTests.ProcessChunksAsync_WithEmptyChunk_SkipsEmptyChunk" storage="c:\users\mario\infrastructure-as-code\azure-functions\processcsvblobtrigger.core.tests\bin\debug\net8.0\processcsvblobtrigger.core.tests.dll" id="72640ea2-2c6b-fc25-263d-37cb47888e6d">
      <Execution id="606bf3c9-4ff8-4aed-8f35-72b107398b3a" />
      <TestMethod codeBase="C:\Users\mario\infrastructure-as-code\azure-functions\ProcessCsvBlobTrigger.Core.Tests\bin\Debug\net8.0\ProcessCsvBlobTrigger.Core.Tests.dll" adapterTypeName="executor://xunit/VsTestRunner2/netcoreapp" className="ProcessCsvBlobTrigger.Core.Tests.Services.DataServiceAdapterTests" name="ProcessChunksAsync_WithEmptyChunk_SkipsEmptyChunk" />
    </UnitTest>
    <UnitTest name="ProcessCsvBlobTrigger.Core.Tests.Services.LoggingServiceAdapterTests.LogAsync_WithoutContext_LogsToLogger" storage="c:\users\mario\infrastructure-as-code\azure-functions\processcsvblobtrigger.core.tests\bin\debug\net8.0\processcsvblobtrigger.core.tests.dll" id="92bb14d4-f940-1dd3-b0df-b2d542fc38bb">
      <Execution id="a2df55ab-8e4e-4c18-82c3-62c54beec14b" />
      <TestMethod codeBase="C:\Users\mario\infrastructure-as-code\azure-functions\ProcessCsvBlobTrigger.Core.Tests\bin\Debug\net8.0\ProcessCsvBlobTrigger.Core.Tests.dll" adapterTypeName="executor://xunit/VsTestRunner2/netcoreapp" className="ProcessCsvBlobTrigger.Core.Tests.Services.LoggingServiceAdapterTests" name="LogAsync_WithoutContext_LogsToLogger" />
    </UnitTest>
    <UnitTest name="ProcessCsvBlobTrigger.Core.Tests.Services.LoggingServiceAdapterTests.LogAsync_WithDifferentLevels_LogsCorrectly" storage="c:\users\mario\infrastructure-as-code\azure-functions\processcsvblobtrigger.core.tests\bin\debug\net8.0\processcsvblobtrigger.core.tests.dll" id="18e81fa4-851d-2863-0e0f-a529dc6bb8fb">
      <Execution id="38f7ecb5-ccf8-45a0-a3d7-95203bf50b02" />
      <TestMethod codeBase="C:\Users\mario\infrastructure-as-code\azure-functions\ProcessCsvBlobTrigger.Core.Tests\bin\Debug\net8.0\ProcessCsvBlobTrigger.Core.Tests.dll" adapterTypeName="executor://xunit/VsTestRunner2/netcoreapp" className="ProcessCsvBlobTrigger.Core.Tests.Services.LoggingServiceAdapterTests" name="LogAsync_WithDifferentLevels_LogsCorrectly" />
    </UnitTest>
    <UnitTest name="ProcessCsvBlobTrigger.Core.Tests.Services.LoggingServiceTests.LogAsync_WithValidData_LogsToDatabase" storage="c:\users\mario\infrastructure-as-code\azure-functions\processcsvblobtrigger.core.tests\bin\debug\net8.0\processcsvblobtrigger.core.tests.dll" id="7c7e8dd0-9d05-3532-e052-8a691f51fc76">
      <Execution id="7e3d5ee0-0e7e-4e87-ad1c-837e3346d726" />
      <TestMethod codeBase="C:\Users\mario\infrastructure-as-code\azure-functions\ProcessCsvBlobTrigger.Core.Tests\bin\Debug\net8.0\ProcessCsvBlobTrigger.Core.Tests.dll" adapterTypeName="executor://xunit/VsTestRunner2/netcoreapp" className="ProcessCsvBlobTrigger.Core.Tests.Services.LoggingServiceTests" name="LogAsync_WithValidData_LogsToDatabase" />
    </UnitTest>
    <UnitTest name="ProcessCsvBlobTrigger.Core.Tests.Services.CsvProcessingServiceTests.ParseCsv_WithNullInput_ReturnsEmptyList" storage="c:\users\mario\infrastructure-as-code\azure-functions\processcsvblobtrigger.core.tests\bin\debug\net8.0\processcsvblobtrigger.core.tests.dll" id="dc883e21-1285-42e5-6003-5c5db0b5274e">
      <Execution id="e8276c2d-83db-4070-96b5-a1f1387278f6" />
      <TestMethod codeBase="C:\Users\mario\infrastructure-as-code\azure-functions\ProcessCsvBlobTrigger.Core.Tests\bin\Debug\net8.0\ProcessCsvBlobTrigger.Core.Tests.dll" adapterTypeName="executor://xunit/VsTestRunner2/netcoreapp" className="ProcessCsvBlobTrigger.Core.Tests.Services.CsvProcessingServiceTests" name="ParseCsv_WithNullInput_ReturnsEmptyList" />
    </UnitTest>
    <UnitTest name="ProcessCsvBlobTrigger.Core.Tests.Services.LoggingServiceAdapterTests.LogAsync_WithNullLevel_UsesUnknown" storage="c:\users\mario\infrastructure-as-code\azure-functions\processcsvblobtrigger.core.tests\bin\debug\net8.0\processcsvblobtrigger.core.tests.dll" id="36be49c6-7ba4-f768-3d0c-7b18ef0fe322">
      <Execution id="b1a2f2b0-b926-4925-b58b-57e709385d3a" />
      <TestMethod codeBase="C:\Users\mario\infrastructure-as-code\azure-functions\ProcessCsvBlobTrigger.Core.Tests\bin\Debug\net8.0\ProcessCsvBlobTrigger.Core.Tests.dll" adapterTypeName="executor://xunit/VsTestRunner2/netcoreapp" className="ProcessCsvBlobTrigger.Core.Tests.Services.LoggingServiceAdapterTests" name="LogAsync_WithNullLevel_UsesUnknown" />
    </UnitTest>
    <UnitTest name="ProcessCsvBlobTrigger.Core.Tests.Services.LoggingServiceAdapterTests.LogAsync_DatabaseFailure_FallsBackToLogger" storage="c:\users\mario\infrastructure-as-code\azure-functions\processcsvblobtrigger.core.tests\bin\debug\net8.0\processcsvblobtrigger.core.tests.dll" id="3c4ee524-9655-7028-b3ca-4678683564a5">
      <Execution id="4bf40e22-5a92-4252-92a6-43548ef9b0d2" />
      <TestMethod codeBase="C:\Users\mario\infrastructure-as-code\azure-functions\ProcessCsvBlobTrigger.Core.Tests\bin\Debug\net8.0\ProcessCsvBlobTrigger.Core.Tests.dll" adapterTypeName="executor://xunit/VsTestRunner2/netcoreapp" className="ProcessCsvBlobTrigger.Core.Tests.Services.LoggingServiceAdapterTests" name="LogAsync_DatabaseFailure_FallsBackToLogger" />
    </UnitTest>
    <UnitTest name="ProcessCsvBlobTrigger.Core.Tests.Services.LoggingServiceTests.LogBatchAsync_WithMultipleLogs_LogsAll" storage="c:\users\mario\infrastructure-as-code\azure-functions\processcsvblobtrigger.core.tests\bin\debug\net8.0\processcsvblobtrigger.core.tests.dll" id="3e6e78aa-3677-02ee-e2e3-42029fc906e9">
      <Execution id="a8347154-020b-4580-a7e3-0ed291de6878" />
      <TestMethod codeBase="C:\Users\mario\infrastructure-as-code\azure-functions\ProcessCsvBlobTrigger.Core.Tests\bin\Debug\net8.0\ProcessCsvBlobTrigger.Core.Tests.dll" adapterTypeName="executor://xunit/VsTestRunner2/netcoreapp" className="ProcessCsvBlobTrigger.Core.Tests.Services.LoggingServiceTests" name="LogBatchAsync_WithMultipleLogs_LogsAll" />
    </UnitTest>
    <UnitTest name="ProcessCsvBlobTrigger.Core.Tests.Services.CsvProcessingServiceTests.CreateChunks_MoreThan100Records_CreatesMultipleChunks" storage="c:\users\mario\infrastructure-as-code\azure-functions\processcsvblobtrigger.core.tests\bin\debug\net8.0\processcsvblobtrigger.core.tests.dll" id="3983da57-7be5-724e-1da8-3e02f314a47c">
      <Execution id="a4bf11bb-2f3f-4ec6-927f-5b45d7aa30f9" />
      <TestMethod codeBase="C:\Users\mario\infrastructure-as-code\azure-functions\ProcessCsvBlobTrigger.Core.Tests\bin\Debug\net8.0\ProcessCsvBlobTrigger.Core.Tests.dll" adapterTypeName="executor://xunit/VsTestRunner2/netcoreapp" className="ProcessCsvBlobTrigger.Core.Tests.Services.CsvProcessingServiceTests" name="CreateChunks_MoreThan100Records_CreatesMultipleChunks" />
    </UnitTest>
    <UnitTest name="ProcessCsvBlobTrigger.Core.Tests.Processors.CsvProcessorTests.ProcessCsvAsync_CsvParsingError_ReturnsFailure" storage="c:\users\mario\infrastructure-as-code\azure-functions\processcsvblobtrigger.core.tests\bin\debug\net8.0\processcsvblobtrigger.core.tests.dll" id="3351a487-70da-6598-8f8c-1ccace68142e">
      <Execution id="7493246d-42ae-49ab-9115-a145168fb0e1" />
      <TestMethod codeBase="C:\Users\mario\infrastructure-as-code\azure-functions\ProcessCsvBlobTrigger.Core.Tests\bin\Debug\net8.0\ProcessCsvBlobTrigger.Core.Tests.dll" adapterTypeName="executor://xunit/VsTestRunner2/netcoreapp" className="ProcessCsvBlobTrigger.Core.Tests.Processors.CsvProcessorTests" name="ProcessCsvAsync_CsvParsingError_ReturnsFailure" />
    </UnitTest>
    <UnitTest name="ProcessCsvBlobTrigger.Core.Tests.Services.CsvProcessingServiceTests.ParseCsv_WithWhitespace_TrimsValues" storage="c:\users\mario\infrastructure-as-code\azure-functions\processcsvblobtrigger.core.tests\bin\debug\net8.0\processcsvblobtrigger.core.tests.dll" id="802ba86f-52f2-b3a4-c4b3-a272a5e45c08">
      <Execution id="c736e2c4-feb9-4cdc-9758-6db5747908c3" />
      <TestMethod codeBase="C:\Users\mario\infrastructure-as-code\azure-functions\ProcessCsvBlobTrigger.Core.Tests\bin\Debug\net8.0\ProcessCsvBlobTrigger.Core.Tests.dll" adapterTypeName="executor://xunit/VsTestRunner2/netcoreapp" className="ProcessCsvBlobTrigger.Core.Tests.Services.CsvProcessingServiceTests" name="ParseCsv_WithWhitespace_TrimsValues" />
    </UnitTest>
    <UnitTest name="ProcessCsvBlobTrigger.Core.Tests.Services.CsvProcessingServiceTests.ParseCsv_WithMissingValues_FillsWithEmptyString" storage="c:\users\mario\infrastructure-as-code\azure-functions\processcsvblobtrigger.core.tests\bin\debug\net8.0\processcsvblobtrigger.core.tests.dll" id="3c7d87b7-acc5-efc7-6edd-22a5a5730365">
      <Execution id="b79eed04-35bf-47f2-a97f-214201cca33e" />
      <TestMethod codeBase="C:\Users\mario\infrastructure-as-code\azure-functions\ProcessCsvBlobTrigger.Core.Tests\bin\Debug\net8.0\ProcessCsvBlobTrigger.Core.Tests.dll" adapterTypeName="executor://xunit/VsTestRunner2/netcoreapp" className="ProcessCsvBlobTrigger.Core.Tests.Services.CsvProcessingServiceTests" name="ParseCsv_WithMissingValues_FillsWithEmptyString" />
    </UnitTest>
    <UnitTest name="ProcessCsvBlobTrigger.Core.Tests.Interfaces.ProcessingResultTests.Failure_WithNullException_CreatesFailureResult" storage="c:\users\mario\infrastructure-as-code\azure-functions\processcsvblobtrigger.core.tests\bin\debug\net8.0\processcsvblobtrigger.core.tests.dll" id="193a11f6-4b17-d1ef-c250-c0fe4cb25126">
      <Execution id="1167b581-fbdd-4def-a5be-085ec5ea93c3" />
      <TestMethod codeBase="C:\Users\mario\infrastructure-as-code\azure-functions\ProcessCsvBlobTrigger.Core.Tests\bin\Debug\net8.0\ProcessCsvBlobTrigger.Core.Tests.dll" adapterTypeName="executor://xunit/VsTestRunner2/netcoreapp" className="ProcessCsvBlobTrigger.Core.Tests.Interfaces.ProcessingResultTests" name="Failure_WithNullException_CreatesFailureResult" />
    </UnitTest>
    <UnitTest name="ProcessCsvBlobTrigger.Core.Tests.Services.LoggingServiceTests.LogAsync_WithNullDetails_LogsWithoutDetails" storage="c:\users\mario\infrastructure-as-code\azure-functions\processcsvblobtrigger.core.tests\bin\debug\net8.0\processcsvblobtrigger.core.tests.dll" id="bc5d880c-54f3-bcc5-7fbb-701c93c8718c">
      <Execution id="d8ad96bd-82da-4ace-8233-267ce4e0aa5a" />
      <TestMethod codeBase="C:\Users\mario\infrastructure-as-code\azure-functions\ProcessCsvBlobTrigger.Core.Tests\bin\Debug\net8.0\ProcessCsvBlobTrigger.Core.Tests.dll" adapterTypeName="executor://xunit/VsTestRunner2/netcoreapp" className="ProcessCsvBlobTrigger.Core.Tests.Services.LoggingServiceTests" name="LogAsync_WithNullDetails_LogsWithoutDetails" />
    </UnitTest>
    <UnitTest name="ProcessCsvBlobTrigger.Core.Tests.Services.CsvProcessingServiceTests.CreateChunks_WithNullRecords_ThrowsException" storage="c:\users\mario\infrastructure-as-code\azure-functions\processcsvblobtrigger.core.tests\bin\debug\net8.0\processcsvblobtrigger.core.tests.dll" id="8736b63c-f968-5aff-855b-76925d34d7f0">
      <Execution id="4139b6bb-def8-4566-a9d8-ac2d78f26a16" />
      <TestMethod codeBase="C:\Users\mario\infrastructure-as-code\azure-functions\ProcessCsvBlobTrigger.Core.Tests\bin\Debug\net8.0\ProcessCsvBlobTrigger.Core.Tests.dll" adapterTypeName="executor://xunit/VsTestRunner2/netcoreapp" className="ProcessCsvBlobTrigger.Core.Tests.Services.CsvProcessingServiceTests" name="CreateChunks_WithNullRecords_ThrowsException" />
    </UnitTest>
    <UnitTest name="ProcessCsvBlobTrigger.Core.Tests.Processors.CsvProcessorTests.ProcessCsvAsync_ExceptionWithNullMessage_HandlesGracefully" storage="c:\users\mario\infrastructure-as-code\azure-functions\processcsvblobtrigger.core.tests\bin\debug\net8.0\processcsvblobtrigger.core.tests.dll" id="11587d91-4107-723e-fb0a-3cb17303ad50">
      <Execution id="9cb42451-25e6-4827-83bc-5216c79f2723" />
      <TestMethod codeBase="C:\Users\mario\infrastructure-as-code\azure-functions\ProcessCsvBlobTrigger.Core.Tests\bin\Debug\net8.0\ProcessCsvBlobTrigger.Core.Tests.dll" adapterTypeName="executor://xunit/VsTestRunner2/netcoreapp" className="ProcessCsvBlobTrigger.Core.Tests.Processors.CsvProcessorTests" name="ProcessCsvAsync_ExceptionWithNullMessage_HandlesGracefully" />
    </UnitTest>
    <UnitTest name="ProcessCsvBlobTrigger.Core.Tests.Processors.CsvProcessorTests.ProcessCsvAsync_LoggerThrowsException_HandlesGracefully" storage="c:\users\mario\infrastructure-as-code\azure-functions\processcsvblobtrigger.core.tests\bin\debug\net8.0\processcsvblobtrigger.core.tests.dll" id="62957e48-67df-0988-3f57-3bc105c2a7b8">
      <Execution id="6c7d0fc2-0c1c-4eed-8e35-3ac12ae584b3" />
      <TestMethod codeBase="C:\Users\mario\infrastructure-as-code\azure-functions\ProcessCsvBlobTrigger.Core.Tests\bin\Debug\net8.0\ProcessCsvBlobTrigger.Core.Tests.dll" adapterTypeName="executor://xunit/VsTestRunner2/netcoreapp" className="ProcessCsvBlobTrigger.Core.Tests.Processors.CsvProcessorTests" name="ProcessCsvAsync_LoggerThrowsException_HandlesGracefully" />
    </UnitTest>
    <UnitTest name="ProcessCsvBlobTrigger.Core.Tests.Interfaces.ProcessingResultTests.Failure_WithErrorMessageOnly_CreatesFailureResult" storage="c:\users\mario\infrastructure-as-code\azure-functions\processcsvblobtrigger.core.tests\bin\debug\net8.0\processcsvblobtrigger.core.tests.dll" id="e8616c2f-04f7-19c8-ffa2-cd478beca702">
      <Execution id="684e2e0e-7f1c-4348-8a04-50be8c18f39d" />
      <TestMethod codeBase="C:\Users\mario\infrastructure-as-code\azure-functions\ProcessCsvBlobTrigger.Core.Tests\bin\Debug\net8.0\ProcessCsvBlobTrigger.Core.Tests.dll" adapterTypeName="executor://xunit/VsTestRunner2/netcoreapp" className="ProcessCsvBlobTrigger.Core.Tests.Interfaces.ProcessingResultTests" name="Failure_WithErrorMessageOnly_CreatesFailureResult" />
    </UnitTest>
    <UnitTest name="ProcessCsvBlobTrigger.Core.Tests.Services.LoggingServiceTests.LogBatchAsync_WithEmptyList_DoesNotThrow" storage="c:\users\mario\infrastructure-as-code\azure-functions\processcsvblobtrigger.core.tests\bin\debug\net8.0\processcsvblobtrigger.core.tests.dll" id="7d69da49-7f91-e29f-5cfe-038ad49eaba0">
      <Execution id="115dbbda-c391-4f83-99eb-83dbb4bb8022" />
      <TestMethod codeBase="C:\Users\mario\infrastructure-as-code\azure-functions\ProcessCsvBlobTrigger.Core.Tests\bin\Debug\net8.0\ProcessCsvBlobTrigger.Core.Tests.dll" adapterTypeName="executor://xunit/VsTestRunner2/netcoreapp" className="ProcessCsvBlobTrigger.Core.Tests.Services.LoggingServiceTests" name="LogBatchAsync_WithEmptyList_DoesNotThrow" />
    </UnitTest>
    <UnitTest name="ProcessCsvBlobTrigger.Core.Tests.Processors.CsvProcessorTests.ProcessCsvAsync_NullBlobContent_ReturnsFailure" storage="c:\users\mario\infrastructure-as-code\azure-functions\processcsvblobtrigger.core.tests\bin\debug\net8.0\processcsvblobtrigger.core.tests.dll" id="5219aabb-a4d6-3d14-e2de-9f32a83c3293">
      <Execution id="ec262687-b504-47d4-80e3-0024888e76c6" />
      <TestMethod codeBase="C:\Users\mario\infrastructure-as-code\azure-functions\ProcessCsvBlobTrigger.Core.Tests\bin\Debug\net8.0\ProcessCsvBlobTrigger.Core.Tests.dll" adapterTypeName="executor://xunit/VsTestRunner2/netcoreapp" className="ProcessCsvBlobTrigger.Core.Tests.Processors.CsvProcessorTests" name="ProcessCsvAsync_NullBlobContent_ReturnsFailure" />
    </UnitTest>
    <UnitTest name="ProcessCsvBlobTrigger.Core.Tests.Services.DataServiceAdapterTests.ProcessChunksAsync_WithNullChunks_DoesNotThrow" storage="c:\users\mario\infrastructure-as-code\azure-functions\processcsvblobtrigger.core.tests\bin\debug\net8.0\processcsvblobtrigger.core.tests.dll" id="d83d9b2d-8ca8-4d4b-9919-af7972cf1502">
      <Execution id="be2c8084-ea58-4bd0-83a9-4432c58f1a33" />
      <TestMethod codeBase="C:\Users\mario\infrastructure-as-code\azure-functions\ProcessCsvBlobTrigger.Core.Tests\bin\Debug\net8.0\ProcessCsvBlobTrigger.Core.Tests.dll" adapterTypeName="executor://xunit/VsTestRunner2/netcoreapp" className="ProcessCsvBlobTrigger.Core.Tests.Services.DataServiceAdapterTests" name="ProcessChunksAsync_WithNullChunks_DoesNotThrow" />
    </UnitTest>
    <UnitTest name="ProcessCsvBlobTrigger.Core.Tests.Interfaces.ProcessingResultTests.Failure_WithErrorMessage_CreatesFailureResult" storage="c:\users\mario\infrastructure-as-code\azure-functions\processcsvblobtrigger.core.tests\bin\debug\net8.0\processcsvblobtrigger.core.tests.dll" id="4f5d0bf6-7352-a8df-9ebb-022f5a7d6ade">
      <Execution id="3e6a83db-9973-412c-84cf-1b8203904233" />
      <TestMethod codeBase="C:\Users\mario\infrastructure-as-code\azure-functions\ProcessCsvBlobTrigger.Core.Tests\bin\Debug\net8.0\ProcessCsvBlobTrigger.Core.Tests.dll" adapterTypeName="executor://xunit/VsTestRunner2/netcoreapp" className="ProcessCsvBlobTrigger.Core.Tests.Interfaces.ProcessingResultTests" name="Failure_WithErrorMessage_CreatesFailureResult" />
    </UnitTest>
    <UnitTest name="ProcessCsvBlobTrigger.Core.Tests.Processors.CsvProcessorTests.ProcessCsvAsync_LoggingServiceThrowsException_HandlesGracefully" storage="c:\users\mario\infrastructure-as-code\azure-functions\processcsvblobtrigger.core.tests\bin\debug\net8.0\processcsvblobtrigger.core.tests.dll" id="e3a2c054-f3b5-58a9-b9f6-111b07136d0a">
      <Execution id="1da41237-13d1-4491-a463-d80101a62e35" />
      <TestMethod codeBase="C:\Users\mario\infrastructure-as-code\azure-functions\ProcessCsvBlobTrigger.Core.Tests\bin\Debug\net8.0\ProcessCsvBlobTrigger.Core.Tests.dll" adapterTypeName="executor://xunit/VsTestRunner2/netcoreapp" className="ProcessCsvBlobTrigger.Core.Tests.Processors.CsvProcessorTests" name="ProcessCsvAsync_LoggingServiceThrowsException_HandlesGracefully" />
    </UnitTest>
    <UnitTest name="ProcessCsvBlobTrigger.Core.Tests.Services.DataServiceAdapterTests.ProcessChunksAsync_WithMultipleChunks_ProcessesSequentially" storage="c:\users\mario\infrastructure-as-code\azure-functions\processcsvblobtrigger.core.tests\bin\debug\net8.0\processcsvblobtrigger.core.tests.dll" id="a5f190e2-b70f-5d95-d0dd-7f9676a0187c">
      <Execution id="4f3319db-af23-4445-8329-ee5342bd1899" />
      <TestMethod codeBase="C:\Users\mario\infrastructure-as-code\azure-functions\ProcessCsvBlobTrigger.Core.Tests\bin\Debug\net8.0\ProcessCsvBlobTrigger.Core.Tests.dll" adapterTypeName="executor://xunit/VsTestRunner2/netcoreapp" className="ProcessCsvBlobTrigger.Core.Tests.Services.DataServiceAdapterTests" name="ProcessChunksAsync_WithMultipleChunks_ProcessesSequentially" />
    </UnitTest>
    <UnitTest name="ProcessCsvBlobTrigger.Core.Tests.Services.CsvProcessingServiceTests.CreateChunks_WithInvalidSalary_ParsesAsZero" storage="c:\users\mario\infrastructure-as-code\azure-functions\processcsvblobtrigger.core.tests\bin\debug\net8.0\processcsvblobtrigger.core.tests.dll" id="64076717-ce7d-623e-0340-b9aaeacaaba3">
      <Execution id="03ecbe78-ca6d-43a7-9b90-20d4b69e05c8" />
      <TestMethod codeBase="C:\Users\mario\infrastructure-as-code\azure-functions\ProcessCsvBlobTrigger.Core.Tests\bin\Debug\net8.0\ProcessCsvBlobTrigger.Core.Tests.dll" adapterTypeName="executor://xunit/VsTestRunner2/netcoreapp" className="ProcessCsvBlobTrigger.Core.Tests.Services.CsvProcessingServiceTests" name="CreateChunks_WithInvalidSalary_ParsesAsZero" />
    </UnitTest>
    <UnitTest name="ProcessCsvBlobTrigger.Core.Tests.Services.CsvProcessingServiceTests.ParseCsv_WithOnlyWhitespace_ReturnsEmptyList" storage="c:\users\mario\infrastructure-as-code\azure-functions\processcsvblobtrigger.core.tests\bin\debug\net8.0\processcsvblobtrigger.core.tests.dll" id="74d72e77-8c60-4861-d286-c867b0460289">
      <Execution id="5f9a0278-c4c7-4bad-84ca-e4deea67e57b" />
      <TestMethod codeBase="C:\Users\mario\infrastructure-as-code\azure-functions\ProcessCsvBlobTrigger.Core.Tests\bin\Debug\net8.0\ProcessCsvBlobTrigger.Core.Tests.dll" adapterTypeName="executor://xunit/VsTestRunner2/netcoreapp" className="ProcessCsvBlobTrigger.Core.Tests.Services.CsvProcessingServiceTests" name="ParseCsv_WithOnlyWhitespace_ReturnsEmptyList" />
    </UnitTest>
    <UnitTest name="ProcessCsvBlobTrigger.Core.Tests.Services.DataServiceAdapterTests.EnsureDatabaseCreatedAsync_WithValidContext_CreatesDatabase" storage="c:\users\mario\infrastructure-as-code\azure-functions\processcsvblobtrigger.core.tests\bin\debug\net8.0\processcsvblobtrigger.core.tests.dll" id="0ca7e333-3a0e-171d-ecba-ad9588f818a1">
      <Execution id="dfda706a-ad86-4fe6-87ef-4277327557bb" />
      <TestMethod codeBase="C:\Users\mario\infrastructure-as-code\azure-functions\ProcessCsvBlobTrigger.Core.Tests\bin\Debug\net8.0\ProcessCsvBlobTrigger.Core.Tests.dll" adapterTypeName="executor://xunit/VsTestRunner2/netcoreapp" className="ProcessCsvBlobTrigger.Core.Tests.Services.DataServiceAdapterTests" name="EnsureDatabaseCreatedAsync_WithValidContext_CreatesDatabase" />
    </UnitTest>
  </TestDefinitions>
  <TestEntries>
    <TestEntry testId="15f1b4a6-3114-206b-d21f-1f712f09cf35" executionId="c6170cdf-da82-4bee-ab00-cd2d70429a04" testListId="8c84fa94-04c1-424b-9868-57a2d4851a1d" />
    <TestEntry testId="128df1f6-2dba-6f9d-2722-acbbb446697a" executionId="510e2243-be81-4e2a-83d3-18042ea380a4" testListId="8c84fa94-04c1-424b-9868-57a2d4851a1d" />
    <TestEntry testId="6ebc215c-7667-df10-a807-db0a9ca941f7" executionId="a70c09c0-8a62-46c9-a7d3-b0c9fd80bcba" testListId="8c84fa94-04c1-424b-9868-57a2d4851a1d" />
    <TestEntry testId="edd1ea20-3e82-7852-763f-2bdcd63fa462" executionId="8ba98a66-4283-46b6-b07c-6b0207789b5a" testListId="8c84fa94-04c1-424b-9868-57a2d4851a1d" />
    <TestEntry testId="92bb14d4-f940-1dd3-b0df-b2d542fc38bb" executionId="a2df55ab-8e4e-4c18-82c3-62c54beec14b" testListId="8c84fa94-04c1-424b-9868-57a2d4851a1d" />
    <TestEntry testId="a5f190e2-b70f-5d95-d0dd-7f9676a0187c" executionId="4f3319db-af23-4445-8329-ee5342bd1899" testListId="8c84fa94-04c1-424b-9868-57a2d4851a1d" />
    <TestEntry testId="7fa69f16-9d63-fc00-9fef-9d262e39b9ae" executionId="632b635f-e56d-4fcc-b635-70ed96805c2b" testListId="8c84fa94-04c1-424b-9868-57a2d4851a1d" />
    <TestEntry testId="eb492079-2fdf-5aa4-cbe1-acef3b3306dc" executionId="68880b0f-210c-48ff-8ffe-015a4b6222a4" testListId="8c84fa94-04c1-424b-9868-57a2d4851a1d" />
    <TestEntry testId="5219aabb-a4d6-3d14-e2de-9f32a83c3293" executionId="ec262687-b504-47d4-80e3-0024888e76c6" testListId="8c84fa94-04c1-424b-9868-57a2d4851a1d" />
    <TestEntry testId="d83d9b2d-8ca8-4d4b-9919-af7972cf1502" executionId="be2c8084-ea58-4bd0-83a9-4432c58f1a33" testListId="8c84fa94-04c1-424b-9868-57a2d4851a1d" />
    <TestEntry testId="19385a11-fbb8-d842-4606-0aac7bcf626e" executionId="30ed8011-2e14-47c8-97c2-712395491ee1" testListId="8c84fa94-04c1-424b-9868-57a2d4851a1d" />
    <TestEntry testId="14151e32-deae-7245-8079-4bfeb3da5d9b" executionId="a21e4322-95ff-43c2-a163-c6b10ba11ae9" testListId="8c84fa94-04c1-424b-9868-57a2d4851a1d" />
    <TestEntry testId="f712aff6-b880-9cdd-ef28-9276311b592c" executionId="a8731f76-51d2-4d25-8b0d-b0b41fd56e6b" testListId="8c84fa94-04c1-424b-9868-57a2d4851a1d" />
    <TestEntry testId="0ca7e333-3a0e-171d-ecba-ad9588f818a1" executionId="dfda706a-ad86-4fe6-87ef-4277327557bb" testListId="8c84fa94-04c1-424b-9868-57a2d4851a1d" />
    <TestEntry testId="3c7d87b7-acc5-efc7-6edd-22a5a5730365" executionId="b79eed04-35bf-47f2-a97f-214201cca33e" testListId="8c84fa94-04c1-424b-9868-57a2d4851a1d" />
    <TestEntry testId="58ba8fdd-9e1f-32ef-d7ad-177dd3283bbe" executionId="104b0284-09a1-4f1c-acb2-69081fc8c7e7" testListId="8c84fa94-04c1-424b-9868-57a2d4851a1d" />
    <TestEntry testId="3983da57-7be5-724e-1da8-3e02f314a47c" executionId="a4bf11bb-2f3f-4ec6-927f-5b45d7aa30f9" testListId="8c84fa94-04c1-424b-9868-57a2d4851a1d" />
    <TestEntry testId="62957e48-67df-0988-3f57-3bc105c2a7b8" executionId="6c7d0fc2-0c1c-4eed-8e35-3ac12ae584b3" testListId="8c84fa94-04c1-424b-9868-57a2d4851a1d" />
    <TestEntry testId="db5d2e57-e82d-2131-f47e-5949ef75f3d2" executionId="a38a6360-5848-4ad7-836e-b3abf9cf797d" testListId="8c84fa94-04c1-424b-9868-57a2d4851a1d" />
    <TestEntry testId="3c4ee524-9655-7028-b3ca-4678683564a5" executionId="4bf40e22-5a92-4252-92a6-43548ef9b0d2" testListId="8c84fa94-04c1-424b-9868-57a2d4851a1d" />
    <TestEntry testId="7652f7a4-b779-e119-2d34-df5614761ae9" executionId="e2b95ac5-0065-4b5c-abc2-cb97e896330e" testListId="8c84fa94-04c1-424b-9868-57a2d4851a1d" />
    <TestEntry testId="f19871de-b1b1-9cba-9899-1a7f8fded4d7" executionId="94ea579e-c100-4e0a-b13b-042a1b0bead0" testListId="8c84fa94-04c1-424b-9868-57a2d4851a1d" />
    <TestEntry testId="c1fdf84b-2a00-7bdd-f38e-e5fa46bad971" executionId="73ff2f8c-2409-4d37-a596-5dce5697ccd4" testListId="8c84fa94-04c1-424b-9868-57a2d4851a1d" />
    <TestEntry testId="c1c02c32-581a-abb7-14bd-b5d813cb54b0" executionId="f01a6985-2e5d-418c-b3bf-b7ace2972919" testListId="8c84fa94-04c1-424b-9868-57a2d4851a1d" />
    <TestEntry testId="61a8a050-a98e-a07e-9f79-a2fbeb3ecbbf" executionId="1438567e-1b23-4c84-8c10-7ceac40de8fc" testListId="8c84fa94-04c1-424b-9868-57a2d4851a1d" />
    <TestEntry testId="3e6e78aa-3677-02ee-e2e3-42029fc906e9" executionId="a8347154-020b-4580-a7e3-0ed291de6878" testListId="8c84fa94-04c1-424b-9868-57a2d4851a1d" />
    <TestEntry testId="11587d91-4107-723e-fb0a-3cb17303ad50" executionId="9cb42451-25e6-4827-83bc-5216c79f2723" testListId="8c84fa94-04c1-424b-9868-57a2d4851a1d" />
    <TestEntry testId="4f5d0bf6-7352-a8df-9ebb-022f5a7d6ade" executionId="3e6a83db-9973-412c-84cf-1b8203904233" testListId="8c84fa94-04c1-424b-9868-57a2d4851a1d" />
    <TestEntry testId="72640ea2-2c6b-fc25-263d-37cb47888e6d" executionId="606bf3c9-4ff8-4aed-8f35-72b107398b3a" testListId="8c84fa94-04c1-424b-9868-57a2d4851a1d" />
    <TestEntry testId="64076717-ce7d-623e-0340-b9aaeacaaba3" executionId="03ecbe78-ca6d-43a7-9b90-20d4b69e05c8" testListId="8c84fa94-04c1-424b-9868-57a2d4851a1d" />
    <TestEntry testId="7d69da49-7f91-e29f-5cfe-038ad49eaba0" executionId="115dbbda-c391-4f83-99eb-83dbb4bb8022" testListId="8c84fa94-04c1-424b-9868-57a2d4851a1d" />
    <TestEntry testId="8736b63c-f968-5aff-855b-76925d34d7f0" executionId="4139b6bb-def8-4566-a9d8-ac2d78f26a16" testListId="8c84fa94-04c1-424b-9868-57a2d4851a1d" />
    <TestEntry testId="476c84a2-389c-4852-9d67-b4411a6d5697" executionId="658b4c74-2637-4cca-8923-5a8ef8e72788" testListId="8c84fa94-04c1-424b-9868-57a2d4851a1d" />
    <TestEntry testId="54cbd2c9-2c14-5d7c-788b-55433ddc37c8" executionId="8c23fbd7-0d56-4871-bacd-a38485f5e318" testListId="8c84fa94-04c1-424b-9868-57a2d4851a1d" />
    <TestEntry testId="74d72e77-8c60-4861-d286-c867b0460289" executionId="5f9a0278-c4c7-4bad-84ca-e4deea67e57b" testListId="8c84fa94-04c1-424b-9868-57a2d4851a1d" />
    <TestEntry testId="1b0be1bb-7f8c-33c2-9d42-a2bd6446de21" executionId="fe41276f-f4a9-4b3e-9160-5b02e5c2ea14" testListId="8c84fa94-04c1-424b-9868-57a2d4851a1d" />
    <TestEntry testId="7189cdbb-26e6-1188-3b5a-99446cbb0818" executionId="7d550e94-e755-4e64-aa6c-10103c84c65d" testListId="8c84fa94-04c1-424b-9868-57a2d4851a1d" />
    <TestEntry testId="bc5d880c-54f3-bcc5-7fbb-701c93c8718c" executionId="d8ad96bd-82da-4ace-8233-267ce4e0aa5a" testListId="8c84fa94-04c1-424b-9868-57a2d4851a1d" />
    <TestEntry testId="36be49c6-7ba4-f768-3d0c-7b18ef0fe322" executionId="b1a2f2b0-b926-4925-b58b-57e709385d3a" testListId="8c84fa94-04c1-424b-9868-57a2d4851a1d" />
    <TestEntry testId="3fc2190e-6ec7-7ae6-eb97-a226d8437d93" executionId="d1ad8352-a950-4512-9f04-355d6243e6f0" testListId="8c84fa94-04c1-424b-9868-57a2d4851a1d" />
    <TestEntry testId="193a11f6-4b17-d1ef-c250-c0fe4cb25126" executionId="1167b581-fbdd-4def-a5be-085ec5ea93c3" testListId="8c84fa94-04c1-424b-9868-57a2d4851a1d" />
    <TestEntry testId="f6f31c17-f448-96b9-5e0b-4ad05376715a" executionId="d41e84e2-0826-422c-847c-3d19540bdabb" testListId="8c84fa94-04c1-424b-9868-57a2d4851a1d" />
    <TestEntry testId="802ba86f-52f2-b3a4-c4b3-a272a5e45c08" executionId="c736e2c4-feb9-4cdc-9758-6db5747908c3" testListId="8c84fa94-04c1-424b-9868-57a2d4851a1d" />
    <TestEntry testId="77396a42-ca0c-4c2f-1b2b-d8962b421e6e" executionId="c9094485-0eac-47a2-a141-5759036ea55a" testListId="8c84fa94-04c1-424b-9868-57a2d4851a1d" />
    <TestEntry testId="237424e1-710f-7317-0222-bcf16ff18196" executionId="7c03301d-97ba-4f08-b0f9-7a2388599de9" testListId="8c84fa94-04c1-424b-9868-57a2d4851a1d" />
    <TestEntry testId="e3a2c054-f3b5-58a9-b9f6-111b07136d0a" executionId="1da41237-13d1-4491-a463-d80101a62e35" testListId="8c84fa94-04c1-424b-9868-57a2d4851a1d" />
    <TestEntry testId="3351a487-70da-6598-8f8c-1ccace68142e" executionId="7493246d-42ae-49ab-9115-a145168fb0e1" testListId="8c84fa94-04c1-424b-9868-57a2d4851a1d" />
    <TestEntry testId="dc883e21-1285-42e5-6003-5c5db0b5274e" executionId="e8276c2d-83db-4070-96b5-a1f1387278f6" testListId="8c84fa94-04c1-424b-9868-57a2d4851a1d" />
    <TestEntry testId="8e51390e-1efa-5daa-8425-b64ef80e5360" executionId="7391e303-b284-4d4c-b7ae-833f4c88353b" testListId="8c84fa94-04c1-424b-9868-57a2d4851a1d" />
    <TestEntry testId="7c7e8dd0-9d05-3532-e052-8a691f51fc76" executionId="7e3d5ee0-0e7e-4e87-ad1c-837e3346d726" testListId="8c84fa94-04c1-424b-9868-57a2d4851a1d" />
    <TestEntry testId="a2312269-4b44-2eda-25eb-72409db9a764" executionId="131a4efc-d0a6-459e-8368-cc94f5fa41e2" testListId="8c84fa94-04c1-424b-9868-57a2d4851a1d" />
    <TestEntry testId="afeb89df-c0bf-8388-0828-d20b0d5f10ee" executionId="518c43fe-aeae-42e8-bb1f-dfe1e55bd66c" testListId="8c84fa94-04c1-424b-9868-57a2d4851a1d" />
    <TestEntry testId="5b9490ba-fd58-3719-d8c1-946c25f35324" executionId="a2ee9032-d16f-4303-8966-bd7ef57d5778" testListId="8c84fa94-04c1-424b-9868-57a2d4851a1d" />
    <TestEntry testId="c21c89d2-a7b0-d326-de81-c89b39d9b551" executionId="c4623ae6-634e-4805-bc37-e646c56bf429" testListId="8c84fa94-04c1-424b-9868-57a2d4851a1d" />
    <TestEntry testId="e8616c2f-04f7-19c8-ffa2-cd478beca702" executionId="684e2e0e-7f1c-4348-8a04-50be8c18f39d" testListId="8c84fa94-04c1-424b-9868-57a2d4851a1d" />
    <TestEntry testId="18e81fa4-851d-2863-0e0f-a529dc6bb8fb" executionId="38f7ecb5-ccf8-45a0-a3d7-95203bf50b02" testListId="8c84fa94-04c1-424b-9868-57a2d4851a1d" />
  </TestEntries>
  <TestLists>
    <TestList name="Ergebnisse nicht in einer Liste" id="8c84fa94-04c1-424b-9868-57a2d4851a1d" />
    <TestList name="Alle geladenen Ergebnisse" id="19431567-8539-422a-85d7-44ee4e166bda" />
  </TestLists>
  <ResultSummary outcome="Completed">
    <Counters total="56" executed="56" passed="56" failed="0" error="0" timeout="0" aborted="0" inconclusive="0" passedButRunAborted="0" notRunnable="0" notExecuted="0" disconnected="0" warning="0" completed="0" inProgress="0" pending="0" />
    <Output>
      <StdOut>[xUnit.net 00:00:00.00] xUnit.net VSTest Adapter v2.5.3.1+6b60a9e56a (64-bit .NET 8.0.13)&#xD;
[xUnit.net 00:00:00.20]   Discovering: ProcessCsvBlobTrigger.Core.Tests&#xD;
[xUnit.net 00:00:00.29]   Discovered:  ProcessCsvBlobTrigger.Core.Tests&#xD;
[xUnit.net 00:00:00.29]   Starting:    ProcessCsvBlobTrigger.Core.Tests&#xD;
Failed to log information: Logger failed&#xD;
Failed to log success information: Logger failed&#xD;
Error logging to database: Cannot access a disposed context instance. A common cause of this error is disposing a context instance that was resolved from dependency injection and then later trying to use the same context instance elsewhere in your application. This may occur if you are calling 'Dispose' on the context instance, or wrapping it in a using statement. If you are using dependency injection, you should let the dependency injection container take care of disposing context instances.&#xD;
Object name: 'ApplicationDbContext'.&#xD;
[xUnit.net 00:00:01.61]   Finished:    ProcessCsvBlobTrigger.Core.Tests&#xD;
</StdOut>
    </Output>
  </ResultSummary>
</TestRun>